<?xml version="1.0" encoding="UTF-8"?>
<testsuite xmlns:xsi="http://www.w3.org/2001/XMLSchema-instance" xsi:noNamespaceSchemaLocation="https://maven.apache.org/surefire/maven-surefire-plugin/xsd/surefire-test-report-3.0.xsd" version="3.0" name="TestSuite" time="24.244" tests="1" errors="0" skipped="0" failures="0">
  <properties>
    <property name="java.specification.version" value="21"/>
    <property name="sun.cpu.isalist" value="amd64"/>
    <property name="sun.jnu.encoding" value="Cp1252"/>
    <property name="java.class.path" value="C:\Users\krgouth\OneDrive - Tecnotree\Desktop\File-Upload-service\com.tecnotree.automatiom\target\test-classes;C:\Users\krgouth\OneDrive - Tecnotree\Desktop\File-Upload-service\com.tecnotree.automatiom\target\classes;C:\WINDOWS\system32\config\systemprofile\.m2\repository\io\rest-assured\rest-assured\5.3.1\rest-assured-5.3.1.jar;C:\WINDOWS\system32\config\systemprofile\.m2\repository\org\apache\groovy\groovy\4.0.11\groovy-4.0.11.jar;C:\WINDOWS\system32\config\systemprofile\.m2\repository\org\apache\groovy\groovy-xml\4.0.11\groovy-xml-4.0.11.jar;C:\WINDOWS\system32\config\systemprofile\.m2\repository\org\apache\httpcomponents\httpclient\4.5.13\httpclient-4.5.13.jar;C:\WINDOWS\system32\config\systemprofile\.m2\repository\org\apache\httpcomponents\httpcore\4.4.13\httpcore-4.4.13.jar;C:\WINDOWS\system32\config\systemprofile\.m2\repository\org\apache\httpcomponents\httpmime\4.5.13\httpmime-4.5.13.jar;C:\WINDOWS\system32\config\systemprofile\.m2\repository\org\ccil\cowan\tagsoup\tagsoup\1.2.1\tagsoup-1.2.1.jar;C:\WINDOWS\system32\config\systemprofile\.m2\repository\io\rest-assured\json-path\5.3.1\json-path-5.3.1.jar;C:\WINDOWS\system32\config\systemprofile\.m2\repository\org\apache\groovy\groovy-json\4.0.11\groovy-json-4.0.11.jar;C:\WINDOWS\system32\config\systemprofile\.m2\repository\io\rest-assured\rest-assured-common\5.3.1\rest-assured-common-5.3.1.jar;C:\WINDOWS\system32\config\systemprofile\.m2\repository\io\rest-assured\xml-path\5.3.1\xml-path-5.3.1.jar;C:\WINDOWS\system32\config\systemprofile\.m2\repository\org\json\json\20230618\json-20230618.jar;C:\WINDOWS\system32\config\systemprofile\.m2\repository\com\google\code\gson\gson\2.10.1\gson-2.10.1.jar;C:\WINDOWS\system32\config\systemprofile\.m2\repository\org\testng\testng\7.8.0\testng-7.8.0.jar;C:\WINDOWS\system32\config\systemprofile\.m2\repository\org\slf4j\slf4j-api\1.7.36\slf4j-api-1.7.36.jar;C:\WINDOWS\system32\config\systemprofile\.m2\repository\com\beust\jcommander\1.82\jcommander-1.82.jar;C:\WINDOWS\system32\config\systemprofile\.m2\repository\org\webjars\jquery\3.6.1\jquery-3.6.1.jar;C:\WINDOWS\system32\config\systemprofile\.m2\repository\com\github\scribejava\scribejava-apis\8.3.3\scribejava-apis-8.3.3.jar;C:\WINDOWS\system32\config\systemprofile\.m2\repository\com\github\scribejava\scribejava-core\8.3.3\scribejava-core-8.3.3.jar;C:\WINDOWS\system32\config\systemprofile\.m2\repository\com\github\scribejava\scribejava-java8\8.3.3\scribejava-java8-8.3.3.jar;C:\WINDOWS\system32\config\systemprofile\.m2\repository\jakarta\validation\jakarta.validation-api\3.0.2\jakarta.validation-api-3.0.2.jar;C:\WINDOWS\system32\config\systemprofile\.m2\repository\com\github\javafaker\javafaker\1.0.2\javafaker-1.0.2.jar;C:\WINDOWS\system32\config\systemprofile\.m2\repository\org\apache\commons\commons-lang3\3.5\commons-lang3-3.5.jar;C:\WINDOWS\system32\config\systemprofile\.m2\repository\org\yaml\snakeyaml\1.23\snakeyaml-1.23-android.jar;C:\WINDOWS\system32\config\systemprofile\.m2\repository\com\github\mifmif\generex\1.0.2\generex-1.0.2.jar;C:\WINDOWS\system32\config\systemprofile\.m2\repository\dk\brics\automaton\automaton\1.11-8\automaton-1.11-8.jar;C:\WINDOWS\system32\config\systemprofile\.m2\repository\org\mongodb\mongo-java-driver\3.12.11\mongo-java-driver-3.12.11.jar;C:\WINDOWS\system32\config\systemprofile\.m2\repository\com\jayway\jsonpath\json-path\2.9.0\json-path-2.9.0.jar;C:\WINDOWS\system32\config\systemprofile\.m2\repository\net\minidev\json-smart\2.5.0\json-smart-2.5.0.jar;C:\WINDOWS\system32\config\systemprofile\.m2\repository\net\minidev\accessors-smart\2.5.0\accessors-smart-2.5.0.jar;C:\WINDOWS\system32\config\systemprofile\.m2\repository\org\ow2\asm\asm\9.3\asm-9.3.jar;C:\WINDOWS\system32\config\systemprofile\.m2\repository\net\sf\json-lib\json-lib\2.4\json-lib-2.4-jdk15.jar;C:\WINDOWS\system32\config\systemprofile\.m2\repository\commons-beanutils\commons-beanutils\1.8.0\commons-beanutils-1.8.0.jar;C:\WINDOWS\system32\config\systemprofile\.m2\repository\commons-collections\commons-collections\3.2.1\commons-collections-3.2.1.jar;C:\WINDOWS\system32\config\systemprofile\.m2\repository\commons-lang\commons-lang\2.5\commons-lang-2.5.jar;C:\WINDOWS\system32\config\systemprofile\.m2\repository\commons-logging\commons-logging\1.1.1\commons-logging-1.1.1.jar;C:\WINDOWS\system32\config\systemprofile\.m2\repository\net\sf\ezmorph\ezmorph\1.0.6\ezmorph-1.0.6.jar;C:\WINDOWS\system32\config\systemprofile\.m2\repository\com\mysql\mysql-connector-j\8.1.0\mysql-connector-j-8.1.0.jar;C:\WINDOWS\system32\config\systemprofile\.m2\repository\com\google\protobuf\protobuf-java\3.21.9\protobuf-java-3.21.9.jar;C:\WINDOWS\system32\config\systemprofile\.m2\repository\com\github\mwiede\jsch\0.2.16\jsch-0.2.16.jar;C:\WINDOWS\system32\config\systemprofile\.m2\repository\com\hierynomus\sshj\0.27.0\sshj-0.27.0.jar;C:\WINDOWS\system32\config\systemprofile\.m2\repository\org\bouncycastle\bcprov-jdk15on\1.60\bcprov-jdk15on-1.60.jar;C:\WINDOWS\system32\config\systemprofile\.m2\repository\org\bouncycastle\bcpkix-jdk15on\1.60\bcpkix-jdk15on-1.60.jar;C:\WINDOWS\system32\config\systemprofile\.m2\repository\com\jcraft\jzlib\1.1.3\jzlib-1.1.3.jar;C:\WINDOWS\system32\config\systemprofile\.m2\repository\net\i2p\crypto\eddsa\0.2.0\eddsa-0.2.0.jar;C:\WINDOWS\system32\config\systemprofile\.m2\repository\org\apache\commons\commons-compress\1.23.0\commons-compress-1.23.0.jar;C:\WINDOWS\system32\config\systemprofile\.m2\repository\org\hamcrest\hamcrest\2.2\hamcrest-2.2.jar;C:\WINDOWS\system32\config\systemprofile\.m2\repository\org\projectlombok\lombok\1.18.30\lombok-1.18.30.jar;C:\WINDOWS\system32\config\systemprofile\.m2\repository\com\fasterxml\jackson\core\jackson-databind\2.16.0\jackson-databind-2.16.0.jar;C:\WINDOWS\system32\config\systemprofile\.m2\repository\com\fasterxml\jackson\core\jackson-annotations\2.16.0\jackson-annotations-2.16.0.jar;C:\WINDOWS\system32\config\systemprofile\.m2\repository\com\fasterxml\jackson\core\jackson-core\2.16.0\jackson-core-2.16.0.jar;C:\WINDOWS\system32\config\systemprofile\.m2\repository\org\springframework\boot\spring-boot-starter\2.7.0\spring-boot-starter-2.7.0.jar;C:\WINDOWS\system32\config\systemprofile\.m2\repository\org\springframework\boot\spring-boot\2.7.0\spring-boot-2.7.0.jar;C:\WINDOWS\system32\config\systemprofile\.m2\repository\org\springframework\spring-context\5.3.20\spring-context-5.3.20.jar;C:\WINDOWS\system32\config\systemprofile\.m2\repository\org\springframework\spring-aop\5.3.20\spring-aop-5.3.20.jar;C:\WINDOWS\system32\config\systemprofile\.m2\repository\org\springframework\spring-beans\5.3.20\spring-beans-5.3.20.jar;C:\WINDOWS\system32\config\systemprofile\.m2\repository\org\springframework\spring-expression\5.3.20\spring-expression-5.3.20.jar;C:\WINDOWS\system32\config\systemprofile\.m2\repository\org\springframework\boot\spring-boot-autoconfigure\2.7.0\spring-boot-autoconfigure-2.7.0.jar;C:\WINDOWS\system32\config\systemprofile\.m2\repository\org\springframework\boot\spring-boot-starter-logging\2.7.0\spring-boot-starter-logging-2.7.0.jar;C:\WINDOWS\system32\config\systemprofile\.m2\repository\ch\qos\logback\logback-classic\1.2.11\logback-classic-1.2.11.jar;C:\WINDOWS\system32\config\systemprofile\.m2\repository\ch\qos\logback\logback-core\1.2.11\logback-core-1.2.11.jar;C:\WINDOWS\system32\config\systemprofile\.m2\repository\org\apache\logging\log4j\log4j-to-slf4j\2.17.2\log4j-to-slf4j-2.17.2.jar;C:\WINDOWS\system32\config\systemprofile\.m2\repository\org\slf4j\jul-to-slf4j\1.7.36\jul-to-slf4j-1.7.36.jar;C:\WINDOWS\system32\config\systemprofile\.m2\repository\jakarta\annotation\jakarta.annotation-api\1.3.5\jakarta.annotation-api-1.3.5.jar;C:\WINDOWS\system32\config\systemprofile\.m2\repository\org\springframework\spring-core\5.3.20\spring-core-5.3.20.jar;C:\WINDOWS\system32\config\systemprofile\.m2\repository\org\springframework\spring-jcl\5.3.20\spring-jcl-5.3.20.jar;C:\WINDOWS\system32\config\systemprofile\.m2\repository\org\yaml\snakeyaml\1.30\snakeyaml-1.30.jar;C:\WINDOWS\system32\config\systemprofile\.m2\repository\com\opencsv\opencsv\5.6\opencsv-5.6.jar;C:\WINDOWS\system32\config\systemprofile\.m2\repository\org\apache\commons\commons-text\1.9\commons-text-1.9.jar;C:\WINDOWS\system32\config\systemprofile\.m2\repository\org\apache\commons\commons-collections4\4.4\commons-collections4-4.4.jar;C:\WINDOWS\system32\config\systemprofile\.m2\repository\org\apache\poi\poi\5.2.5\poi-5.2.5.jar;C:\WINDOWS\system32\config\systemprofile\.m2\repository\commons-codec\commons-codec\1.16.0\commons-codec-1.16.0.jar;C:\WINDOWS\system32\config\systemprofile\.m2\repository\org\apache\commons\commons-math3\3.6.1\commons-math3-3.6.1.jar;C:\WINDOWS\system32\config\systemprofile\.m2\repository\commons-io\commons-io\2.15.0\commons-io-2.15.0.jar;C:\WINDOWS\system32\config\systemprofile\.m2\repository\com\zaxxer\SparseBitSet\1.3\SparseBitSet-1.3.jar;C:\WINDOWS\system32\config\systemprofile\.m2\repository\org\apache\logging\log4j\log4j-api\2.21.1\log4j-api-2.21.1.jar;C:\WINDOWS\system32\config\systemprofile\.m2\repository\org\apache\poi\poi-ooxml\5.2.5\poi-ooxml-5.2.5.jar;C:\WINDOWS\system32\config\systemprofile\.m2\repository\org\apache\poi\poi-ooxml-lite\5.2.5\poi-ooxml-lite-5.2.5.jar;C:\WINDOWS\system32\config\systemprofile\.m2\repository\org\apache\xmlbeans\xmlbeans\5.2.0\xmlbeans-5.2.0.jar;C:\WINDOWS\system32\config\systemprofile\.m2\repository\com\github\virtuald\curvesapi\1.08\curvesapi-1.08.jar;C:\WINDOWS\system32\config\systemprofile\.m2\repository\com\aventstack\extentreports\5.1.1\extentreports-5.1.1.jar;C:\WINDOWS\system32\config\systemprofile\.m2\repository\io\reactivex\rxjava3\rxjava\3.1.6\rxjava-3.1.6.jar;C:\WINDOWS\system32\config\systemprofile\.m2\repository\org\reactivestreams\reactive-streams\1.0.4\reactive-streams-1.0.4.jar;C:\WINDOWS\system32\config\systemprofile\.m2\repository\org\freemarker\freemarker\2.3.32\freemarker-2.3.32.jar;"/>
    <property name="java.vm.vendor" value="Oracle Corporation"/>
    <property name="sun.arch.data.model" value="64"/>
    <property name="user.variant" value=""/>
    <property name="java.vendor.url" value="https://java.oracle.com/"/>
    <property name="user.timezone" value="Asia/Calcutta"/>
    <property name="os.name" value="Windows 11"/>
    <property name="java.vm.specification.version" value="21"/>
    <property name="sun.java.launcher" value="SUN_STANDARD"/>
    <property name="user.country" value="US"/>
    <property name="sun.boot.library.path" value="C:\Program Files\Java\jdk-21\bin"/>
    <property name="sun.java.command" value="C:\Windows\Temp\surefire13929161817064685007\surefirebooter-20240709142740163_3.jar C:\Windows\Temp\surefire13929161817064685007 2024-07-09T14-27-39_329-jvmRun1 surefire-20240709142740163_1tmp surefire_0-20240709142740163_2tmp"/>
    <property name="jdk.debug" value="release"/>
    <property name="surefire.test.class.path" value="C:\Users\krgouth\OneDrive - Tecnotree\Desktop\File-Upload-service\com.tecnotree.automatiom\target\test-classes;C:\Users\krgouth\OneDrive - Tecnotree\Desktop\File-Upload-service\com.tecnotree.automatiom\target\classes;C:\WINDOWS\system32\config\systemprofile\.m2\repository\io\rest-assured\rest-assured\5.3.1\rest-assured-5.3.1.jar;C:\WINDOWS\system32\config\systemprofile\.m2\repository\org\apache\groovy\groovy\4.0.11\groovy-4.0.11.jar;C:\WINDOWS\system32\config\systemprofile\.m2\repository\org\apache\groovy\groovy-xml\4.0.11\groovy-xml-4.0.11.jar;C:\WINDOWS\system32\config\systemprofile\.m2\repository\org\apache\httpcomponents\httpclient\4.5.13\httpclient-4.5.13.jar;C:\WINDOWS\system32\config\systemprofile\.m2\repository\org\apache\httpcomponents\httpcore\4.4.13\httpcore-4.4.13.jar;C:\WINDOWS\system32\config\systemprofile\.m2\repository\org\apache\httpcomponents\httpmime\4.5.13\httpmime-4.5.13.jar;C:\WINDOWS\system32\config\systemprofile\.m2\repository\org\ccil\cowan\tagsoup\tagsoup\1.2.1\tagsoup-1.2.1.jar;C:\WINDOWS\system32\config\systemprofile\.m2\repository\io\rest-assured\json-path\5.3.1\json-path-5.3.1.jar;C:\WINDOWS\system32\config\systemprofile\.m2\repository\org\apache\groovy\groovy-json\4.0.11\groovy-json-4.0.11.jar;C:\WINDOWS\system32\config\systemprofile\.m2\repository\io\rest-assured\rest-assured-common\5.3.1\rest-assured-common-5.3.1.jar;C:\WINDOWS\system32\config\systemprofile\.m2\repository\io\rest-assured\xml-path\5.3.1\xml-path-5.3.1.jar;C:\WINDOWS\system32\config\systemprofile\.m2\repository\org\json\json\20230618\json-20230618.jar;C:\WINDOWS\system32\config\systemprofile\.m2\repository\com\google\code\gson\gson\2.10.1\gson-2.10.1.jar;C:\WINDOWS\system32\config\systemprofile\.m2\repository\org\testng\testng\7.8.0\testng-7.8.0.jar;C:\WINDOWS\system32\config\systemprofile\.m2\repository\org\slf4j\slf4j-api\1.7.36\slf4j-api-1.7.36.jar;C:\WINDOWS\system32\config\systemprofile\.m2\repository\com\beust\jcommander\1.82\jcommander-1.82.jar;C:\WINDOWS\system32\config\systemprofile\.m2\repository\org\webjars\jquery\3.6.1\jquery-3.6.1.jar;C:\WINDOWS\system32\config\systemprofile\.m2\repository\com\github\scribejava\scribejava-apis\8.3.3\scribejava-apis-8.3.3.jar;C:\WINDOWS\system32\config\systemprofile\.m2\repository\com\github\scribejava\scribejava-core\8.3.3\scribejava-core-8.3.3.jar;C:\WINDOWS\system32\config\systemprofile\.m2\repository\com\github\scribejava\scribejava-java8\8.3.3\scribejava-java8-8.3.3.jar;C:\WINDOWS\system32\config\systemprofile\.m2\repository\jakarta\validation\jakarta.validation-api\3.0.2\jakarta.validation-api-3.0.2.jar;C:\WINDOWS\system32\config\systemprofile\.m2\repository\com\github\javafaker\javafaker\1.0.2\javafaker-1.0.2.jar;C:\WINDOWS\system32\config\systemprofile\.m2\repository\org\apache\commons\commons-lang3\3.5\commons-lang3-3.5.jar;C:\WINDOWS\system32\config\systemprofile\.m2\repository\org\yaml\snakeyaml\1.23\snakeyaml-1.23-android.jar;C:\WINDOWS\system32\config\systemprofile\.m2\repository\com\github\mifmif\generex\1.0.2\generex-1.0.2.jar;C:\WINDOWS\system32\config\systemprofile\.m2\repository\dk\brics\automaton\automaton\1.11-8\automaton-1.11-8.jar;C:\WINDOWS\system32\config\systemprofile\.m2\repository\org\mongodb\mongo-java-driver\3.12.11\mongo-java-driver-3.12.11.jar;C:\WINDOWS\system32\config\systemprofile\.m2\repository\com\jayway\jsonpath\json-path\2.9.0\json-path-2.9.0.jar;C:\WINDOWS\system32\config\systemprofile\.m2\repository\net\minidev\json-smart\2.5.0\json-smart-2.5.0.jar;C:\WINDOWS\system32\config\systemprofile\.m2\repository\net\minidev\accessors-smart\2.5.0\accessors-smart-2.5.0.jar;C:\WINDOWS\system32\config\systemprofile\.m2\repository\org\ow2\asm\asm\9.3\asm-9.3.jar;C:\WINDOWS\system32\config\systemprofile\.m2\repository\net\sf\json-lib\json-lib\2.4\json-lib-2.4-jdk15.jar;C:\WINDOWS\system32\config\systemprofile\.m2\repository\commons-beanutils\commons-beanutils\1.8.0\commons-beanutils-1.8.0.jar;C:\WINDOWS\system32\config\systemprofile\.m2\repository\commons-collections\commons-collections\3.2.1\commons-collections-3.2.1.jar;C:\WINDOWS\system32\config\systemprofile\.m2\repository\commons-lang\commons-lang\2.5\commons-lang-2.5.jar;C:\WINDOWS\system32\config\systemprofile\.m2\repository\commons-logging\commons-logging\1.1.1\commons-logging-1.1.1.jar;C:\WINDOWS\system32\config\systemprofile\.m2\repository\net\sf\ezmorph\ezmorph\1.0.6\ezmorph-1.0.6.jar;C:\WINDOWS\system32\config\systemprofile\.m2\repository\com\mysql\mysql-connector-j\8.1.0\mysql-connector-j-8.1.0.jar;C:\WINDOWS\system32\config\systemprofile\.m2\repository\com\google\protobuf\protobuf-java\3.21.9\protobuf-java-3.21.9.jar;C:\WINDOWS\system32\config\systemprofile\.m2\repository\com\github\mwiede\jsch\0.2.16\jsch-0.2.16.jar;C:\WINDOWS\system32\config\systemprofile\.m2\repository\com\hierynomus\sshj\0.27.0\sshj-0.27.0.jar;C:\WINDOWS\system32\config\systemprofile\.m2\repository\org\bouncycastle\bcprov-jdk15on\1.60\bcprov-jdk15on-1.60.jar;C:\WINDOWS\system32\config\systemprofile\.m2\repository\org\bouncycastle\bcpkix-jdk15on\1.60\bcpkix-jdk15on-1.60.jar;C:\WINDOWS\system32\config\systemprofile\.m2\repository\com\jcraft\jzlib\1.1.3\jzlib-1.1.3.jar;C:\WINDOWS\system32\config\systemprofile\.m2\repository\net\i2p\crypto\eddsa\0.2.0\eddsa-0.2.0.jar;C:\WINDOWS\system32\config\systemprofile\.m2\repository\org\apache\commons\commons-compress\1.23.0\commons-compress-1.23.0.jar;C:\WINDOWS\system32\config\systemprofile\.m2\repository\org\hamcrest\hamcrest\2.2\hamcrest-2.2.jar;C:\WINDOWS\system32\config\systemprofile\.m2\repository\org\projectlombok\lombok\1.18.30\lombok-1.18.30.jar;C:\WINDOWS\system32\config\systemprofile\.m2\repository\com\fasterxml\jackson\core\jackson-databind\2.16.0\jackson-databind-2.16.0.jar;C:\WINDOWS\system32\config\systemprofile\.m2\repository\com\fasterxml\jackson\core\jackson-annotations\2.16.0\jackson-annotations-2.16.0.jar;C:\WINDOWS\system32\config\systemprofile\.m2\repository\com\fasterxml\jackson\core\jackson-core\2.16.0\jackson-core-2.16.0.jar;C:\WINDOWS\system32\config\systemprofile\.m2\repository\org\springframework\boot\spring-boot-starter\2.7.0\spring-boot-starter-2.7.0.jar;C:\WINDOWS\system32\config\systemprofile\.m2\repository\org\springframework\boot\spring-boot\2.7.0\spring-boot-2.7.0.jar;C:\WINDOWS\system32\config\systemprofile\.m2\repository\org\springframework\spring-context\5.3.20\spring-context-5.3.20.jar;C:\WINDOWS\system32\config\systemprofile\.m2\repository\org\springframework\spring-aop\5.3.20\spring-aop-5.3.20.jar;C:\WINDOWS\system32\config\systemprofile\.m2\repository\org\springframework\spring-beans\5.3.20\spring-beans-5.3.20.jar;C:\WINDOWS\system32\config\systemprofile\.m2\repository\org\springframework\spring-expression\5.3.20\spring-expression-5.3.20.jar;C:\WINDOWS\system32\config\systemprofile\.m2\repository\org\springframework\boot\spring-boot-autoconfigure\2.7.0\spring-boot-autoconfigure-2.7.0.jar;C:\WINDOWS\system32\config\systemprofile\.m2\repository\org\springframework\boot\spring-boot-starter-logging\2.7.0\spring-boot-starter-logging-2.7.0.jar;C:\WINDOWS\system32\config\systemprofile\.m2\repository\ch\qos\logback\logback-classic\1.2.11\logback-classic-1.2.11.jar;C:\WINDOWS\system32\config\systemprofile\.m2\repository\ch\qos\logback\logback-core\1.2.11\logback-core-1.2.11.jar;C:\WINDOWS\system32\config\systemprofile\.m2\repository\org\apache\logging\log4j\log4j-to-slf4j\2.17.2\log4j-to-slf4j-2.17.2.jar;C:\WINDOWS\system32\config\systemprofile\.m2\repository\org\slf4j\jul-to-slf4j\1.7.36\jul-to-slf4j-1.7.36.jar;C:\WINDOWS\system32\config\systemprofile\.m2\repository\jakarta\annotation\jakarta.annotation-api\1.3.5\jakarta.annotation-api-1.3.5.jar;C:\WINDOWS\system32\config\systemprofile\.m2\repository\org\springframework\spring-core\5.3.20\spring-core-5.3.20.jar;C:\WINDOWS\system32\config\systemprofile\.m2\repository\org\springframework\spring-jcl\5.3.20\spring-jcl-5.3.20.jar;C:\WINDOWS\system32\config\systemprofile\.m2\repository\org\yaml\snakeyaml\1.30\snakeyaml-1.30.jar;C:\WINDOWS\system32\config\systemprofile\.m2\repository\com\opencsv\opencsv\5.6\opencsv-5.6.jar;C:\WINDOWS\system32\config\systemprofile\.m2\repository\org\apache\commons\commons-text\1.9\commons-text-1.9.jar;C:\WINDOWS\system32\config\systemprofile\.m2\repository\org\apache\commons\commons-collections4\4.4\commons-collections4-4.4.jar;C:\WINDOWS\system32\config\systemprofile\.m2\repository\org\apache\poi\poi\5.2.5\poi-5.2.5.jar;C:\WINDOWS\system32\config\systemprofile\.m2\repository\commons-codec\commons-codec\1.16.0\commons-codec-1.16.0.jar;C:\WINDOWS\system32\config\systemprofile\.m2\repository\org\apache\commons\commons-math3\3.6.1\commons-math3-3.6.1.jar;C:\WINDOWS\system32\config\systemprofile\.m2\repository\commons-io\commons-io\2.15.0\commons-io-2.15.0.jar;C:\WINDOWS\system32\config\systemprofile\.m2\repository\com\zaxxer\SparseBitSet\1.3\SparseBitSet-1.3.jar;C:\WINDOWS\system32\config\systemprofile\.m2\repository\org\apache\logging\log4j\log4j-api\2.21.1\log4j-api-2.21.1.jar;C:\WINDOWS\system32\config\systemprofile\.m2\repository\org\apache\poi\poi-ooxml\5.2.5\poi-ooxml-5.2.5.jar;C:\WINDOWS\system32\config\systemprofile\.m2\repository\org\apache\poi\poi-ooxml-lite\5.2.5\poi-ooxml-lite-5.2.5.jar;C:\WINDOWS\system32\config\systemprofile\.m2\repository\org\apache\xmlbeans\xmlbeans\5.2.0\xmlbeans-5.2.0.jar;C:\WINDOWS\system32\config\systemprofile\.m2\repository\com\github\virtuald\curvesapi\1.08\curvesapi-1.08.jar;C:\WINDOWS\system32\config\systemprofile\.m2\repository\com\aventstack\extentreports\5.1.1\extentreports-5.1.1.jar;C:\WINDOWS\system32\config\systemprofile\.m2\repository\io\reactivex\rxjava3\rxjava\3.1.6\rxjava-3.1.6.jar;C:\WINDOWS\system32\config\systemprofile\.m2\repository\org\reactivestreams\reactive-streams\1.0.4\reactive-streams-1.0.4.jar;C:\WINDOWS\system32\config\systemprofile\.m2\repository\org\freemarker\freemarker\2.3.32\freemarker-2.3.32.jar;"/>
    <property name="sun.cpu.endian" value="little"/>
    <property name="user.home" value="C:\WINDOWS\system32\config\systemprofile"/>
    <property name="user.language" value="en"/>
    <property name="java.specification.vendor" value="Oracle Corporation"/>
    <property name="java.version.date" value="2024-01-16"/>
    <property name="java.home" value="C:\Program Files\Java\jdk-21"/>
    <property name="file.separator" value="\"/>
    <property name="basedir" value="C:\Users\krgouth\OneDrive - Tecnotree\Desktop\File-Upload-service\com.tecnotree.automatiom"/>
    <property name="java.vm.compressedOopsMode" value="Zero based"/>
    <property name="line.separator" value="&#10;"/>
    <property name="java.vm.specification.vendor" value="Oracle Corporation"/>
    <property name="java.specification.name" value="Java Platform API Specification"/>
    <property name="surefire.real.class.path" value="C:\Windows\Temp\surefire13929161817064685007\surefirebooter-20240709142740163_3.jar"/>
    <property name="user.script" value=""/>
    <property name="sun.management.compiler" value="HotSpot 64-Bit Tiered Compilers"/>
    <property name="java.runtime.version" value="21.0.2+13-LTS-58"/>
    <property name="user.name" value="BAKRGOUTH$"/>
    <property name="stdout.encoding" value="Cp1252"/>
    <property name="path.separator" value=";"/>
    <property name="os.version" value="10.0"/>
    <property name="java.runtime.name" value="Java(TM) SE Runtime Environment"/>
    <property name="file.encoding" value="UTF-8"/>
    <property name="java.vm.name" value="Java HotSpot(TM) 64-Bit Server VM"/>
    <property name="localRepository" value="C:\WINDOWS\system32\config\systemprofile\.m2\repository"/>
    <property name="java.vendor.url.bug" value="https://bugreport.java.com/bugreport/"/>
    <property name="java.io.tmpdir" value="C:\WINDOWS\TEMP\"/>
    <property name="java.version" value="21.0.2"/>
    <property name="user.dir" value="C:\Users\krgouth\OneDrive - Tecnotree\Desktop\File-Upload-service\com.tecnotree.automatiom"/>
    <property name="os.arch" value="amd64"/>
    <property name="java.vm.specification.name" value="Java Virtual Machine Specification"/>
    <property name="sun.os.patch.level" value=""/>
    <property name="native.encoding" value="Cp1252"/>
    <property name="java.library.path" value="C:\Program Files\Java\jdk-21\bin;C:\WINDOWS\Sun\Java\bin;C:\WINDOWS\system32;C:\WINDOWS;C:\Program Files\Java\jdk-21/bin;C:\Program Files\Java\jdk-21/bin;C:\Program Files\Java\jdk-21\bin;C:\Program Files\Common Files\Oracle\Java\javapath;C:\Program Files\Python311\Scripts\;C:\Program Files\Python311\;C:\oraclexe\app\oracle\product\11.2.0\server\bin;C:\WINDOWS\system32;C:\WINDOWS;C:\WINDOWS\System32\Wbem;C:\WINDOWS\System32\WindowsPowerShell\v1.0\;C:\WINDOWS\System32\OpenSSH\;C:\Program Files\Microsoft SQL Server\150\Tools\Binn\;C:\Program Files\Microsoft SQL Server\Client SDK\ODBC\170\Tools\Binn\;C:\Program Files\dotnet\;C:\Program Files\MongoDB\Server\5.0\bin;C:\Program Files (x86)\CheckPoint\Endpoint Security\Endpoint Common\bin;C:\dap\Maven\apache-maven-3.9.6-bin\apache-maven-3.9.6\bin;C:\Program Files\TortoiseGit\bin;%SystemRoot%\system32;%SystemRoot%;%SystemRoot%\System32\Wbem;%SYSTEMROOT%\System32\WindowsPowerShell\v1.0\;%SYSTEMROOT%\System32\OpenSSH\;C:\WINDOWS\system32\config\systemprofile\AppData\Local\Microsoft\WindowsApps;."/>
    <property name="java.vm.info" value="mixed mode, sharing"/>
    <property name="stderr.encoding" value="Cp1252"/>
    <property name="java.vendor" value="Oracle Corporation"/>
    <property name="java.vm.version" value="21.0.2+13-LTS-58"/>
    <property name="sun.io.unicode.encoding" value="UnicodeLittle"/>
    <property name="java.class.version" value="65.0"/>
  </properties>
  <testcase name="JPEG" classname="com.tecnotree.automatiom.File.Upload.Service.Test_002_port_22_172" time="4.103">
    <system-out><![CDATA[14:27:52.532 [main] DEBUG org.testng.TestNG - suiteXmlPath: "C:\Users\krgouth\OneDrive - Tecnotree\Desktop\File-Upload-service\com.tecnotree.automatiom\testng.xml"
Request method:	PUT
Request URI:	https://dap.pe-lab3.bdc-rancher.tecnotree.com/dapFileUploadService/updateConfiguration
Proxy:			<none>
Request params:	<none>
Query params:	<none>
Form params:	<none>
Path params:	<none>
Headers:		Accept=*/*
				Content-Type=application/json
Cookies:		<none>
Multiparts:		<none>
Body:
{
    "serviceName": "localhost 22",
    "serviceId": 8,
    "protocol": "SFTP",
    "timeout": 5000,
    "fileUpload": {
        "nodeId": "9367",
        "timeout": 500,
        "sftpPath": "/home/tecnotree/BulkStorage/"
    }
}
14:28:04.530 [TestNG-test=Test1_Test2_Test3-1] DEBUG org.apache.http.impl.conn.BasicClientConnectionManager - Get connection for route {s}->https://dap.pe-lab3.bdc-rancher.tecnotree.com:443
14:28:04.614 [TestNG-test=Test1_Test2_Test3-1] DEBUG org.apache.http.impl.conn.DefaultClientConnectionOperator - Connecting to dap.pe-lab3.bdc-rancher.tecnotree.com:443
14:28:05.850 [TestNG-test=Test1_Test2_Test3-1] DEBUG org.apache.http.client.protocol.RequestAddCookies - CookieSpec selected: ignoreCookies
14:28:05.853 [TestNG-test=Test1_Test2_Test3-1] DEBUG org.apache.http.client.protocol.RequestAuthCache - Auth cache not set in the context
14:28:05.853 [TestNG-test=Test1_Test2_Test3-1] DEBUG org.apache.http.client.protocol.RequestTargetAuthentication - Target auth state: UNCHALLENGED
14:28:05.854 [TestNG-test=Test1_Test2_Test3-1] DEBUG org.apache.http.client.protocol.RequestProxyAuthentication - Proxy auth state: UNCHALLENGED
14:28:05.855 [TestNG-test=Test1_Test2_Test3-1] DEBUG org.apache.http.impl.client.DefaultHttpClient - Attempt 1 to execute request
14:28:05.855 [TestNG-test=Test1_Test2_Test3-1] DEBUG org.apache.http.impl.conn.DefaultClientConnection - Sending request: PUT /dapFileUploadService/updateConfiguration HTTP/1.1
14:28:05.855 [TestNG-test=Test1_Test2_Test3-1] DEBUG org.apache.http.wire -  >> "PUT /dapFileUploadService/updateConfiguration HTTP/1.1[\r][\n]"
14:28:05.857 [TestNG-test=Test1_Test2_Test3-1] DEBUG org.apache.http.wire -  >> "Accept: */*[\r][\n]"
14:28:05.857 [TestNG-test=Test1_Test2_Test3-1] DEBUG org.apache.http.wire -  >> "Content-Type: application/json[\r][\n]"
14:28:05.859 [TestNG-test=Test1_Test2_Test3-1] DEBUG org.apache.http.wire -  >> "Content-Length: 164[\r][\n]"
14:28:05.860 [TestNG-test=Test1_Test2_Test3-1] DEBUG org.apache.http.wire -  >> "Host: dap.pe-lab3.bdc-rancher.tecnotree.com[\r][\n]"
14:28:05.861 [TestNG-test=Test1_Test2_Test3-1] DEBUG org.apache.http.wire -  >> "Connection: Keep-Alive[\r][\n]"
14:28:05.862 [TestNG-test=Test1_Test2_Test3-1] DEBUG org.apache.http.wire -  >> "User-Agent: Apache-HttpClient/4.5.13 (Java/21.0.2)[\r][\n]"
14:28:05.863 [TestNG-test=Test1_Test2_Test3-1] DEBUG org.apache.http.wire -  >> "Accept-Encoding: gzip,deflate[\r][\n]"
14:28:05.863 [TestNG-test=Test1_Test2_Test3-1] DEBUG org.apache.http.wire -  >> "[\r][\n]"
14:28:05.863 [TestNG-test=Test1_Test2_Test3-1] DEBUG org.apache.http.headers - >> PUT /dapFileUploadService/updateConfiguration HTTP/1.1
14:28:05.864 [TestNG-test=Test1_Test2_Test3-1] DEBUG org.apache.http.headers - >> Accept: */*
14:28:05.864 [TestNG-test=Test1_Test2_Test3-1] DEBUG org.apache.http.headers - >> Content-Type: application/json
14:28:05.864 [TestNG-test=Test1_Test2_Test3-1] DEBUG org.apache.http.headers - >> Content-Length: 164
14:28:05.865 [TestNG-test=Test1_Test2_Test3-1] DEBUG org.apache.http.headers - >> Host: dap.pe-lab3.bdc-rancher.tecnotree.com
14:28:05.865 [TestNG-test=Test1_Test2_Test3-1] DEBUG org.apache.http.headers - >> Connection: Keep-Alive
14:28:05.865 [TestNG-test=Test1_Test2_Test3-1] DEBUG org.apache.http.headers - >> User-Agent: Apache-HttpClient/4.5.13 (Java/21.0.2)
14:28:05.866 [TestNG-test=Test1_Test2_Test3-1] DEBUG org.apache.http.headers - >> Accept-Encoding: gzip,deflate
14:28:05.866 [TestNG-test=Test1_Test2_Test3-1] DEBUG org.apache.http.wire -  >> "{"serviceName":"localhost 22","serviceId":8,"protocol":"SFTP","timeout":5000,"fileUpload":{"nodeId":"9367","timeout":500,"sftpPath":"/home/tecnotree/BulkStorage/"}}"
14:28:05.916 [TestNG-test=Test1_Test2_Test3-1] DEBUG org.apache.http.wire -  << "HTTP/1.1 200 [\r][\n]"
14:28:05.918 [TestNG-test=Test1_Test2_Test3-1] DEBUG org.apache.http.wire -  << "Date: Tue, 09 Jul 2024 08:58:06 GMT[\r][\n]"
14:28:05.919 [TestNG-test=Test1_Test2_Test3-1] DEBUG org.apache.http.wire -  << "Content-Type: application/json[\r][\n]"
14:28:05.919 [TestNG-test=Test1_Test2_Test3-1] DEBUG org.apache.http.wire -  << "Content-Length: 98[\r][\n]"
14:28:05.919 [TestNG-test=Test1_Test2_Test3-1] DEBUG org.apache.http.wire -  << "Connection: keep-alive[\r][\n]"
14:28:05.919 [TestNG-test=Test1_Test2_Test3-1] DEBUG org.apache.http.wire -  << "Strict-Transport-Security: max-age=15724800; includeSubDomains[\r][\n]"
14:28:05.919 [TestNG-test=Test1_Test2_Test3-1] DEBUG org.apache.http.wire -  << "X-Content-Type-Options: nosniff[\r][\n]"
14:28:05.919 [TestNG-test=Test1_Test2_Test3-1] DEBUG org.apache.http.wire -  << "X-Frame-Options: SAMEORIGIN[\r][\n]"
14:28:05.920 [TestNG-test=Test1_Test2_Test3-1] DEBUG org.apache.http.wire -  << "X-XSS-Protection: 1; mode=block[\r][\n]"
14:28:05.920 [TestNG-test=Test1_Test2_Test3-1] DEBUG org.apache.http.wire -  << "Content-Security-Policy: frame-ancestors "self" https://dap.pe-lab3.bdc-rancher.tecnotree.com;[\r][\n]"
14:28:05.920 [TestNG-test=Test1_Test2_Test3-1] DEBUG org.apache.http.wire -  << "Access-Control-Allow-Origin: https://dap.pe-lab3.bdc-rancher.tecnotree.com;[\r][\n]"
14:28:05.920 [TestNG-test=Test1_Test2_Test3-1] DEBUG org.apache.http.wire -  << "Vary: Origin[\r][\n]"
14:28:05.920 [TestNG-test=Test1_Test2_Test3-1] DEBUG org.apache.http.wire -  << "[\r][\n]"
14:28:05.922 [TestNG-test=Test1_Test2_Test3-1] DEBUG org.apache.http.impl.conn.DefaultClientConnection - Receiving response: HTTP/1.1 200 
14:28:05.922 [TestNG-test=Test1_Test2_Test3-1] DEBUG org.apache.http.headers - << HTTP/1.1 200 
14:28:05.922 [TestNG-test=Test1_Test2_Test3-1] DEBUG org.apache.http.headers - << Date: Tue, 09 Jul 2024 08:58:06 GMT
14:28:05.922 [TestNG-test=Test1_Test2_Test3-1] DEBUG org.apache.http.headers - << Content-Type: application/json
14:28:05.922 [TestNG-test=Test1_Test2_Test3-1] DEBUG org.apache.http.headers - << Content-Length: 98
14:28:05.922 [TestNG-test=Test1_Test2_Test3-1] DEBUG org.apache.http.headers - << Connection: keep-alive
14:28:05.922 [TestNG-test=Test1_Test2_Test3-1] DEBUG org.apache.http.headers - << Strict-Transport-Security: max-age=15724800; includeSubDomains
14:28:05.923 [TestNG-test=Test1_Test2_Test3-1] DEBUG org.apache.http.headers - << X-Content-Type-Options: nosniff
14:28:05.923 [TestNG-test=Test1_Test2_Test3-1] DEBUG org.apache.http.headers - << X-Frame-Options: SAMEORIGIN
14:28:05.923 [TestNG-test=Test1_Test2_Test3-1] DEBUG org.apache.http.headers - << X-XSS-Protection: 1; mode=block
14:28:05.923 [TestNG-test=Test1_Test2_Test3-1] DEBUG org.apache.http.headers - << Content-Security-Policy: frame-ancestors "self" https://dap.pe-lab3.bdc-rancher.tecnotree.com;
14:28:05.923 [TestNG-test=Test1_Test2_Test3-1] DEBUG org.apache.http.headers - << Access-Control-Allow-Origin: https://dap.pe-lab3.bdc-rancher.tecnotree.com;
14:28:05.923 [TestNG-test=Test1_Test2_Test3-1] DEBUG org.apache.http.headers - << Vary: Origin
14:28:05.935 [TestNG-test=Test1_Test2_Test3-1] DEBUG org.apache.http.impl.client.DefaultHttpClient - Connection can be kept alive indefinitely
14:28:05.953 [TestNG-test=Test1_Test2_Test3-1] DEBUG io.restassured.internal.RestAssuredHttpBuilder - Parsing response as: application/json
14:28:05.954 [TestNG-test=Test1_Test2_Test3-1] DEBUG io.restassured.internal.RestAssuredHttpBuilder - Parsed data to instance of: class org.apache.http.conn.EofSensorInputStream
14:28:06.074 [TestNG-test=Test1_Test2_Test3-1] DEBUG org.apache.http.wire -  << "{"responseDesc":"Service with name :localhost 22 updated successfully","responseStatus":"SUCCESS"}"
14:28:06.081 [TestNG-test=Test1_Test2_Test3-1] DEBUG org.apache.http.impl.conn.BasicClientConnectionManager - Releasing connection org.apache.http.impl.conn.ManagedClientConnectionImpl@1c02b599
14:28:06.082 [TestNG-test=Test1_Test2_Test3-1] DEBUG org.apache.http.impl.conn.BasicClientConnectionManager - Connection can be kept alive indefinitely
HTTP/1.1 200 
Date: Tue, 09 Jul 2024 08:58:06 GMT
Content-Type: application/json
Content-Length: 98
Connection: keep-alive
Strict-Transport-Security: max-age=15724800; includeSubDomains
X-Content-Type-Options: nosniff
X-Frame-Options: SAMEORIGIN
X-XSS-Protection: 1; mode=block
Content-Security-Policy: frame-ancestors "self" https://dap.pe-lab3.bdc-rancher.tecnotree.com;
Access-Control-Allow-Origin: https://dap.pe-lab3.bdc-rancher.tecnotree.com;
Vary: Origin

{
    "responseDesc": "Service with name :localhost 22 updated successfully",
    "responseStatus": "SUCCESS"
}
SFTP connecting....!
14:28:08.684 [Finalizer] DEBUG org.apache.http.impl.conn.DefaultClientConnection - Connection 0.0.0.0:50873<->172.20.21.51:443 closed
SFTP connected....!
Connected to SFTP server
alreaded created...
Changed directory to /home/tecnotree/BulkStorage/
---not
---not
Deleting file: Sample-JPEG-file-download-for-Testing.JPEG ,count : 1
Disconnected from SFTP server
-----------------------------
The thread ID for Chrome is 31
SFTP connecting....!
SFTP connected....!
alreaded created...
File count: 0
IntialCount--->0
Request method:	POST
Request URI:	https://dap.pe-lab3.bdc-rancher.tecnotree.com/dapFileUploadService/uploadFiles/localhost%2022
Proxy:			<none>
Request params:	<none>
Query params:	<none>
Form params:	<none>
Path params:	<none>
Headers:		Accept=application/json, application/javascript, text/javascript, text/json
				Content-Type=multipart/form-data
Cookies:		<none>
Multiparts:		------------
				Content-Disposition: form-data; name = files; filename = Sample-JPEG-file-download-for-Testing.JPEG
				Content-Type: application/octet-stream

				Documents\Sample-JPEG-file-download-for-Testing.JPEG
Body:			<none>
14:28:10.809 [TestNG-test=Test1_Test2_Test3-1] DEBUG org.apache.http.impl.conn.BasicClientConnectionManager - Get connection for route {s}->https://dap.pe-lab3.bdc-rancher.tecnotree.com:443
14:28:10.810 [TestNG-test=Test1_Test2_Test3-1] DEBUG org.apache.http.impl.conn.DefaultClientConnectionOperator - Connecting to dap.pe-lab3.bdc-rancher.tecnotree.com:443
14:28:10.934 [TestNG-test=Test1_Test2_Test3-1] DEBUG org.apache.http.client.protocol.RequestAddCookies - CookieSpec selected: ignoreCookies
14:28:10.934 [TestNG-test=Test1_Test2_Test3-1] DEBUG org.apache.http.client.protocol.RequestAuthCache - Auth cache not set in the context
14:28:10.934 [TestNG-test=Test1_Test2_Test3-1] DEBUG org.apache.http.client.protocol.RequestTargetAuthentication - Target auth state: UNCHALLENGED
14:28:10.934 [TestNG-test=Test1_Test2_Test3-1] DEBUG org.apache.http.client.protocol.RequestProxyAuthentication - Proxy auth state: UNCHALLENGED
14:28:10.935 [TestNG-test=Test1_Test2_Test3-1] DEBUG org.apache.http.impl.client.DefaultHttpClient - Attempt 1 to execute request
14:28:10.936 [TestNG-test=Test1_Test2_Test3-1] DEBUG org.apache.http.impl.conn.DefaultClientConnection - Sending request: POST /dapFileUploadService/uploadFiles/localhost%2022 HTTP/1.1
14:28:10.936 [TestNG-test=Test1_Test2_Test3-1] DEBUG org.apache.http.wire -  >> "POST /dapFileUploadService/uploadFiles/localhost%2022 HTTP/1.1[\r][\n]"
14:28:10.936 [TestNG-test=Test1_Test2_Test3-1] DEBUG org.apache.http.wire -  >> "Accept: application/json, application/javascript, text/javascript, text/json[\r][\n]"
14:28:10.936 [TestNG-test=Test1_Test2_Test3-1] DEBUG org.apache.http.wire -  >> "Content-Length: 20771[\r][\n]"
14:28:10.936 [TestNG-test=Test1_Test2_Test3-1] DEBUG org.apache.http.wire -  >> "Content-Type: multipart/form-data; boundary=5zMH_DfEca1n1MPZwVViRXRMvhS68LMYi4PHv[\r][\n]"
14:28:10.937 [TestNG-test=Test1_Test2_Test3-1] DEBUG org.apache.http.wire -  >> "Host: dap.pe-lab3.bdc-rancher.tecnotree.com[\r][\n]"
14:28:10.937 [TestNG-test=Test1_Test2_Test3-1] DEBUG org.apache.http.wire -  >> "Connection: Keep-Alive[\r][\n]"
14:28:10.937 [TestNG-test=Test1_Test2_Test3-1] DEBUG org.apache.http.wire -  >> "User-Agent: Apache-HttpClient/4.5.13 (Java/21.0.2)[\r][\n]"
14:28:10.937 [TestNG-test=Test1_Test2_Test3-1] DEBUG org.apache.http.wire -  >> "Accept-Encoding: gzip,deflate[\r][\n]"
14:28:10.937 [TestNG-test=Test1_Test2_Test3-1] DEBUG org.apache.http.wire -  >> "[\r][\n]"
14:28:10.937 [TestNG-test=Test1_Test2_Test3-1] DEBUG org.apache.http.headers - >> POST /dapFileUploadService/uploadFiles/localhost%2022 HTTP/1.1
14:28:10.937 [TestNG-test=Test1_Test2_Test3-1] DEBUG org.apache.http.headers - >> Accept: application/json, application/javascript, text/javascript, text/json
14:28:10.938 [TestNG-test=Test1_Test2_Test3-1] DEBUG org.apache.http.headers - >> Content-Length: 20771
14:28:10.938 [TestNG-test=Test1_Test2_Test3-1] DEBUG org.apache.http.headers - >> Content-Type: multipart/form-data; boundary=5zMH_DfEca1n1MPZwVViRXRMvhS68LMYi4PHv
14:28:10.938 [TestNG-test=Test1_Test2_Test3-1] DEBUG org.apache.http.headers - >> Host: dap.pe-lab3.bdc-rancher.tecnotree.com
14:28:10.938 [TestNG-test=Test1_Test2_Test3-1] DEBUG org.apache.http.headers - >> Connection: Keep-Alive
14:28:10.938 [TestNG-test=Test1_Test2_Test3-1] DEBUG org.apache.http.headers - >> User-Agent: Apache-HttpClient/4.5.13 (Java/21.0.2)
14:28:10.938 [TestNG-test=Test1_Test2_Test3-1] DEBUG org.apache.http.headers - >> Accept-Encoding: gzip,deflate
14:28:10.940 [TestNG-test=Test1_Test2_Test3-1] DEBUG org.apache.http.wire -  >> "--"
14:28:10.940 [TestNG-test=Test1_Test2_Test3-1] DEBUG org.apache.http.wire -  >> "5zMH_DfEca1n1MPZwVViRXRMvhS68LMYi4PHv"
14:28:10.940 [TestNG-test=Test1_Test2_Test3-1] DEBUG org.apache.http.wire -  >> "[\r][\n]"
14:28:10.940 [TestNG-test=Test1_Test2_Test3-1] DEBUG org.apache.http.wire -  >> "Content-Disposition"
14:28:10.940 [TestNG-test=Test1_Test2_Test3-1] DEBUG org.apache.http.wire -  >> ": "
14:28:10.941 [TestNG-test=Test1_Test2_Test3-1] DEBUG org.apache.http.wire -  >> "form-data; name="files"; filename="Sample-JPEG-file-download-for-Testing.JPEG""
14:28:10.942 [TestNG-test=Test1_Test2_Test3-1] DEBUG org.apache.http.wire -  >> "[\r][\n]"
14:28:10.942 [TestNG-test=Test1_Test2_Test3-1] DEBUG org.apache.http.wire -  >> "Content-Type"
14:28:10.943 [TestNG-test=Test1_Test2_Test3-1] DEBUG org.apache.http.wire -  >> ": "
14:28:10.943 [TestNG-test=Test1_Test2_Test3-1] DEBUG org.apache.http.wire -  >> "application/octet-stream"
14:28:10.943 [TestNG-test=Test1_Test2_Test3-1] DEBUG org.apache.http.wire -  >> "[\r][\n]"
14:28:10.943 [TestNG-test=Test1_Test2_Test3-1] DEBUG org.apache.http.wire -  >> "Content-Transfer-Encoding"
14:28:10.943 [TestNG-test=Test1_Test2_Test3-1] DEBUG org.apache.http.wire -  >> ": "
14:28:10.944 [TestNG-test=Test1_Test2_Test3-1] DEBUG org.apache.http.wire -  >> "binary"
14:28:10.944 [TestNG-test=Test1_Test2_Test3-1] DEBUG org.apache.http.wire -  >> "[\r][\n]"
14:28:10.944 [TestNG-test=Test1_Test2_Test3-1] DEBUG org.apache.http.wire -  >> "[\r][\n]"
14:28:10.949 [TestNG-test=Test1_Test2_Test3-1] DEBUG org.apache.http.wire -  >> "[0x89]PNG[\r][\n]"
14:28:10.949 [TestNG-test=Test1_Test2_Test3-1] DEBUG org.apache.http.wire -  >> "[0x1a][\n]"
14:28:10.950 [TestNG-test=Test1_Test2_Test3-1] DEBUG org.apache.http.wire -  >> "[0x0][0x0][0x0][\r]IHDR[0x0][0x0][0x3]4[0x0][0x0][0x1]8[0x8][0x6][0x0][0x0][0x0][0x8d]/[0xb6]%[0x0][0x0][0x0][0x1]sRGB[0x0][0xae][0xce][0x1c][0xe9][0x0][0x0][0x0][0x9]pHYs[0x0][0x0][0xe][0xc4][0x0][0x0][0xe][0xc4][0x1][0x95]+[0xe][0x1b][0x0][0x0] [0x0]IDATx[0x9c][0xec][0xdd]wx\[0xe5][0x99]>[0xfe][0xfb]L[0xef]E][0xc6][0xbd][0xc8][0x92],[0x99][0x16][0x1c][0x3][0xc6][0x80]M0[0xd8][0x18]0[0x1]RH6[0xbf]$[0xa4][0xb1][0xb0])$$[0xd9][0xb0][0x9]Y[0xd8][0x90]|[0x13][0x92][0xb0][0xa1]:[0xc9]&dY0-`[0x8a]1[0xdd][0x5][0x13]z[0xc0]Vs[0xb7][0xe5][0xa2]bIS4[0xbd][0x9d][0xdf][0x1f]3[0x92]F[0x9e]s[0xa4]i[0x1a]i[0xa4][0xfb]s]\[0xc8]s[0xce][0x9c][0xf3][0xda]#[0xd9]s[0xcf][0xfb][0xbe][0xcf]#`[0xdb]{"[0x88][0x88][0x88][0x88][0x88][0x88][0x8a][0x90]b[0xbc][0x7]@DDDDD[0x94]-[0x6][0x1a]"""""*Z[0xc]4DDDDDT[0xb4][0x18]h[0x88][0x88][0x88][0x88][0x88][0xa8]h1[0xd0][0x10][0x11][0x11][0x11][0x11]Q[0xd1]b[0xa0]!""""[0xa2][0xa2][0xc5]@CDDDDDE[0x8b][0x81][0x86][0x88][0x88][0x88][0x88][0x88][0x8a][0x16][0x3][\r][0x11][0x11][0x11][0x11][0x11][0x15]-[0x6][0x1a]"""""*Z[0xc]4DDDDDT[0xb4][0x18]h[0x88][0x88][0x88][0x88][0x88][0xa8]h1[0xd0][0x10][0x11][0x11][0x11][0x11]Q[0xd1]b[0xa0]!""""[0xa2][0xa2][0xc5]@CDDDDDE[0x8b][0x81][0x86][0x88][0x88][0x88][0x88][0x88][0x8a][0x16][0x3][\r][0x11][0x11][0x11][0x11][0x11][0x15]-[0x6][0x1a]"""""*Z[0xc]4DDDDDT[0xb4][0x18]h[0x88][0x88][0x88][0x88][0x88][0xa8]h1[0xd0][0x10][0x11][0x11][0x11][0x11]Q[0xd1]b[0xa0]!""""[0xa2][0xa2][0xc5]@CDDDDDE[0x8b][0x81][0x86][0x88][0x88][0x88][0x88][0x88][0x8a][0x16][0x3][\r][0x11][0x11][0x11][0x11][0x11][0x15]-[0x6][0x1a]"""""*Z[0xc]4DDDDDT[0xb4][0x18]h[0x88][0x88][0x88][0x88][0x88][0xa8]h1[0xd0][0x10][0x11][0x11][0x11][0x11]Q[0xd1]b[0xa0]!""""[0xa2][0xa2][0xa5][0x1a][0xcf][0x9b][0xa5][0xb2][0x4]K-[0xfa][0xf1][0x1c][0x2][0x11][0x11][0x11][0x11][0x11][0xe5][0xe8][0xc6]}[0xc7][0x11][0x12][0xc5]q[0xb9][0xf7][0xb8][0x6][0x9a][0x15]6#[0xae][0xab][0xb0][0x8f][0xe7][0x10][0x88][0x88][0x88][0x88][0x88](G[0xdf][0xd9][0xdf]1n[0x81][0x86]K[0xce][0x88][0x88][0x88][0x88][0x88][0xa8]h1[0xd0][0x10][0x11][0x11][0x11][0x11]Q[0xd1]b[0xa0]!""""[0xa2][0xa2][0xc5]@CDDDDDE[0x8b][0x81][0x86][0x88][0x88][0x88][0x88][0x88][0x8a][0x16][0x3][\r][0x11][0x11][0x11][0x11][0x11][0x15]-[0x6][0x1a]"""""*Z[0xc]4DDDDDT[0xb4][0x18]h[0x88][0x88][0x88][0x88][0x88][0xa8]h1[0xd0][0x10][0x11][0x11][0x11][0x11]Q[0xd1]b[0xa0]!""""[0xa2][0xa2][0xc5]@CDDDDDE[0x8b][0x81][0x86][0x88][0x88][0x88][0x88][0x88][0x8a][0x16][0x3][\r][0x11][0x11][0x11][0x11][0x11][0x15]-[0x6][0x1a]"""""*Z[0xc]4DDDDDT[0xb4][0x18]h[0x88][0x88][0x88][0x88][0x88][0xa8]h1[0xd0][0x10][0x11][0x11][0x11][0x11]Q[0xd1]b[0xa0]!""""[0xa2][0xa2][0xc5]@CDDDDDE[0x8b][0x81][0x86][0x88][0x88][0x88][0x88][0x88][0x8a][0x16][0x3][\r][0x11][0x11][0x11][0x11][0x11][0x15]-[0x6][0x1a]"""""*Z[0xc]4DDDDDT[0xb4][0x18]h[0x88][0x88][0x88][0x88][0x88][0xa8]h1[0xd0][0x10][0x11][0x11][0x11][0x11]Q[0xd1]b[0xa0]!""""[0xa2][0xa2][0xc5]@CDDDDDE[0x8b][0x81][0x86][0x88][0x88][0x88][0x88][0x88][0x8a][0x16][0x3][\r][0x11][0x11][0x11][0x11][0x11][0x15]-[0x6][0x1a]"""""*Z[0xc]4DDDDDT[0xb4][0x18]h[0x88][0x88][0x88][0x88][0x88][0xa8]h1[0xd0][0x10][0x11][0x11][0x11][0x11]Q[0xd1]b[0xa0]!""""[0xa2][0xa2][0xc5]@CDDDDDE[0x8b][0x81][0x86][0x88][0x88][0x88][0x88][0x88][0x8a][0x16][0x3][\r][0x11][0x11][0x11][0x11][0x11][0x15]-[0x6][0x1a]"""""*Z[0xc]4DDDDDT[0xb4][0x18]h[0x88][0x88][0x88][0x88][0x88][0xa8]h1[0xd0][0x10][0x11][0x11][0x11][0x11]Q[0xd1]b[0xa0]!""""[0xa2][0xa2][0xc5]@CDDDDDE[0x8b][0x81][0x86][0x88][0x88][0x88][0x88][0x88][0x8a][0x16][0x3][\r][0x11][0x11][0x11][0x11][0x11][0x15]-[0x6][0x1a]"""""*Z[0xc]4DDDDDT[0xb4][0x18]h[0x88][0x88][0x88][0x88][0x88][0xa8]h1[0xd0][0x10][0x11][0x11][0x11][0x11]Q[0xd1]b[0xa0]!""""[0xa2][0xa2][0xc5]@CDDDDDE[0x8b][0x81][0x86][0x88][0x88][0x88][0x88][0x88][0x8a][0x16][0x3][\r][0x11][0x11][0x11][0x11][0x11][0x15]-[0xd5]x[0xf][0x80]&[0x87][0x3][0xfd]a[0xec]r[0xfa][0xb1][0xc7][0x15][0xc2][0xba]Y[0x16][0xcc]7k[0xc6]{HDDDD4[0x5]0[0xd0]P[0xd6]:[0xfd][0x11][0xec]r[0x4][0xd0][0xe2][\n]"
14:28:10.951 [TestNG-test=Test1_Test2_Test3-1] DEBUG org.apache.http.wire -  >> "[0xc0][0x17][0x11][0x7][0x1f][0xdf][0xe5][0x8]0[0xd0][0x10][0x11][0x11][0x11]QA0[0xd0]PF[0xdc][0xe1][0x18]v9[0x2]hv[0x6][0xd0][0x1b][0x8c]J[0x9e][0xd3][0xe6][\n]"
14:28:10.951 [TestNG-test=Test1_Test2_Test3-1] DEBUG org.apache.http.wire -  >> ""[0x14][0x13][0xa1]Q[0x8][0x5][0x1e][0x1d][0x11][0x11][0x11][0x11]M5[0xc]44[0xaa]`LD[0x8b]3[0x88]f[0x87][0x1f]G|[0x91][0x94][0xe3]sMZ4[0xd8][\r][0x10][0x1]<w[0xc4][0x1][0x0]hq[0x6]qZ[0x89][0xae][0xc0]#%"""[0xa2][0xa9][0x86][0x81][0x86]d[0xed]v[0x87][0xd0][0xec][0xf0]c[0xb7];[0x94]r[0xac]R[0xa7]F[0xa3][0xdd][0x80]Ev[0x3][0xc][0xca][0xa1][0xda][0x12][0x9b][0x8f]9[0x11][0x8e][0x89][0xd8][0xe5][0xf0][0xf][0xb]4/[0x1f][0xef][0xc7]L[0xa3][0x6][0xb5]VmA[0xc6]NDDDDS[0x3][0x3][\r][\r]s[0xd4][0x17]A[0x93][0xc3][0x8f]VW[0x10][0x81][0xa8]8[0xec][0x98]E[0xad][0xc4]"[0x9b][0x1][0x8b][0xed][0x6][0x94]h[0xa5][0xbf]u[0x1a]l[0x6][0xfc][0xb3][0xcf][0x8b][0xa3][0xbe][0x8][0x9c][0xa1][0x18]l[0x1a][0x5][0xba][0x3][0x11]|[0xd0][0x1b][0xc0][0x7][0xbd][0x1]h[0x14][0x2][0x16]X4[0xa8][0xb7][0xe9][0xb8][0xcf][0x86][0x88][0x88][0x88][0x88]r[0xc6]@Cp[0x84][0xa2][0xd8][0xe5][0x8][0xa0][0xc9][0x11][0x80]+[0x1c][0x1b]vL[0xab][0x10]Pk[0xd5][0xa3][0xc1]n[0xc4]L[0xe3][0xe8][0x1][0xa4][0xc1][0x1e][0xf]4[0x0][0xd0][0xe4][0xc]`Y[0x85][0x1][0xcd][0xce][0xc0][0xe0][0xf1]PLD[0xb3]3[0x88]fg[0x10]:[0xa5][0x80][0x85][0x16][\r][0xea]lz[0xcc]1[0xa9][0xf3][0xfb][0x9b]""""[0xa2])[0x81][0x81]f[0x8a][0xf2]EE[0xb4]8[0xe3]![0xa6][0xc3][0x9f][0xba]/f[0x81]E[0x87][0x6][0x9b][0x1][0xb5]V}F[0xd7][0x9d]n[0xd0][0xc0][0xaa]V[0xc2][0x15][0x8e]bg[0x9f]?[0x11]h[0x82][0x0][0xe2]3<%Z[0x15][0xe]y[0xe2][0xbf][0xe]DE|[0xec][0x8][0xe2]cG<[0xdc][0xd4][0xdb][0xb4][0xa8][0xb3][0xea]1[0xd3][0xc8]oK""""J[0xf][0xdf]9N![0x11][0x11][0xd8][0xe3][\n]"
14:28:10.952 [TestNG-test=Test1_Test2_Test3-1] DEBUG org.apache.http.wire -  >> "[0xa2][0xc9][0x19][0xc0][0xfe][0xfe][0xd4]}1[0xd3][0xc][0x1a]4[0xda][0xc][0xa8][0xb7][0x19][0xa0]Sf_[0xa1]lq[0x89][0x11][0xdb][0xbb][0xdc]p[0x85]c[0xf8][0xd0][0x11]Db[0xd6][0xe7][0xd4][0x12]#[0x96]U[0x98][0xe1][0x8b][0xc6][0xd0][0xe6][0xf4][0xa3][0xc5][0xe9][0xc3][0x11]_|[0x1c][0x81][0xa8][0x88][0xf]{[0x3][0xf8][0xb0]7[0x0][0x93]J@[0x9d]M[0x87]:[0xab][0xe][0xa7][0x18][0xf8]-JDDDD[0xf2][0xf8]nq[\n]"
14:28:10.952 [TestNG-test=Test1_Test2_Test3-1] DEBUG org.apache.http.wire -  >> "8[0xe4][0x9][0xa3][0xc9][0xe9][0xc7]nW[0x8][0xa1][0xd8][0xf0]}1vM|_L[0xa3][0xdd][0x8][0x9b]F[0x99][0x97][0xfb]5[0xd8][0xc][0xd8][0xde][0xe5][0x6][0x0]|p[0xc2];[0xf8][0xf8]"[0x9b][0x1][0x0]`P*pF[0xa9][0x11]g[0x94][0x1a][0xe1][0x89][0xc4][0xd0][0xe2][0xf4][0xa1][0xc5][0xe9]C[0x87]?[0xc][0x0][0xf0]DD[0xbc][0xd7][0xe3][0xc7]{=~X[0xd5][\n]"
14:28:10.952 [TestNG-test=Test1_Test2_Test3-1] DEBUG org.apache.http.wire -  >> "[0xd4][0xd9][0xb4][0xa8][0xb7][0xe9]P[0xa9][0xe3][0xb7]+[0x11][0x11][0x11][0x11][\r][0xc7]w[0x88][0x93]Tw [0x82][0xa6]D[0xbf][0x18]Odx[0x88][0xd1]+[0x15][0xa8][0xb3][0xe9][0xd1]`3[0xe0][0x14]C[0xfe]7[0xe6][0xdb]4JL7hp[0xd4][0x17]BO0[0x2]@@[0x95]^[\r][0xbb]D`2[0xa9][0x14]XRf[0xc2][0x92]2[0x13][0x9c][0xa1]([0x9a][0x13][0xe1]&[0xfe]<[0xc0][0x15][0x8e][0xe1][0xed][0x13]~[0xbc]}[0xc2][0xf][0xbb]F[0x89]z[0x9b][0x16][\r]v[0x1d]J[0xf2][0x14][0xbe][0x88][0x88][0x88][0x88][0xa8][0xb8]1[0xd0]LP[:[0xbd][0xe8][0xf4][0x87][0xa1]R[0x8]P[0x9][0x2][0x94][0x2][0xa0]R[0xc][0xfd]_-[0x8]P[0x8][0xf1]c[0x3][0x8f]G[0x1][0x1c][0xf3][0x86]q[0xd4][0x17][0x8e]o[0xee][0x17][0x1]@[0x4][0x84][0xf8][0xff][0xe6][0x99]u[0xa8][0xb3][0x1a]0[0xdf][0xa2][0x1d][0xbc]F.6[0x9f][0xe8][0xc3]y%6[0x18][0x93][0xca]6[0xf]h[0xb0][0x1b]p[0xd4][0x17]B[0xfc][0xe6]C[0xb3]3#[0xb1]i[0x94]8[0xb7][0xc2][0x8c]s+[0xcc][0xe8][0x9]F[0xd0][0xec][0xf4][0xa1][0xd5][0xe9][0x83]#[0x14]o[0xe0][0xe9][0x8]E[0xb1][0xa3][0xdb][0x87][0x1d][0xdd]>[0x94]i[0x95][0xa8][0xb7][0xe9][0xd0]`[0xd7][0xc1][0xaa]N[0xbd]?[0x11][0x11][0x11][0x11]M[\r][0xc]4[0x13]T[0xa7]?[0x8c][0x83][0x9e]p~.[0x96][0x98][0xa0][0xd9][0xdf][0x1f][0xc0][0xfe][0xfe]@[0xca]a[0xf5]I[0xa1])[0xfe][0xf5]@P[0x12][0xa0]R[0x0][0xaa]D[0x80]rG"8[0xe2][0xf][0xe2][0x90]/[0x0][0xbf][0x18][0xc5][0xb1][0xfe][0x10][0xea]LF(S[0xae][0xa1]H[0xdc]8[0x1e]h[0x1a][0xd2][0x8]4[0xc9][0xca][0xb4]*[0x9c]_i[0xc1][0xf9][0x95][0x16]t[0xf8][0xc3]hq[0xfa][0xd0][0xea][0xf2][0xa3]?[0x1c][0xf]7=[0xc1]([0xb6]uy[0xb1][0xad][0xcb][0x8b]J[0x9d]j0[0xdc][0x98]T[0xb9][0x85]4""""*.[0xc]4[0x13]TT[0x14]G?)O[0xc2]1[0x11]a[0xa4]?%[0x14][0x98][0xa7][0x8b][0x7][0x94]no[0x14][0xdd]^[0xb7][0xc4]Y[0xc2]`[0x9c][0x99]e[0xd4][0xc2][0xa0][0xca]~[0x16][0xa5]Z[0xaf]F[0xb5][0xde][0x8a][0x95][0xd5]V[0x1c][0xf1][0x86][0xd0][0xe2][0xf2][0xa1][0xcd][0xe9][0x87]/[0x1a]/6[0xd0][0x15][0x88][0xa0][0xab][0xd3][0x83]7:=[0xb0][0xaa][0x15][0xa8]6h0[0xdd][0xa8][0x86]^)@%[0xe0][0xa4]p&[0xe][0xb]lC!,[0x1e][0xda][0x88][0x88][0x88][0x88][0xa8][0xb8]0[0xd0]LP[0x3][0xdb]^[0xca]uj\[0xbf][0xa0][0x2][0xa1][0x98][0x88][0xa8]("*[0x2][0x91][0x98][0x88][0x88][0x98][0xf8]uLDD[0x8c][0x7][0xa0][0xc8][0xe0]9[0x89][0xc7][0x92][0xce][0x8b][0x1f][0xc3]I[0xbf][0x96][0xba][0x9e][0xfc]9[0xe1]LB[0x96][0x0][0x8]bb[0xb9][0x99]=[0xb3][0xd9][0x99][0x91][0xcc]0j0[0xc3][0xa8][0xc1][0xaa]i6[0x1c][0xf4][0x4][0xd1][0xe2][0xf4]a[0xb7][0xcb][0x8f]`[0xa2][0xd8][0x81]+[0x1c][0x83][0xcb][0x15]@[0x9b]+08[0x8e]t[0xb3][0xda]L[0xa3][0x1a][0xd7][0xcd][0xb5][0xe5]m[0xac]DDDD4[0xf6][0x18]h&[0xa8][0xc4][0xe4][0x3][0x6]VPi[0x14][0x2][0x6][0x96]o[0x8d][0xb7][0x88]("[0x12]K[0x84][0xa8][0xc1]P[0x95][0x14][0x98]b"[0xb6]v[0xb9]p[0xdc][0x17]_2W'[0xd1][0xcb][0xc6][0x1f][0x8b]![0x12][0x13]aVe[0xbf][0xb9][0x8e]I[0x8b]9&-[0xd6]L[0xb7]c[0xaf];[0x80]f[0xa7][0xf][0xfb][0xdc][0x81][0xe1][0xc1]k[0xe0]KQ[0x4][0x4]E"[0xe0]H'[0x1c][0xae]V#"""*>[0xc]4[0x13]P *[0xc2][0x13][0x89]'[0x1a][0xe5][0x4]\[0x6][0xa5][0x12][0x4][0xc4]s[0x88][0xf4][0xd8][0x2]Qq0[0xcc][0xd4]Xt[0x89]06[0xdc][0x8b]]}[0xf8][0xe9][0xee][0x83]8[0xb7][0xc4][0x8a]5[0x95][0xa5]XYf[0x97],.[0x90][0xae][0x5][0x16][0x1d][0x16]Xt[0x88][0x88]"[0xf6][0xba][0x3]hq[0xfa][0xb0][0xc7][0x9d][0xb4]_HHL[0xd5][0x88]@[0xb9]V[0x85]*[0x83][0x6]v[0x8d][0x1a][0x80][0x88][0xb7][0xba][0xfb][0x11][0x11]E[0xa8]$[0xc6]IDDDD[0x13][0x1b][0x3][0xcd][0x4][0xd2][0x96]hz[0xb9][0xd7][0x1d][0xc2][0xc0][0x86][0xfa]b|[0x93][0xdd][0xe6][0xf2][\r]~-W[0xdd][0xec][0x85][0xee]^[0x84]E[0x11][z[0x9d][0xd8][0xd2][0xeb][0x84]F![0xe0][0xfc]R[0x1b]VW[0x94][0xe2][0xa2]2[0xbb]d[0x8]J[0x87]J[0x10]Pg[0xd5][0xa3][0xce][0xaa]G(&[0xa2][0xcd][0x15]o[0xe0]y[0xd0][0x13][0x1c]<[0xe7]D0[0x82][0x13][0xc1][0x8]T[0x2]0[0xcf][0xac][0x1f][0x8c]e[0x13]1<[0x12][0x11][0x11][0x11][0xd1][0xc8][0x18]h[0xc6]Y[0xbb]7[0x82]&[0x87][0xf]m[0xae][0xd0][0xe0]>[0x10] [0xb1]BJ([0xce]7[0xd9][0xcd]N?[0x80]x[0xf5][0xb4][0xf9][0x96][0xd4][0xe5]f[0xbd][0xe1][0x8][0xde]v[0xc]/$[0x10][0x8a][0x89]x[0xe5][0x84][0x3][0xaf][0x9c]p[0xc0][0xa8]T[0xe0][0xa2]2;VW[0x96][0xe2][0xdc][0x12]k[0xd6][0xe5][0xa5]5[\n]"
14:28:10.953 [TestNG-test=Test1_Test2_Test3-1] DEBUG org.apache.http.wire -  >> "[0x1][0x8b][0xed][0x6],[0xb6][0x1b][0xe0][0x8b][0xc6][0xd0][0xe6][0xf4][0xa3][0xc5][0xe5][0xc3][0x11]o[0x8]@|[0x9f][0xd2]nw|[0xac]"[0x80][0xe3][0xbe]0[0xf6][0xba]CX`[0xc9]o[0x1e]""""[0x1a][0x1b][0xc]4[0xe3][0xa0]/[0x18][0xc5][0xce]D[0xd3]Kw86[0xec][0x98]F![0xa0][0xd6][0xaa][0x1f][0xdc][0xe8]^l[0xfb]:|[0x91][0x18][0xda][0xbd][0xf1][0xd9][0x90][0x85][0x16][0xbd][0xe4][0xf8][0x9f][0xeb][0xec]Ad[0x84][0x2][0x3][0xde]h[0xc][0x1b][0xbb]z[0xb1][0xb1][0xab][0x17][0x16][0x95][0x12][0x9f]*/[0xc1][0x9a][0x8a][0x12],[0xb5][[0xa1][0xcc][0xf2][0xcf][0xc3][0xa0]T[0xe0][0x8c]R#[0xce](5[0xc2][0x13][0x89][0xa1]%[0xd1][0xc0][0xb3][0xc3][0x1f]_[0x1a]' ^P[0xe0][0xc9][0xc3].h[0x15][0x2]j[0xac][0x1a][0xd4][0xdb][0xf4][0x98]kRgwC""""*[0x8][0x6][0x9a][0x2][0xf1]ED49[0x3]hr[0x4][0xd0][0x15][0x88][0xa4][0x1c][0x9f]g[0xd6][0xa1][0xc1]n@M"[0x4][0xb4][0xba][0xe2]3[0x7][0xca]"[r[0xd6][0xe4]Lo[0xb9]Y[0xba][0xdc][0x91]([0x9e][0xea]8[0x81][0xa7]:N[0xc0][0xae]VaUy[0x9]VW[0x96][0xe2],[0x9b][0x19][0xd9][0xee][0xb8]1[0xa9][0x14]XRf[0xc2][0x92]2[0x13][0x9c][0xa1](Z[0x9c]>4;}[0xe8][0x9][0xc6]_[0x97]`L[0xc4].G[0x10][0xbb][0x1c]A[0xe8][0x95][0x2]j[0xad]Z[0xd4][0xd9]t[0x98]ed[0xb8]!"""[0x9a]h[0x18]h[0xc6]P8&b[0xb7];[0x84]&[0x87]_[0xb2]If[0xb5]^[0x8d][0x6][0xbb][0x1][0x8b]l[0x6][0xe8]O[0xda][0x10][0x1f]N,?[0x93][0xeb][0x8d][0xf2][0xd0][0xfe][0x13][0xe8][0xf2][0x87][0x6]{[0xaa]([0x15][0xf1]~*[0xca][0x81][0x1e]+[0x89][0xfe]*[0xca][0x81][0xfe]+[0x2][0xa0]H[0xea][0xc7]2p[0xae]J[0xe2][0xb9][0x3][0xcd]1[0x87][0xfd]Z[0x10][0xa0]H[0xea][0xdb][0xa2][0x14][0x92][0x9b]o[0xe][0xfd][0xba]9[0x11]htJ[0x1]s[0xcd][0xda][0x94]q[0xb7][0xfb][0x83][0xd8][0xe9][0xf6]f[0xf5][0xe7][0xe9][0x8]G[0xb0][0xe1]x76[0x1c][0xef]F[0x99]F[0x8d]K*J[0xb0][0xa6][0xa2][0x14]gXMY][0xf][0x0]l[0x1a]%[0xce][0xa9]0[0xe3][0x9c][\n]"
14:28:10.953 [TestNG-test=Test1_Test2_Test3-1] DEBUG org.apache.http.wire -  >> "3z[0x82][0x91][0xc1][0x99][0x1b]G([0xde][0xc0][0xd3][0x1f][0x15][0xf1][0xcf][0xbe][0x0][0xfe][0xd9][0x17][0x80]Q[0x15][0xf]7[0xf5]6=[0xa6][0x1b][0xf8][0xa3]CDDD4[0x11][0xf0]][0xd9][0x18]8[0xe0][0x9][0xa3][0xc9][0xe1][0xc7][0x1e]W([0xa5]w[0x8b]U[0xad]D[0x83][0xdd][0x80]F[0xbb][0x1]v[0xcd][0xe8][0xfc]r{h[0x6][0xfa][0xca][0xc4][0x1b]p[0x8a]@4[0x1f]#[0xcf][0xd5]P[0xd3][0x97]z[0x99][0xd9][0x99][0x17][0xbb][0xfb][0xf2]r[0xa7][0x9e]P[0x18][0xf][0x1f][0xed][0xc2][0xc3]G[0xbb]0][0xa7][0xc5][0xea][0x8a][0x12][0xac][0xa9],E[0xad])[0xfb][0x9e]7eZ[0x15][0x96]WZ[0xb0][0xbc][0xd2][0x82][0xe][0x18]-N[0x1f]Z]~[0xf4][0x87][0xe3][0xb8][0xde][0x88][0x88][0xf]z[0x3][0xf8][0xa0]7[0x0][0x8b]Z[0x81]:[0xab][0x16][0xf5]6[0x1d][0xaa][0xf4][0xfc]1""""[0x1a]/|'[0x96]'[0x9d][0xfe][0x8][0x9a][0x9c][0x1][0xb4]8[0x3][0xf0]F[0x86][0x87][0x18][0x9d]R@[0x9d][0xd5][0x80]Ev[0x3]f[0x18]F[0xdf]p[0x9e][0xfc]t[0xd9]@[0x93]I[0x93][0xcb][0x2][0x11][0xc5][0x18][0x84][0xc4]x[0xe5][0x96][0x9b]m[0xca]`[0xb9]Y[0xba][0x8e][0x6][0x82]X[0xdf][0xde][0x81][0xf5][0xed][0x1d][0x98][0xad][0xd7]aMe).[0xab],[0xc5]\[0x83].[0xeb]kV[0xeb][0xd5][0xa8][0xd6][[0xb1][0xb2][0xda][0x8a]#[0xbe][0x10]Z[0x9c]>[0xb4]9[0xfd][0xf0]%[0x1a][0x4][0xb9][0xc3]1[0xbc][0xd3][0xe3][0xc7];=~[0xd8]4[\n]"
14:28:10.954 [TestNG-test=Test1_Test2_Test3-1] DEBUG org.apache.http.wire -  >> "[0xd4][0xdb]t[0xa8][0xb7]jQ[0xae][0xe3][0x8f][0x14][0x11][0x11][0x11]Q![0xf1][0xdd]W[0xe][0xdc][0xe1][0x18][0x9a][0x1c][0x1]49[0x3][0xe8][\r][0xa6]N[0x91][0xd4]Xth[0xb0][0x1b][0xb1][0xd0][0x92][0xd9][0x1b][0xeb]HR[0xb5]3[0xb9][0xb2][0xcd][0xc9][0xe7]L[0x18][0x89][0xa1][0x9a][0xd5]JL[0x97][0x8]n[0xad][0x1e][0x1f][0xda]<[0xbe][0x94][0xc7][0xf3][0xe9][0x90]?[0x80]{[0xf][0x1d][0xc3][0xbd][0x87][0x8e]a[0xbe]Q[0x8f]5[0x15][0xa5][0xb8][0xb2][0xba][0xc][0xd3][0xb4][0xd9]W.[0x9b]a[0xd0]`[0x86]A[0x83]U[0xd3]l8[0xe8][0x9][0xa2][0xc5][0xe9][0x1b],[0xda][0x0][0x0][0xce]P[0xc]ou[0xfb][0xf0]V[0xb7][0xf]eZ%[0xea]l:,[0xb2][0xe9]`[0xd7]d[0xdf]W[0x87][0x88][0x88][0x88][0x88][0xd2][0xc3]@[0x93][0xa1]`LD[0xab]3[0x88]&[0xa7][0x1f]G[0xbc][0xa9][0x9b][0xfb][0xa7][0x1b]4h[0xb0][0x1b]Po3@[0x9b][0xe5][0x86][0xfe]h[0xd2][0xec][0x8b]\[0x95][0xb3][0x89]7C#[0xc][0xf6]si[0x90]+[0x6][0xd0][0x95][0xff][0xd9][0x99][0x91][0xec][0xf3][0xfa]q[0xf7][0xc1][0xa3][0xb8][0xfb][0xe0]Q4[0x9a][0x8d]XSY[0x8a]5[0x95][0xa5][0xa8][0xd0]d[0xbf][0xb9][0x8e]I[0x8b]9&-[0xd6]L[0xb7][0xf]6[0xf0][0xdc][0xeb][0xe][0xc].-[0xec][0x9]F[0xb1][0xbd][0xcb][0x8b][0xed]]^T[0xe8]T[0xa8][0xb7]i[0xd1]`[0xd3][0xc1][0xac]f[0xb8]!"""[0x1a][0xb][0xc]4i[0xda][0xe3][0xe][0xa1][0xc9][0x11][0xc0]nw0[0xe5]X[0x89]F[0x85]E[0x89]}1V[0xb5]2[0xe7]{[0x1d][\r][0xc][0xdd]Cn[0xc9]Yt[0xc2][0xcd][0xd0][0xc][0x8d]Gj[0xb9][0x99][0x8]`[0xf3][0x89][0xfc][0xec][0x9f][0xc9][0xc6][0xae]~/v[0xf5]{[0xf1][0xcb]}[0xed]8[0xd3]j[0xc2][0xea][0x8a]R\ZY[0x8a]Ru[0xf6]?[0x2][0xb],:,[0xb0][0xe8][0x10][0x11][0xc5][0xc1]p[0xb3][0xc7][0x1d][0x18]<[0xde][0x1d][0x88][0xa0][0xbb]3[0x82]-[0x9d]^L[0xd3][0xab][0x6]gn[0x8c][0xc5]V[0x8b][0x9b][0x88][0x88][0x88]h[0x2]c[0xa0][0x19][0xc1]Q_[0x4]M[0xe]?Z]A[0x4][0xa2][0xc3][0x3][0x84]A[0xa9]@[0x9d]M[0x8f][0x6][0xbb][0x1][0xd3][0xf4][0xb9]7bt[0x84]#x[0xb1][0xbb][0xf][0x1b];{p[0xc0][0x17][0xc0]U[0xb6]J[0x0][0xf2]e[0x9b]'[0xdc][0xc][0x8d][0x8]@[0x88]o[0xac][0x97][0xda]G[0xf2][0xae][0xb3][0x1f]G[0xfc][0xa9]ap<|[0xe0][0xf2][0xe0][0x3][0x97][0x7]w[0xec]=[0x8c]%63[0xd6]T[0x96]bUE[0x9]l[0xaa][0xec]~[0x1c]T[0x82][0x80]:[0xab][0x1e]uV=B1[0x11]m.?Z[0x9c]>[0x1c][0xf4][0xc][0xfd]~[0x8f][0xfb]#8[0xee][0xf7][0xe0][0xb5][0xe][0xf]f[0x18]T[0xa8][0xb7][0xe9]Qg[0xd3][0xa4]T[0xb7][0xa3][0xa9][0xad][0xa7][0xa7][0x7][0xdb][0xb7][0xef][0xc0][0x7][0x1f]|[0x88][0xee][0xee][0x13][0xe8][0xef][0xef][0x87][0xc9]dBYY)N=u1[0xce]=[0xf7]l[0xcc][0x98]1#o[0xf7]{[0xf7][0xdd][0xf7][0xb0]g[0xcf]^[0xd9][0xe3][0xcb][0x97]/[0xc3][0xcc][0x99]33[0xbe][0xae][0xdb][0xed][0xc6][0xb6]mo[0xca][0x1e]_[0xb6][0xec][0x1c][0xd8]l[0xb6][0x8c][0xaf][0xb][0x0][0xdb][0xb7][0xbf][0x9][0x97][0xcb]-yl[0xce][0x9c][0xd9]X[0xb4][0xa8]^[0xf6][0xb9][0xef][0xbf][0xff][0x1]:;[0xbb]F[0xbd][0x87] [0x8][0xb0]X[0xcc]())[0xc1][0x82][0x5][0xf3][0xa1][0xd1]d[0xf6]w[0xfc][0xc1][0x83][0x7][0xd1][0xdc][0xdc][0x9a][0xf2][0xb8]R[0xa9][0xc0][0xa5][0x97]^[0x92][0xd1][0xb5][0x0][0xc0][0xe1]p[0xe0][0x85][0x17]^[0xcc][0xf8]y[0x3][0xaa][0xab][0xab][0xb0]r[0xe5][0x8a][0xac]"
14:28:10.957 [TestNG-test=Test1_Test2_Test3-1] DEBUG org.apache.http.wire -  >> "[0x9f][0x9f][0x8b]W_}[\r][0x81]@[0xea][0xdf][0xfd]55[0xb]PS[0xb3]`[0xc4][0xe7][0x16][0xea][0xf5]jk[0xdb][0x8d][0xf7][0xdf][0xff] [0xa3][0xe7]$;[0xed][0xb4]S[0xd1][0xd0][0xb0]([0xeb][0xe7][0xef][0xdf][0xbf][0x1f][0xaf][0xbe][0xfa]:[0x8e][0x1c]9[0x8a][0xee][0xee][0x13][0xf0]x<[0xb0][0xdb][0xed][0xa8][0xae][0xae][0xc2]Yg[0x9d][0x89][0xa5]K?[0x9][0xab][0xd5][0x9a][0xf5][0xf5][0x89][0xa6][0x2][0x6][0x9a][0x93]8BQ[0xec]J4[0xbd]t[0x86][0x86]7[0xbd]T[0x9][0xc0][0x2]K<[0xc4][0xcc]7g[0xbf][0xe1]|@0&[0xe2][0xd5][0x9e]>l[0xec][0xec][0xc5][0x9b]}N[0xc]d&[0xbb]jhI[0x94]\[0xd9][0xe6][0xe8]D[0xca]3ICl[0xb0]O[0x8c][0xe5]f[0xe9][0x10][0x1][0xbc][0xe3][0xec][0xc7];[0xce]~[0xfc]|[0xcf]![0x9c]m[0xb7]buE[0x9].[0xa9]([0x85]1[0xcb][0xa0][0xa1]Q[0x8]Xl7`[0xb1][0xdd][0x0]4[0x86][0xd6]D[0xb8]9[0xe2][\r][\r][0x9e]s[0xc4][0x17][0xc1][0x11]_?^:[0xe][0xcc]6[0xa9]Qg[0xd5][0xa1][0xce][0xa6][0xcd]z[0x89]"[0x15][0xbf][0xb6][0xb6][0xdd][0xf8][0xf9][0xcf][0xef][0xc0]SO=[0x8d]p8[0xb5][0xc4][0xfb][0x0]A[0x10][0xb0]b[0xc5][0x85][0xb8][0xed][0xb6][[0xb1]l[0xd9][0xb9]9[0xdf][0xf7]+_[0xf9]:[0x9a][0x9b][d[0x8f][0xe7];7[0xe1]w[0xbf][0xfb]M[0xc6][0xd7]=p[0xe0] [0xd6][0xae]]'{[0xfc][0xf6][0xdb]o[0xc3][0xad][0xb7][0xfe]8[0xe3][0xeb]vtt`[0xc5][0x8a]U[0x88]DR[0x97][0xfb][0x2][0xc0][0xbf][0xfe][0xeb][0xb7]p[0xcf]=[0xbf][0x97]}[0xfe][0x1d]w[0xdc][0x89][0x8d][0x1b][0x9f][0xcb][0xe8][0x9e]:[0x9d][0xe]K[0x96][0x9c][0x85][0xaf]~[0xf5][0xff][0xc3][0xe7]>[0xf7][0x19][0xa8][0xd5][0xa3]/Y[0xdd][0xb8][0xf1]y|[0xf7][0xbb][0xdf]Oy\[0xab][0xd5]"[0x10][0x90][0xe]c#9|[0xb8][0x1d]_[0xfc][0xe2][0x97]3~[0xde][0x80][0x95]+W[0x8c][[0xa0][0xf9][0xc2][0x17][0xbe][0x8c][0xae][0xae][0xd4]P[0xf2][0xb3][0x9f][0xdd][0x8a][0xdb]n[0xfb][0x8f][0x11][0x9f][[0xa8][0xd7]k[0xf3][0xe6][0x97]%_[0xaf]t[0xdd]~[0xfb]m[0x19][0x7][0x9a]@ [0x80][0xfb][0xef]_[0x8f][0xfb][0xef][0x10]{[0xf7][0xee][0x1b][0xf1]\[0xad]V[0x8b]+[0xaf][0xbc][0x1c][0xff][0xf6]o[0xff][0x8a]s[0xce]9;[0xeb]q[0x12]Mf[0xfc]x[0x18][0x80]?[0x1a][0xc3][0xfb][0xbd]~[0xfc]u[0x9f][0x3][0xf][0xec][0xee][0xc3][0x8e]n[0xdf][0xb0]03[0xcb][0x18][0xdf]3[0xf1][0xed][0xfa]i[0xb8]rfINaF[0x4][0xf0][0xb6][0xc3][0x8d]o;[0x88][0xb3][0xdf][0xfc][0x10][0xdf]k[0xde][0x8f][0xad][0xbd][0xce]a[0x1]E[0x91][0x94][0x10][0x94]E[0xf0][0x1e]WLZ[0xfe]&[0xb5]&,[0x8a]xe[0x1c][0x97][0x9b][0xa5]#*[0x2]o[0xf6][0xb9][0xf0][0xef]m[0x7][0xb1][0xf4][0xcd][0xf]pc[0xd3]^l[0xea][0xee][0x83]?[0x16][0x1b][0xfd][0xc9]2[0xf4]J[0x5][0xce](1[0xe2][0xb]s[0xcb]qS]5VV[Q[0xad][0x1f][0xfe][0x8f][0xeb]!O[0x18]/[0x1e][0xeb][0xc7]o[0x9b]{[0xf0][0xf8]![0x17][0x9a][0x9c]A[0x84]&[0xdc]rB[0x1a]K[0xf7][0xdc]s[0x1f]N?}[0x9]6lx|[0xc4]0[0x3][0x0][0xa2]([0xe2][0xb5][0xd7]^[0xc7][0xf2][0xe5]+q[0xf3][0xcd][0xb7]@[0xcc]a[0xa6]v[0xd7][0xae][0xa6][0x11][0xc3][0xc][0x0]<[0xfe][0xf8]S[0x88][0xe5][0xf0]3 [0xe7][0xc1][0x7][0xff][0x84]h4[0xf3]Z[0xf3][0xeb][0xd7][0xff]Y6[0xcc][0x8c][0x95]@ [0x80]m[0xdb][0xb6][0xe3]K_[0xfa]*[0x1a][0x1b][0xcf][0xc0][0xc7][0x1f][0xef],[0xe8][0xfd])3[0xc5][0xf0]z=[0xf9][0xe4][0xdf][0xb1]`[0xc1]"|[0xef]{?[0x18]5[0xcc][0x0]@0[0x18][0xc4]c[0x8f]=[0x81]s[0xcf][0xbd][0x0][0x9f][0xfd][0xec][0x17][0xd0][0xdd][0xdd]][0x80]Q[0x12][0x15][0x97]);C[0x13][0x11][0x81]=[0xee] [0x9a][0x1c][0x1][0xec][0xef][0xf][0xa5][0x1c]/[0xd3][0xaa][0xd0]h7[0xa0][0xc1]n[0x84]I[0x95]{[0xee];[0xe8][0xb][0xe0][0xe9][0xce][0x13]x[0xb6][0xb3][0x17][0x1d][0xc1][0xd4][0xfb]%K[0xde]7#U[0xe5],2[0xd1][0xde][0xef]&[0xc6];[0xdd][0xa0][0x81]Yb[0xf][0xd1][0xd6]^'[0xfa][0xc2][0x85]}[0x13][0x92][0x8b]PL[0xc4]+'[0x1c]x[0xe5][0x84][0x3]:[0x85][0x2]+[0xca]lXSY[0x8a][0xe5]%6h[0xb2][0x9c]E1[0xa9][0x14]XRf[0xc2][0x92]2[0x13][0x9c][0xa1]h[0xbc][0x81][0xa7][0xcb][0x87][0x13][0x81][0xa1]?[0x97][0xfd][0xfd]![0xec][0xef][0xf]A)[0x0][0xf3][0xcc][0x1a][0xd4][0xdb]tX`[0xd1][0xca][0x16][0x86][0xa0][0xe2][0xf7][0xeb]_[0xff][0x16][0xb7][0xdc][0x92][0xf9]L[0x85]([0x8a][0xf8][0xed]o[0xef][0x86]J[0xa5][0xc2][0xaf]~[0xf5][0x8b][0xac][0xee][0xfd][0xe8][0xa3][0x8f][0x8d]z[0xce][0xf1][0xe3][0xc7][0xb1]m[0xdb]v\p[0xc1][0xf9]Y[0xdd]C[0xce][0xd1][0xa3]G[0xb1]q[0xe3]s[0xb8][0xea][0xaa]+[0xd3]~N$[0x12][0xc1][0xfa][0xf5][0xce][0xeb]82[0xb5]{[0xf7][0x1e][0x9c]}[0xf6]r[0xbc][0xf6][0xda]f[0x9c]}[0xf6][0xd2]q[0x1d][0xb][0x8d]n[0xa2][0xbd]^[0xb1]X[0xc][0xb7][0xde][0xfa]3[0xdc]y[0xe7][0xff][0xcb][0xfa][0x1a][0x8f]=[0xf6][0x4][0xde]z[0xeb]m<[0xfd][0xf4][0xe3]8[0xf3][0xcc]3[0xf2]8:[0xa2][0xe2]6%[0x3]M[0x8b]+[0x88]MG[0xfa]S[0x9a]^[0x1a][0x94][\n]"
14:28:10.960 [TestNG-test=Test1_Test2_Test3-1] DEBUG org.apache.http.wire -  >> "4[0xda][0xe3][0xfd]b*u[0xd9]W[0xc2][0x1a]p"[0x14][0xc6][0xa6][0xee]^<[0xdb][0xd9][0x8b][0xa6]~o[0xda][0xcf]K[0x8e][0x4]RE[0x1]&V[0xc9]f[0x1]B[0xa2] [0x80]\[0xef][0x99][0x89][0xb8][0xdc],][0x81]X[0xc][0x9b][0xba][0xfb][0xb0][0xa9][0xbb][0xf]F[0xa5][0x2][0x17][0x95][0xd9][0xb1][0xba][0xb2][0x14][0xe7][0x95][0xd8][0xb2][0x9e]=[0xb3]i[0x94]8[0xa7][0xc2][0x8c]s*[0xcc][0xe8][0x9]F[0xe2][0xe1][0xc6][0xe9][0x83]#[0x14][0xff][0xc4]:*[0xc6][0x8b]P[0xec]q[0x87][0xa0][0x16][0x4][0xcc][0xb7][0xc4][0xc3]M[0x8d]%[0xf7][0xbd]Z4q|[0xf8][0xe1]?[0xf1][0xe3][0x1f][0xdf][0x9a][0xd3]5[0xee][0xba][0xeb][0xf7][0xb8][0xee][0xba][0xcf]a[0xf1][0xe2][0xc6][0x8c][0x9f][0xfb][0xd8]cO[0xa6]u[0xde][0x86][\r]O[0xe4]=[0xd0][0x0][0xc0][0xbd][0xf7]>[0x90]Q[0xa0]y[0xe6][0x99]gq[0xfc][0xf8][0xf1][0xbc][0x8f]#S~[0xbf][0x1f]k[0xd7]^[0x85][0xd6][0xd6][0x8f]Q^^>[0xde][0xc3][0xa1]QL[0xa4][0xd7][0xeb]+_[0xf9]:[0x1e]z[0xe8]s[0xbe][0xce][0x91]#G[0xb0]r[0xe5]%[0xd8][0xbe][0xfd]u466[0xe4]adD[0xc5]oJ[0x6][0x1a][0x5]0[0x18]f[0xd4][\n]"
14:28:10.961 [TestNG-test=Test1_Test2_Test3-1] DEBUG org.apache.http.wire -  >> "[0x1][0xb][0x13][0xfb]b[0xe6][0x98][0xb4]9_[0xdb][0x17][0x8d][0xe1][0xe5][0x13][0xf1][0xcd][0xfd][0xff]p[0xb8][0x91]M[0xf4][0x18]6C#[0x11]h[0xa2][0x13][0xa9] [0x80][0x18][0x1b][0x9c][0xa1][0xa9][0x97][0x8]4[0xde]h[0xc][z[0x9d][0x85][0x1e][0xd5][0x98][0xf0]Fc[0xd8][0xd8][0xd5][0x8b][0x8d]][0xbd][0xb0][0xab]UXU^[0x82][0xd5][0x95][0xa5]8[0xcb]f[0xce]z[0xed]f[0x99]V[0x85][0xe5][0x95][0x16],[0xaf][0xb4][0xa0][0xd3][0x1f]N[0xcc][0xdc][0xf8][0xd1][0x1f][0x8e][0x87][0x9b][0xb0]([0xa2][0xd5][0x15]D[0xab]+[0x8][0x8d]B@M"[0xdc][0xcc]33[0xdc][0x14][0xbb][0x9f][0xff][0xfc][0xe][0xd9]eWs[0xe6][0xcc][0xc1][0xbf][0xfc][0xcb]u0[0x9b][0xcd]x[0xe9][0xa5]W[0xf0][0xca]+[0xaf]J[0x9e][0x17][0x8d]F[0xf1][0xe7]?[0xff][0x5]w[0xdf][0xfd][0xdb][0x8c][0xee][0xfd][0xce];[0xef][0xe2][0xc0][0x81][0x3]i[0x9d][0xfb][0xe4][0x93][0xc7]=[0xf7][0xfc][0x1e][0xaa],[0x8b]f[0xc8]y[0xfd][0xf5]7[0xd0][0xd6][0xb6][0x1b][0xb5][0xb5][0xb][0xd3]:[0xff][0xde]{[0x1f][0xc8][0xeb][0xfd][0x93][0xcd][0x9c]9[0x13]k[0xd7][0xae][0x19][0xfc]u,[0x16][0xc3][0xfe][0xfd][0x7][0xf0][0xc6][0x1b][$[0x97][0x1][0xf6][0xf6][0xf6][0xe2]?[0xfe][0xe3][0xe7]x[0xe0][0x81]{[0xc6]lL[0xe9][0xfa][0xea]W[0xbf][0x8c][0xe9][0xd3]O[0x19][0xf1][0x9c][0xb9]s[0xe7][0x14]h4[0x85]Q[0xa8][0xd7]K[0xa9]T[0xa6][0xb5][0xd7]k[0xf9][0xf2]e[0xa3][0x9e][0xf3][0x8b]_[0xfc]*/af[0x80][0xcb][0xe5][0xc2][0xea][0xd5]W`[0xd7][0xae][0xf][0xb2].[0xb0]A4[0x99]L[0xc9]@3[0xcb]4[0xf4]fp[0xae]I[0x87][0xb5]3[0xec]9]/[0x6][0xe0][0xad]>[0x17]6v[0xf6][0xe0][0x95][0x13][0x8e][0x9c][0xf6]][0x0][0x80]")[0xc4]HU9[0x9b]H[0x15][0xce]D!^[0x13]`[0xae]I[0xb][0x9d][0xc4][0x94][0xc5][0x96]^[0x7]|[0xd1][0xfc][0xaf][0xc1][0x1f]o[0x8e]p[0x4][0x1b][0x8e]wc[0xc3][0xf1]n[0x94]i[0xd4][0xb8][0xa4][0xa2][0x4]k*Jq[0xba][0xd5][0x84]lW[0x88]U[0xe9][0xd5][0xa8][0xd2][[0xb1][0xa2][0xda][0x8a]#[0xbe][0x10]Z[0x9c]>[0xb4]9[0xfd][0x83]~[0xa1][0x98][0x88]&g[0x10]M[0xce] tJ[0x1][0xb5]V-[0xea][0xac]:[0xcc]6[0xe5]>[0x9b]H[0x85][0xe5][0xf3][0xf9][0xf0][0xd2]K[0xaf]H[0x1e][0x9b]7o[0x1e]>[0xfa][0xe8]][0x98]L&[0x0][0xc0][0xcd]7[0x7][0xdf][0xfc][0xe6][0x8d]x[0xf0][0xc1]?J[0x9e][0xff][0xe2][0x8b]/[0xe1][0xee][0xbb]3[0xbb][0xff][0x86][\r][0x8f][0xa7]}noo/^y[0xe5][0xd5][0xac][0xaa]s[0x8d][0xe6][0xbe][0xfb][0x1e][0xc0][0xff][0xf7][0xef]F=[0xaf][0xb5][0xb5][\r][[0xb6]l[0xcd][0xfb][0xfd][0x7][0xd4][0xd5][0xd5]J[0x16][0x13][0xf8][0xe8][0xa3][0x8f][0xb1]b[0xc5]*8[0x1c][0x8e][0x94]c[0x8f]>[0xfa][0x18][0xee][0xbe][0xfb].h[0xb5][0xb9][0x10][0x96][0x8b][0xeb][0xaf][0xff]2[0x96].[0xfd][0xe4][0xb8][0x8e][0xa1][0xd0][\n]"
14:28:10.961 [TestNG-test=Test1_Test2_Test3-1] DEBUG org.apache.http.wire -  >> "[0xf5]z[0xa9]T[0xaa]Q[0xb][0x17][0xa4][0xe3][0x9d]w[0xde][0xc5][0xad][0xb7][0xfe]l[0xc4]sV[0xac][0xb8][0x10]k[0xd7][0xae][0xc1][0x82][0x5][0xf3]a2[0x19]q[0xec][0xd8]ql[0xda][0xb4][0x19]O<[0xf1][0x14]B![0xe9]e[0xea]G[0x8f][0x1e][0xc5][0x8f]~t[0xeb][0x84][0x8][0xd6]D[0xe3]mJ[0x16][0x5][0xd0]+[0x5][0xcc]J[0xbc][0x9][0xdc][0xed][0xf6][0xa7][0x94]dN[0xd7][0x1e][0xaf][0x1f][0xbf][0xdc][0xd7][0x8e][0xf3]w[0xfc][0x13]_[0xfd]x7[0x9e][0xed][0xea][0xcd]9[0xcc][0x0]'[0xcf][0xd0][0xa4][0x1e][0x9f]HK[0xce][0x6][0xda]i.*[0xa2][0xea]f[0xf9][0xd6][0x13][\n]"
14:28:10.962 [TestNG-test=Test1_Test2_Test3-1] DEBUG org.apache.http.wire -  >> "[0xe3][0xe1][0xa3]][0xf8][0xdc][0x87]-8[0xff][0xad][0x8f][0xf0][0xcb]}[0xed][0xd8][0x95][0xc1][0x12]C)3[0xc][0x1a][0xac][0x9a]f[0xc3][0xb7][0xeb][0xab][0xf1][0xb9]9e8[0xd5]n[0x18][0xb6]'[0x10][0x15][0xf1]Q_[0x0][0x8f][0x1e]t[0xe2][0xee][0xd6][0x9e]\[0xb]T`[0x87][0xf][0xb7]#[0x18][0x94].c~[0xc5][0x15][0x97][\r][0x86][0x99][0x1]?[0xfb][0xd9]OF[0xbc]V&[0xc5][0x1]b[0xb1][0x18][0x1e][0xfc][0xa9][0xb4][0xcf][0x7][0xe2][0xcb][0xce][0xc6][0xc2]C[0xf]=[0xc][0x8f][0xc7]3[0xea]y[0xf7][0xdd][0xf7][0xe0][0x98][0xdc]4[0xa7][0x9d]v[0xaa][0xec]'[0xf4]n[0xb7]{Bn8[0x9f][0xca]&[0xea][0xeb][0xf5][0xc3][0x1f][0xfe]D[0xf6]gt[0xda][0xb4]i[0xd8][0xb6][0xed]5[0xbc][0xf6][0xda]f|[0xe7];7a[0xcd][0x9a]Kq[0xfe][0xf9][0xcb][0xf1][0xf9][0xcf][0x16][0xf]?[0xfc]W[0xbc][0xf9][0xe6][0x1b][0xa8][0xaa][0xaa][0x92][0xbd][0xf6][0xfa][0xf5][0xc2][0xbe]}[0xa3][0x17][0x16] [0x9a][0xec][0xa6][0xe4][0xc][\r][0x0]4[0xda][0xf4]8[0xec][0x89]OM[0xb7][0xb8]|8[0xa3][0xc4][0x98][0xd6][0xf3]:[0x82]![0xbc][0xd0][0xd5][0x8b]g;{[0xb0][0xdb][0xeb][0x1f][0x93][0xb1])[0x87]U9[0x9b][0xb8]34"D[0x8][0x10][0xa0][0x14][0x80][0x1a][0x8b]>[0xe5]xo8[0x82][0xad][0xbd][0xae]q[0x18][0xd9][0xf8][0xe9][\n]"
14:28:10.963 [TestNG-test=Test1_Test2_Test3-1] DEBUG org.apache.http.wire -  >> "[0x86][0xf0][0x97]#[0x9d][0xf8][0xcb][0x91]NL[0xd7]i[0xb1][0xba][0xa2][0x4][0xeb][0xaa][0xcb]1[0xd7][0x90]}e[0xbc][0xd9]&-f[0x9b][0xb4]X=[0xdd][0x8e][0xbd][0xee][0x0][0x9a][0x9d]>[0xec]u[0x7][0x6][0xbf][0xf]|[0x13][0xae]J[0x4][0x8d][0xc6][0xe9][0x94]_[0x86][0xe9][0xf7][0x7]R[0x1e][0xab][0xae][0xae][0xc6]SO=&[0xfb]Im$[0x12]I[0xab]<-[0x0]l[0xdd][0xba]Mv/[0xca][0xfc][0xf9][0xf3][0xb0]o[0xdf][0xfe][0x94][0xc7][0x9f]y[0xe6]Y[0x4][0x2][0x1][0xe8]t[0xb9][0x97][0xab]O[0xe6]v[0xbb][0xf1][0xf0][0xc3][0x8f][0xe0][0x9b][0xdf][0xfc][0xba][0xec]9[0x1e][0x8f][0x7][0xfb][0xdb][0xc3]y[0xbd]o&[0x96].]"{[0xac][0xa3][0xa3][0xb3][0x80]#[0xa1]tL[0xb4][0xd7]k[0xeb][0xd6]m[0xd8][0xba]u[0x9b][0xe4][0xb1][0xb2][0xb2]2[0xbc][0xf5][0xd6][0x16][0xcc][0x9a]5K[0xf6][0xf9]g[0x9d][0xf5][0x9]<[0xf2][0xc8]CX[0xb9][0xf2][0x12][0xc9]P$[0x8a]"[0xee][0xbf]=[0xee][0xba]+[0xfb]B[0x3]D[0x93][0xc1][0x94][\r]4[0xb][0xad][0x1a][0xbc]x,[0xbe][0x1][0xbb][0xc9]1r[0xa0][0xf1]F[0xa3][0xd8][0x94]hz[0xf9][0x9e][0xb3][0xcc][0xc7][0x96][0xbc]rK[0xb2][0xca][0xd9]D[0x98][0xa1][0x11][0x0]A[0x8c][0x8f][0xad][0xc6][0xa2][0x97][0xac][0xfe][0xf5]rw[0xdf][0x84][0x9]_[0xe3][0xe1]h [0x88][0xf5][0xed][0x1d]X[0xdf][0xde][0x81][0xf9]F=[0xd6]T[0x94][0xe2][0xb2][0xca]R[0xcc][0xd4]g[0xbf]De[0x81]E[0x87][0x5][0x16][0x1d]"[0xa2][0x88]{[0xdb]:[0xe1][0x8b][0xc4]`d[0x19][0xb4][0xa2]SVV&{[0xec][0xf1][0xc7][0x9f][0xc4][0xcf]~[0xf6][0x13]TVV[0xe]{<[0x93][\r][0xf4]#[0x91][0x9b]m)))[0xc1]o~[0xf3]+\y[0xe5][0xd5])[0xc7][0xdc]n76m[0xda][0x9c][0xb7]1$[0xbb][0xf7][0xde][0x7]F[0xc]4[0xf]?[0xfc][0x8][0xdc][0xee][0xcc]{[0xb7][0xe4][0x8b][0xc3]![0x1f]>[0xf5][0xfa][0xfc][0x6]<[0xca][0xdd]D{[0xbd][0x9e]~z[0xa3][0xec][0xb1][0xfb][0xef][0xff][0xc3][0x88]af[0xc0][0x85][0x17]^[0x80][0xae][0xae]#[0xb2]{[0xee]2m$J4[0x19]M[0xc9]%g@[0xbc][0x1]b[0x9d]5[0xfe][0xc6][0xf2][0x98]/[0x4]gH[0xfa]/[0x8a][0xdb][0xf7][0x1e][0xc6][0x19][0xdb]>[0xc0][0xad]m[0x7][0xb][0x12]f[0x80][0xd1]gh&DQ[0x80][0xa4]!H[0x15][0x3][0x0][0x80][0x17][0xba]'[0xff]r[0xb3]t[0xed][0xf3][0xfa]q[0xf7][0xc1][0xa3][0xf8][0xd4][0xdb][0x1f][0xe3][0xca][0xf7][0x9a][0xb0][0xbe][0xbd][0x3][0xc7]G)[0xdf]=[0x92][0xbe]`[0x4][0xbe]H|yc[0xbd][0x8d]o[0xaa][0x8a][0xcd][0xec][0xd9][0xb3]d7[0xf2][0xf6][0xf6][0xf6]b[0xc9][0x92]ex[0xe2][0x89][0xa7][0xb2][0xea][0xd5]2[0x92]p8[0x8c][0xa7][0x9e]zZ[0xf2][0xd8][0xba]uW`[0xf5][0xea]Kd[0xc7][0x95][0xc9][0xbe][0x9b]L455c[0xdb][0xb6][0xed][0xb2][0xc7][0xef][0xbf][0xfd][0x98][0xdc]7][0xfd][0xeb][0xdf]d[0x8f]-ZT_[0xc0][0x91]P:&[0xda][0xeb][0xf5][0xe2][0x8b]/I>>[0xfe]<|[0xfa][0xd3][0xf2][0xcd]gOV^^[0x8e][0xaa][0xaa]*[0xc9][0xff]JJJ[0xf2]5\[0xa2][0xa2]5egh[0x0][0xa0][0xd1][0xae]G[0x93]3[0xbe][0x8e]}[0xa7][0xc3][0x8b][0xe5][0x95][0x96][0x94]s[0xc6]#[0xf1])F[r6[0x1][0xf6][0xd8][0x8b][0xa2][0x8]A[0x10][0xa0]V[0x8][0xa8][0xb1][0xa4][0xbe][0xa1]n[0xf7][0x7][0xb][0x16][0x0][0x8b]M[0xab][0xc7][0x87]V[0x8f][0xf]w[0xed]?[0x82]F[0xb3][0x11]k*KqyU[0x19]J[0xd5][0xe9][0xff]86;[0x87][0x96];.b[0xa0]):j[0xb5][0x1a][0x9f][0xfd][0xec][0xb5]x[0xe0][0x1][0xe9]7[0xeb][0xed][0xed][0xed][0xb8][0xf6][0xda][0xcf][0xc3]n[0xb7][0xe3][0x92]K.[0xc6]e[0x97][0xad][0xc6][0xa5][0x97][0xae][0x82][0xdd][0x9e][[0x1][0x93][0x97]_~[0x15][0xbd][0xbd][0xd2][0x1f]4\s[0xcd]UP[0xab][0xd5][0xb8][0xe2][0x8a][0xb5][0x92][0xd5][0x98][0x9e]~[0x13]<[0x1e]O[0xca][0xfe][0x9e]|[0xb8][0xef][0xbe][0x7][0xb1]|[0xf9]y)[0x8f]o[0xdf][0xfe]&v[0xee][0xdc][0x95][0xf7][0xfb][0x9d],[0x14][\n]"
14:28:10.963 [TestNG-test=Test1_Test2_Test3-1] DEBUG org.apache.http.wire -  >> "[0xa1][0xb3]sh9R,[0x16][0xc3][0xa1]C[0x87]q[0xff][0xfd][0xeb][0xf1][0xe4][0x93][0x97]|[0xce]'>q&N9e[0xe4][0xea]b[0x85][0xf0][0xd9][0xcf]~[0x11]:[0x9d][0xfc][0xac][0xef]5[0xd7]|[0x1a][0xb7][0xdf]~[[0x1]G4[0xf6][\n]"
14:28:10.963 [TestNG-test=Test1_Test2_Test3-1] DEBUG org.apache.http.wire -  >> "[0xf5]z[0x85]B![0xd4][0xd6][0x8e]\[0x12][0xfd][0xd7][0xbf][0xfe][0xe5][0xb0][0x8a]k[0xc9][0xfc]~?[0xf6][0xec][0xd9]+yl[0xf5][0xea]K H[0xfc][0xfb]ND[0xd9][0x99][0xd2][0x81]f[0xb6]I[\r][0x83]R[0x80]/*[0xe2][0xe3]>[0xe9]@sUu9[0xfe]v[0xb4][0xab][0xa0][0xe3]R[0x8c]V[0x14]`[0x2][0xcc][0xd0][0xc][0xfc]E\oM[0xdd];[0x3][0x0]/v[0xf7][0x15]r8EkW[0xbf][0x17][0xbb][0xfa][0xbd][0xf8][0xd5][0xbe]v,[0xb1][0x99][0xb1][0xa6][0xb2][0x14][0xab]*J`[0x1b][0xa5]Dn[0xb3][0xd3][0x7][0x0][0xb0]i[0x14][0xa8][0xd6]O[0xe9][0x1f][0xe3][0xa2]u[0xc7][0x1d][0xb7]a[0xe3][0xc6][0xe7][0xd0][0xd1][0xd1]!{[0x8e][0xc3][0xe1][0xc0][0xa3][0x8f]>[0x86]G[0x1f]}[0xc]*[0x95][\n]"
14:28:10.964 [TestNG-test=Test1_Test2_Test3-1] DEBUG org.apache.http.wire -  >> "[0xcb][0x97][0x9f][0x87][0xcf]|[0xe6]j|[0xe9]K_[0xcc][0xaa][0xba][0x96][0xdc],KII[0x9]V[0xac][0xb8][0x10]@[0xfc][\r][0xb0]T[0xa0][0xf1][0xfb][0xfd][0xd8][0xb8][0xf1]9\w[0xdd][0xe7]2[0xbe]o2[0xa9]}:[0xff][0xfb]3[0xe8][0xe8][0xe8]@uu[0xf5][0xb0][0xc7][0xa5][0x8a][0x1]h[0xb5]Z[0x94][0x97][0x97][0xe3][0xe8][0xd1][0xa3]9[0x8d]#[0xd9][0x1b]olAu[0xf5][0xe8]K[0x92][0xfd][0xf8][0xc7][0xb7][0xe4][0xed][0xfe][0xb9]8|[0xf8][0xf0][0x88][0xc7]'[0xe3]>[0x9f]B[0xbd]^[0xa2](b[0xf7][0xee]=#[0x9e][0xe3]r[0xc9][0xef][0x13][0xed][0xea][0x92][0xef] [0xd5];[0xea][0xe1][0x87][0x1f][0xc1][0xc3][0xf]?[0x9a][0xfe][0x0][0x13]jj[0xe6][0xa7]U-[0x90]h2[0x9b][0xf2][0xef][0x84][0x16][0x97][0xe8][0xf1][0xf6][0x9][0x1f]<[0x91][0x18][0xda][0xbd]![0xcc]4[0xe]_[0x8b]Zg2[0xa0][0xd6]d@[0x9b][0xc7]W[0xb0]1[\r]k[0xac][0x99]eg[0xfa]B[0x91][0xab]n[0xb6][0x89][0xcb][0xcd]2"[0x2]x[0xc7][0xd9][0x8f]w[0x9c][0xfd][0xf8][0xe9][0xee]C8[0xb7][0xc4][0x8a]?4[0xcc][0x87]Q[0xa9]L9[0xf7][0x88]/4[0xd8][0xa7][0xa6][0x81][0xb3]3E[0xab][0xb4][0xb4][0x14][[0xb7][0xbe][0x8a]u[0xeb][0xae]Ass[0xcb][0xa8][0xe7]G"[0x11][0xbc][0xfe][0xfa][0x1b]x[0xfd][0xf5]7[0xf0][0x9f][0xff][0xf9][0xb][0xfc][0xe8]G[0xdf][0xc7][0xb7][0xbe][0xf5][\r](%[0xbe]G[0xa4][0x4][0x2][0x1]l[0xdc][0xf8][0x9c][0xe4][0xb1]+[0xaf][0xbc]|[0xb0][0xa8][0xc0][0xa7]>[0xb5][0x12]V[0xab]U[0xf2][0x8d][0xda][0x86][\r][0x8f][0xe7][0x1c]h[0xbe][0xf1][0x8d][0xaf][0xe1][0x7]?[0xf8][0xd1][0xb0][0xc7][0xc2][0xe1]0[0xfe][0xf8][0xc7][0xff][0xc1]O:T[0xcd][0xad][0xab][0xab]Kry[0xdc]5[0xd7]|[0x1a][0xbb]v5[0xe5]5[0xd0]dj[0xed][0xda]5c[0xb2][0x9f][0x88][0xc6][0xc6]x[0xbd]^==[0xf2][0xff][0xe]J-[0x13][0xdb][0xb7]o?^z[0xe9][0xe5],[0xee][0xc3]J[0x97]DSv[0xf][0xcd][0x80]F[0xfb][0xd0][0x1b][0xc2]&[0x87]t[0xa9][0xdd][0xd5][0x15][0xa5][0x85][0x1a][0xe][0x80][0xe1][0x81]F[0xaa][0xb1][0xe6]x[0xcf][0xd0][0xc][0xdc][0xdd][0xa0]T`[0x96]1[0xf5]S[0xe2][0x3][0xbe]@A[0x3][0xe0]d[0xd4][0x1b][\n]"
14:28:10.964 [TestNG-test=Test1_Test2_Test3-1] DEBUG org.apache.http.wire -  >> "K[0x86][0x19][0x0]hq[0xe][0xfd][0xd9]6[0xd8][0xa5]g[0xc8][0xa8]8,X0[0x1f];w~[0x80][0xff][0xfb][0xbf][0x87]PWW[0x9b][0xf6][0xf3][0x8e][0x1d];[0x86][0x9b]n[0xfa].[0xd6][0xad][0xbb][0x6][0x91]H$[0xad][0xe7]<[0xff][0xfc]&[0xf4][0xf7]K/[0x3][0xbd][0xe6][0x9a][0xab][0x6][0xbf][0xd6]h4[0xb8][0xe2][0x8a][0xb5][0x92][0xe7][0xbd][0xfc][0xf2][0xab][0x92]=>2[0xb1]l[0xd9]9hhX[0x94][0xf2][0xf8][0xfa][0xf5][0x1e][0xf6]{[0xf9][0xe3][0x1f][0xff]G[0xb2]I[0xe2][0xb7][0xbe]%_@[0xa0][0x10].[0xba]h%[0x1e]yD~[0x9f][0x6]M,[0xe3][0xf9]z[0x8d]T[0x15]0[0x10]H[0xad]fHD[0xd9][0x9b][0xf2][0x81][0xa6]L[0xab]DUb[0xc9]N[0x8b][0xcb][0xf][0xa9][\n]"
14:28:10.964 [TestNG-test=Test1_Test2_Test3-1] DEBUG org.apache.http.wire -  >> "[0xb8]k*[0xb][0xbb][0xe1].y[0xc9][0x99]T[0xf5][0xb0]q[0xad]r&[0x8][0x83];|[0x1a][0xa6]p[0xef][0x99][0xb1]6R[0x88][0x1e][0x8]4[0x95]:[0x15][0xec][0x9a])[0xff]#\[0xf4][0x14][\n]"
14:28:10.965 [TestNG-test=Test1_Test2_Test3-1] DEBUG org.apache.http.wire -  >> "[0x5]>[0xff][0xf9][0xcf][0xa2][0xb9][0xf9]#[0xec][0xd8][0xb1][0x5]7[0xdf][0xfc][0x1d][0xcc][0x9b]7/[0xad][0xe7]>[0xf7][0xdc][0xb][0xf8][0xc5]/~[0x95][0xd6][0xb9][0x8f]>[0xfa][0x98][0xe4][0xe3]v[0xbb][0x1d]+W[0xae][0x18][0xf6][0xd8]5[0xd7]|Z[0xf2][0xdc]P($[T [0x13]R[0xa1][0xe4][0xd8][0xb1]cx[0xe6][0x99]g[0x1][0x0][0xd1]h[0x14][0xeb][0xd7][0xff]9[0xe5][0x9c]SO][0x8c]s[0xce]9;[0xe7][0xfb]g[0xa3][0xaa][0xaa][\n]"
14:28:10.965 [TestNG-test=Test1_Test2_Test3-1] DEBUG org.apache.http.wire -  >> "[0xf7][0xde]{7^|[0xf1][0xd9]1[0xd9]GD[0xf9]5[0x11]^[0xaf][0x8a][0x8a]r[0xd9]c[0x93]q) [0xd1]x[0x9a][0xf2]K[0xce][0x80][0xf8],M"
14:28:10.967 [TestNG-test=Test1_Test2_Test3-1] DEBUG org.apache.http.wire -  >> "[0xa7][0xdf][0x83]pL[0xc4]^[0xb7][0x1f]u'[0xed][0xb][0x99][0xae][0xd3][0xe2],[0x9b][0xb9]`[0x9b][0xdc][0xa5]fe[0x92][0x8d][0xe7][0xc][0x8d]([0x8a][0x83][0x81]f[0x91]Du3[0x11][0xc0][0xc6].N[0xe7][0xea][0xd2][\n]"
14:28:10.967 [TestNG-test=Test1_Test2_Test3-1] DEBUG org.apache.http.wire -  >> "[0xe9][0x10][0xbd][0xbf]?0[0xd8][0x8]v[0x91][0x9d][0xcb][0xcd]&[0x13]A[0x10]p[0xce]9g[0xe3][0x9c]s[0xce][0xc1]}[0xaa][0xd1][0x0][0x0] [0x0]IDAT[0xc6]o~[0xf3]+[0xec][0xdd][0xbb][0xf][0xcf]>[0xfb]<[0x1e]z[0xe8][0xb1]kW[0x93][0xec][0xf3][0xee][0xba][0xeb][0xf7][0xb8][0xe5][0x96][0x9b]G[0xfc]4[0xb8][0xbf][0xbf][0x1f][0x9b]6m[0x96]<v[0xc5][0x15]kSz[0xd8]\|[0xf1]E[0xb0]X,[0x92][0xe5][0x92]7lx[0x2][0xd7]_[0xff][0x95]4W[0xd2][0xbe][0xf8][0xc5][0xeb][0xf0][0xc3][0x1f][0xfe]$[0xa5][0xa9][0xe6]}[0xf7]=[0x88][0xab][0xaf][0xbe][\n]"
14:28:10.967 [TestNG-test=Test1_Test2_Test3-1] DEBUG org.apache.http.wire -  >> "[0xcf]>[0xfb]<[0x8e][0x1c]9[0x92][0xf2][0xbc][0xb1][0x9a][0x9d][0xb1]Z[0xad][0xa8][0xad]]8[0xf8]kA[0x10]`[0xb5]ZQVV[0x8a]y[0xf3][0xe6][0xe2][0xa2][0x8b]V[0xe0][0xec][0xb3][0x97]B5[0xca][0xde][0xb6][0xf1][0xb0]u[0xeb][0xab]X[0xb2][0xe4],[0xd9][0xe3][0x13]q[0xcc][0xb9]*[0xd4][0xeb][0xa5][0xd5]j[0xe1]tv[0x8f]x[0xce]H%[0x93][0xcb][0xca][0xca][0xa0][0xd5]j%[0x9b][0xe8][0xee][0xd8][0xf1][0x16][0xbe][0xf7][0xbd]o[0xe7]4>"[0x1a]2[0xf9][0xfe][0xa6][0xcb]B[0xbd]M[0x87]W[0x8e][0xc7][0xff]a[0xdd][0xe5][0xf0][0xa5][0x4][0x1a][0x0][0xb8][0xaa][0xaa][0xbc]`[0x81]f[0xa0][0xca][0x99]R&[0xd7]D[0xc7]q[0x86]f`H6[0x8d][0x12]U[0xfa][0xd4]F~[0x1f][0xbb]=8[0xe2][0x97][0xee][0x80]N[0xe9]9[0xcb]f[0x96][0xed]U[0x93]\[0xdd][0xac][0x91][0xfb]g&[0xb5][0x5][0xb][0xe6][0xe3][0xe6][0x9b][0xbf][0x83][0xef]}[0xef][0xdb][0xf8][0xf3][0x9f][0xff][0x82][0x1b]n[0xf8]7[0xc9]%Xn[0xb7][0x1b][0xaf][0xbf][0xbe][0x5][0xab]W_"{[0xad][0xa7][0x9f][0xde]([0xbb][0xc4][0xa5][0xba][0xba][\n]"
14:28:10.969 [TestNG-test=Test1_Test2_Test3-1] DEBUG org.apache.http.wire -  >> "[0x9b]7[0xa7][0x96][0x96]mhX[0x84][0xb7][0xde][0xfa]G[0xca][0xe3][[0xb6]lEWWWJ[0x9f][0x9c]L[0x98][0xcd]f\w[0xdd][0xe7][0xf0][0xe0][0x83][0x1c][0xf6][0xf8][0x1b]olAKK[0xab]d1[0x0][0x8b][0xc5][0x92][0xf3][0xfe][0x1d]9K[0x97]~[0x12][0x9b]7K[0xef]/[0x9a][0xe8]4[0x1a]M[0xde][0x1b][0x9e]Nt[0x85]|[0xbd]r[0xf9][0xb3]U([0x14]X[0xbe][0xfc]<[0xbc][0xf2][0xca][0xab])[0xc7]6m[0xda][0x8c][0xee][0xee]nTTT[0xc]>v[0xe3][0x8d][0xdf][0xc2]g?{[0xad][0xe4][0xb5]v[0xec]x[0xb][0xd7]_[0xff]M[0xc9]c[0xa7][0x9c]2-[0xeb]1[0x12]M[0x16][0xc]4[0x0][0xc]J[0x1][0xf3][0xcd][0x1a][0xec][0xeb][0xf]a[0x0][0xbe]h[0xc][0x6][0xe5][0xf0][0xa5]<[0xab]*Jp[0xfb][0xde]C[0xf0]E[0xc7][0xbe]f[0xf2]@[0x90][0x91][0x9b][0xa9][0x19][0xef]=4[0x0][0xd0]h[0x97]nD[0xca][0xe5]f[0xb9][#[0xb3][0xdc],"[0x2]m[0xae][0xf8]r[0xb3][0x99]F5[0xc]l[0xa8]9%[0x8][0x82][0x80][0xeb][0xaf][0xff][\n]"
14:28:10.971 [TestNG-test=Test1_Test2_Test3-1] DEBUG org.apache.http.wire -  >> "[0xf6][0xec][0xd9][0x8b]_[0xff][0xfa][0xb7][0x92][0xe7][0x1c]:th[0xc4]k<[0xfa][0xa8]|[0xf][0x99];[0xef][0xfc][0xb8][0xf3][0xce][0xf4][0xbb][0x8c]G[0xa3]Q<[0xfe][0xf8][0x93][0xb8][0xe9][0xa6]M[0xfb]9Rn[0xb8][0xe1][0x1b])[0x81][0x6][0x0]n[0xbe][0xf9][0x87]x[0xed][0xb5][0xd7]S[0x1e][0xff][0xe2][0x17][0xaf][0xe3]R[0xaf][0x9][0xe2][0xd1]G[0x1f][0x83][0xd7][0x9b][0xba][0xe7][0xf4][0x13][0x9f]8[0x13][0xa7][0x9d]v[0xea][0xb0][0xc7]b1[0xe9]3[0x15][0x8a][0xa9][0xb1]\v[0xf5][0xea]K$[0x3]M [0x10][0xc0][0xbf][0xff][0xfb]O[0xf1][0xa7]?=0[0xf8]XYY[0x99]l[0xd3][0xdd][0x9f][0xfe][0xf4][0xe7][0xb2][0xf7][0xb8][0xf4][0xd2]U[0xb9][0xf][0x94][0xa8][0xc8]M[0x8d][0xbf]Q[0xd2]0[0xbc]8@[0xea][0x86]v[0xa3]R[0x81][0x8b][0xcb][0xb][0xb3][0x97]F98C#[0x13]h[0xc6]i[0x86]FL[\n]"
14:28:10.971 [TestNG-test=Test1_Test2_Test3-1] DEBUG org.apache.http.wire -  >> "RR[0xcb][0xcd][0xc2][0xa2][0x88][0xe7][0x19]hr[0xa2][0x12][0x4]\,[0xb3][0xdc]l[0xaf][0xdb][0x8f][0xc4]j3[0xf6][0x9e])r[0x1f]~[0xf8]O[0xd8]l[0x15][0x92][0xff]}[0xf9][0xcb]_[0x93]|[0x8e]T[0x9f][0x96][0x1][0x81][0x80][0xfc][0xac]hOO[0xf]^}[0xf5][0xb5][0x9c][0xc7][0x9c]l[0xc3][0x86]'r[0xbe][0xc6][0xe2][0xc5][0x8d][0x92][0xfb]a6o~i[0xd8][0xdf]5[0x3][0xc6][0xbb][0x18][0x0][\r][0xf9][0xcf][0xff][0xfc]/|[0xed]k[0xdf]J[0xf9][0xef]O[0xfa][0xcb][0xb0][0xf3][0x82][0xc1][0xa0]l[0x5].[0xbb]][0xba][0x81][0xeb]d[0xf3][0xb9][0xcf]][0xb][0xa3]Q[0xfa][0x3][0xc0]?[0xff][0xf9]/[0xb8][0xeb][0xae][0xdf][0x8f]z[0x8d][0xff][0xf9][0x9f][0xbf][0xe2][0x89]'[0x9e][0x92]<f[0xb1]Xdgu[0x88][0xa6][0x12][0x6][0x9a][0x84]Z[0xab][0x16][0xea][0xc4][0x6][0xfc]][0x12][0x81][0x6][0x88][0xf7][0xa4])[0x84][0x81]@[0xa3][0x92])[0xd9],U[0xb8][0xa0][0x10][0x6][0xf2]U[0x95]^[\r][0xbb]&[0xb5][0x2][0xd7]?[0x1c]n[0xf4][0x85][0xd3][0xab][0xb8]D[0xd2][0x96][0xda]-[0xb2][\r]6[0x9b][0x93][0xaa][0x9b][0xd5]Z3[0xef]AB[0x13]GYY)\.[0x97][0xe4][0x9b]7[0xbf][0xc][0x9f]/[0xf5][0xef][0xa0][0x91][0xfa]a[0xcc][0x98]1][0xf6][0xd8][0x93]O[0xfe]=[0xed]Jh[0xe9][0xfa][0xc7]?[0xde]F{{{[0xce][0xd7]I7[0xa4],_~[0xde][0xb8]ty'i'[0xf7][0xb][0x1a][0xf0][0xd4]SO[0xf][0xdb]w[0xf5][0xd0]C[0xff]+[0x19]N[0x1]`[0xda][0xb4][0xa9][0xb1]L[0xaa][0xb2][0xb2][0x12][0xdf][0xfe][0xf6][0x8d][0xb2][0xc7][0xbf][0xff][0xfd][0x1f][0xe2][0xda]k?[0x8f][0xd6][0xd6][0xb6][0x94]cn[0xb7][0x1b][0xb7][0xdf][0xfe][0xb]|[0xfd][0xeb]7[0xc8]>[0xff][0xdb][0xdf][0xbe][0x11]6[0xdb][0xd4][0x8][0x87]D#a[0xa0]I[0xb2][0xc8][0x16][0x93][0xd8][0x1d][0x8][0xa3]'[0x98][0xfa][0x6]`[0x89][0xcd][0x8c][0xe9]#td[0xce][0x97][0x81]*g[0x13]k[0x86]F[0xc0][0xc0][0xe][0x1a][0xa9][0xd9][0x19][0x80][0xcb][0xcd][0xf2]An[0xb9]Y *b[0xaf];[0xbe][0x7]b[0x81]E[0x3][0x9d][0xdc][0x6]+*[\n]"
14:28:10.972 [TestNG-test=Test1_Test2_Test3-1] DEBUG org.apache.http.wire -  >> "3f[0xcc][0x90]}C[0xd7][0xd9][0xd9][0x89][0xaf]|[0xe5][0xeb]p:[0x9d][0x83][0x8f][0xbd][0xf1][0xc6][0x16][0xdc]q[0xc7][0x9d][0x92][0xe7][0xab]T*\x[0xe1][0xf9][0xb2][0xf7][0x1a]i[0xb9]Y[0xb6]DQ[0xcc][0xcb],[0xcd]5[0xd7]|Zv[0x89]M[0xb2][0x1b]n[0xf8]F[0xce][0xf7][0xa2][0xfc]Y[0xb6][0xec][0x1c][0xc9][0xc7];;;q[0xe6][0x99]K[0xf1][0xe3][0x1f][0xdf][0x8a]/}[0xe9][0xab][0xb8][0xe1][0x86][0x93]<O[0x10][0x4][0x9c]w[0xde][0xb9]c9[0xc4][0x9][0xe5][0x96][n[0xc6][0x9c]9sd[0x8f]?[0xf1][0xc4]S[0xa8][0xaf]?[0x15][0xf3][0xe7][0xd7][0xe3][0x92]K[0xd6][0xe2][0xd3][0x9f][0xfe][0xc][0x96]-[0xbb][0x10]UU3[0xf1][0xd3][0x9f][0xfe][0x1c][0xd1]hT[0xf2]y[0x8b][0x16][0xd5][0xe3]'?[0xf9][0x91][0xe4]1[0xa2][0xa9][0x86]{h[0x92]4[0xda][0xf5][0xf8][0xa8]/[0xfe][0xa6]qg[0x9f][0x17]+[0xaa][0xad][0xc3][0x8e][0xb][0x88]W[0x9f][0xfa]c[0xbb]|g[0xef]|P[\n]"
14:28:10.972 [TestNG-test=Test1_Test2_Test3-1] DEBUG org.apache.http.wire -  >> "[0xa3][0x14][0x5][0x18][0x87]=4"[0x86][0xaa][0x9b]5[0xc8],7{[0xf9]D_a[0x7]5[0xc9][0x18][0x94][\n]"
14:28:10.973 [TestNG-test=Test1_Test2_Test3-1] DEBUG org.apache.http.wire -  >> "[0xac][0x92]Yn6[0xb0]w[0x6][0xe0]r[0xb3][0xc9]@[0x10][0x4]\{[0xed][0xa7][0xf1][0xfb][0xdf][0xff]A[0xf2][0xf8]c[0x8f]=[0x81][0xa7][0x9f][0xde][0x88]9sf[0xc3][0xed][0xee]GG[0x87][0xfc][0xdf]9#[0x85][0x82]c[0xc7][0x8e][0xe1][0xcd]7wH[0x1e];[0xfd][0xf4][0xd3][0xd2]*[0x81][0xfc][0xd0]C[0xff][0x9b]R[0x8d][0xc][0x88]7[0xd9][0xbc][0xe5][0x96][0x9b]G}[0xfe]H[0xb4]Z-[0xbe][0xfc][0xe5][0x91][0xdd][0x1b][0x4][0xc4]?[0xe1][0x9e],M,[0x83][0xc1] f[0xcf][0xae][0x91]=n[0xb1][0x98][0xb1]s[0xe7][0x7][0x19]]s[0xdd][0xba]k[0xa1][0xd5][0x8e][0xfc]A[0xdb][0xb2]e[0xe7][0xe0][0xe1][0x87][0xff][0x9a][0xd1]uGr[0xf5][0xd5]W[0xe1][0x8e];[0xee][0x94][0x9c]}[0xd9][0xb7]o?~[0xf9][0xcb]_[0x8f][0xf8][0xfc][0xb].8[0xd8]f[0xf8][0x89]j[0xb4][0xd7]k[0xc0][0xf7][0xbf][0xff][0x1d][0xdc]x[0xa3][0xfc],[0x8a][0xd5]j[0xc5][0xf3][0xcf]?[0x8d][0xb3][0xcf]^.Y9p[0xc0][0xfe][0xfd][0xfb][0xb1][0xff][0xfe][0xb4][0xc6]f[0xb5]Z[0xb1]a[0xc3][0xc3][0xa3][0xbe][0xf6]DS[0x5][0x3]M[0x92][0xe9][0x6][0x15][0xac]j[0x5]\[0xe1][0x18]v9|)[0x81][0x6][0x0][0xd6]T[0x96][0x16] [0xd0][0xc4][0xff]/[0xbf][0xe4]l[0xfc][0x8a][0x2][0xcc]4jaP[0xa5]N[0xec]m[0xed]u[0x16][0xa4]`[0xc2]dvA[0xa9][\r]F[0xa5][0xf4][0xa4][0xe9]@u3[0xa5][0x0],[0xb0][0xf0][0x1f][0xb0][0xc9][0xe0]'?[0xf9][0x11][0xfe][0xf6][0xb7][0xff]C_[0x9f][0xf4][0x7][0x1][0xa1]Ph[0xc4]ef@|[0x13][0xf1]]w[0xc9][0xf7][0xa1]y[0xec][0xb1]'e7e[0xdf]v[0xdb][0xe0][0xf2][0xcb]/[0x1b]u[0x9c]}}}[0x92]=l[0xfe][0xf9][0xcf][0x8f][0xb0]g[0xcf]^[0xd4][0xd4],[0x18][0xf5][0x1a]#[0xf9][0xe6]7[0xbf][0x86][0xdf][0xfc][0xe6]w[0xb2]K[0x93][0xae][0xbf][0xfe][0xcb])e[0xa5][0x8b][0xd9][0xe1][0xc3][0x87]e[0x8f]Y[0xad][0xa9][0xff][0xe6][0x8c][0xa6][0xb3]s[0xf4]~&[0xf3][0xe7][0xa7][0xd7][0xd7](][0x8b][0x17]7[0xe2][0xea][0xab][0xaf][0x92][0xdd][0xd7]1[0x12]A[0x10]p[0xc7][0x1d][0xb7][0xe5]u<ci[0xa4][0xd7]k[0x80][0xd3][0xe9][0x1a][0xf5][0x9c][0xfa][0xfa]:<[0xfd][0xf4][0xe3][0xb8][0xea][0xaa][0xcf][0xc0][0xe5][0x1a][0xfd][0xfc][0x91][0xe8][0xf5]z<[0xf7][0xdc][0xdf]%[0x1b][0xd4][0x12]MU\rv[0x92][0xc5]%[0xf1][0x92][0xcd][0xbe]h[0xc][0x7]<[0xa9][0x1b]m[0xeb]L[0x6][0xd4][0x9a][0xa4][0x97]\[0xe5][0xcb]@[0xd9][0xe6][0xd1][0xfa][0xd1][0x14][0xd2]P[0xef][0x19][0xe9][0xce][0xf4][0xef]8Q[0xb8][0xc1]LRk*[0xa5][0x97][0x9b][0xf9]"1[0xb4]{[0xe3][0xdf][0x8b][0xb5]V-X[0xdc]lr(++[0xc3]3[0xcf]<[0x91]u[0xe5].[0x9b][0xcd][0x86][0x97]_~Av?[0x3] [0xdf]L[0xd3]l6c[0xd5][0xaa]O[0xa5]u[0x1f][0xb9]&[0x9b]#]?[0x13]s[0xe7][0xce][0xc5][0xaa]U[0x17]K[0x1e]S*[0x95][0xf8][0xfa][0xd7][0xbf][0x9a][0xf3]=([0xff][0x1e]|[0xf0]^,\8[0xfa][0xec][0xc5][0xc9]~[0xf5][0xab]_[0x8c][s[0xd4][0xf1][0xb6]b[0xc5][0x85]x[0xf7][0xdd][0x1d][0xc3]z[0xe8]dj[0xce][0x9c]9[0xd8][0xb1]c[0xb][0xce];oY[0x1e]GFT[0xfc][0x18]hN[0xd2]`K[0xae]v[0x96]Z[0x96][0x12][0x0][0xd6]U[0x8d][0xbe][0xe6];[0x17][0x3]34[0x13]f[0xf]M[0xd2]'[0xa7][0xb5][0xd6][0xd4]0[0xe7][0x8d][0xc6][0xb0][0xb5]7[0xb7]O[0x9c][0xa6]:[0x83]R[0x81][0xf3]K[0xa5]7v69[0xb9][0xdc]l[0xb2]:[0xef][0xbc]e[0xd8][0xb1]c[0xb]>[0xf1][0x89]33z[0xde]9[0xe7][0x9c][0x8d][0xf]?|[0x1b][0xa7][0x9f]~[0x9a][0xec]9[0xfb][0xf7][0xef][0xc7][0xfb][0xef]K/_[0xba][0xec][0xb2][0xd5]i/U[0xb9][0xf4][0xd2]U[0xb2][0xa1]k[0xc3][0x86][0xfc][0xec][0xcf][0x91]+[0xe][0xb0]f[0xcd][0xa5][0x98]9sf^[0xee]A[0xf9]e[0xb7][0xdb][0xb1]u[0xeb][0xab]X[0xb1][0xe2][0xc2][0xb4][0xce][0xd7]j[0xb5]x[0xe0][0x81]{[0xf0][0x83][0x1f]|o[0x8c]G6[0xb1][0xd5][0xd4],[0xc0][0xfb][0xef][0xff][0x3]w[0xdc][0xf1][0xf3][0x8c]6[0xf3][0xeb]t:|[0xf7][0xbb][0xff][0x86][0xf]>[0xf8][0xc7][0x88]?[0xf7]DS[0x15][0x3][0xcd]Il[0x1a][0x5][0xa6][0x1b][0xe2]+[0xf1][0xda]\~[0x84]$[0xc2][0xc3][0xe5]Uec:{[0xa2][0x10][0xe2]/[0x8b][0xcc][0xea][0xa3][0xc2]/9K[0xfc]^[0x17]Xt[0x92][0x9b][0xd1]_[0xea][0xee][0x9b][0x10][0xbd]q[0x8a][0xd9][0xc5][0xe5]%P[0xcb]|O[\r]T7[0xd3])[0x5][0xcc]3[0xcb]w[0xa5][0xa6][0xe2][0xb4]xq#[0xde]y[0xe7]M<[0xfb][0xec][0xdf][0xb1]n[0xdd][0x15](-[0x95][0x9e][0xa9]+))[0xc1][0x95]W^[0x8e][0x17]_|[0x16]o[0xbe][0xf9][0xc6][0x88][0x9b][0x8c][0x81][0x91][0x8b][0x1]\}[0xf5]Ui[0x8f]O[0xa7][0xd3][0xe1][0xb2][0xcb]VK[0x1e]kk[0xdb][0x8d][0x8f]?[0xde][0x99][0xf6][0xb5][0xe4][0xc8][0x5][0x17][0x96]j[0x9e][0xd8]*++[0xf1][0xea][0xab]/[0xe2][0xa9][0xa7][0x1e][0xc3][0x85][0x17]^[0x0][0x8d]&[0xf5][0xef][0xa7][0xe9][0xd3][0xa7][0xe3][0xa6][0x9b]n[0xc0][0x9e]=M[0xf8][0xc6]7[0xa4]K[0x92]O5F[0xa3][0x11]?[0xf9][0xc9][0x8f]p[0xf0][0xe0]n<[0xf0][0xc0]=[0xb8][0xfc][0xf2][0xcb]$?4P*[0x95]X[0xb6][0xec]\[0xfc][0xf2][0x97][0xff][0x85][0xfd][0xfb][[0xf1][0xdb][0xdf][0xfe][0x1a]v[0xbb]}[0x1c]FL4[0xf1][0x9][0xd8][0xf6][0xde][0xb8][0xbd][0x13]}x[0xe1][0xc]\W1[0xf1]~8?[0xea][0xb][0xe0][0xc5]c[0xfd][0x0][0x80]5[0xd3][0xed]XlO[0x9d][0x95][0xb8]a[0xd7][0x1e][0xbc][0xd6][0xe3]Ly<[0x1f]>c[0xaf][0x82]^[0xa9]D[0x8d]E[0x87]O[0xcf]J}s[0xb3][0xe1]`[0xf][0xe]J,[0x87][0x1b][0x1b][0x2][0x80][0xf8][0xb7][0xc8][0x95]3KPgM]r[0xf6][0x85][0xb6][0xe2]=g[0x81][0xc6]39[0xfd][0xed][0xf4]:|[0xd2]fNy[0xdc][0x11][0x8a][0xe2][0x81][0xdd][0xf1]5[0xf2]g[0x94][0xe8][0xb0][0xea][0x94][0xd4]sh[0xf2]9r[0xe4][0x8][0xba][0xbb]O[0xc0][0xe3][0xf1][0xc0]h4[0xa2][0xac][0xac][0x14][0xb3]f[0xcd][0x82]0[0x81][0x96][0xa1][0x12][0x9d][0xcc][0xef][0xf7][0xe3][0xc0][0x81][0x83][0xe8][0xeb][0xeb][0x83]V[0xab]EUU%g[0xd8][0xd2]$[0x8a]"[0x1c][0xe][0x7][0xba][0xbb]O[0xc0][0xef][0xf7][0xa3][0xa2][0xa2][0x1c][0x95][0x95][0x95]P[0xa9][0xb8][0xd5][0x99][0x8a][0x87]qG[0x13]|2[0xfb]6[0xc7][0x1a]R$[0xd4][0xdb][0xb4][0x83][0x81]f[0x97][0xc3]'[0x19]h[0xae][0xaa].[0x1f][0xb3]@[0xa3][0x1c][0xa5]ls![0xab][0x9c][0x89][0x88]A[0x80][0x90][0xd8][0x8c][0x9e][0x1a]fz[0xc3][0x11][0x86][0x99][0x1c][0x95][0xa8]UX"[0x11]f[0x80][0xe1][0xcb][0x1e][0xeb][0xed][0xd2][0xfb][0x97]h[0xf2][0x99]1c[0x6]f[0xcc][0x98]1[0xde][0xc3] [0xca][0x88]^[0xaf]g[0xbf][0xa0],[0x9][0x82][0x80][0x92][0x92][0x12][0x94][0x94][0x14][0xa6][0x81]7[0xd1]d[0xc3]%g[0x12]4[\n]"
14:28:10.974 [TestNG-test=Test1_Test2_Test3-1] DEBUG org.apache.http.wire -  >> "a[0xb0]qa[0xbb]7[0x88][0xfe]pj[\r][0xf8][0xf3]Km[0xb0][0xcb]4@[0xcc][0xfd][0xfe][0xf1][0x97]E[0xb6][0xca]Y[0x1][0xc3][0xaf][0x90]([0x7]Pg5HnF[0xae]S[0xba][0xb]4[0xa5][0xef][0xb2][0xca]R[0xc8]}[0xee]>[0xb0][0xc6][0xac]V`[0x86][0x81][0x9f]?[0x10][0x11][0x11][0x11][0x9d][0x8c][0x81]FF[0xa3]}h[0xf3][0xf5].Gj[0xd7]n[0xb5] [0xe0][0xe2][0xf2][0xb1][0xfd]$E[0xb6](@[0xa1]fh[0x92]n/[0xdb]L[0xb3][0x9b][0xcd]4s%W[0xdd][0xac][0xc3][0x1f][0x86]3[0x14][0xf][0xd3],[0x6]@DDD$[0x8d][0x81]F[0xc6]|[0xb3][0x6][0x86][0xc4][0x6][0xf8][0x8f][0xfa][0xa4][0xab][0x9d][0xc9][0xbd][0x11][0xcd][0x17][0xb9][0xc6][0x9a][0x5][0xb]4[0x89][0x99] [0x9d]R[0xc0]\sjE[0xa4]v[0x10];[0xdd][0xd2]6[0x94][0x9e][0x19]z-N[0xb5]HW[0x90]j[0x1e]V[0xdd][0x8c][0xbd]g[0x88][0x88][0x88][0x88][0xa4]0[0xd0][0x8c]`Qb[0x96][0xc6][0x15][0x8e][0xe2][0xb8]?[0x94]r|[0x89][0xcd][0x8c][0xe9][0xba][0xfc][0xbe][0xd1]T+[0x86]^[0x12][0xf9]%g[0x85][0x9d][0xa1][0xa9][0x97][0x99][0x9d][0xd9][0xc8][0xe5]f9[0xbb][0xa2][0xb2]Lv[0xb9]Ysbf[0xd0][0xa6]Q[0xa0]B[0xc7][0xe5]fDDDDR[0x18]hF0[0xda][0xb2]3[0x1][0xc0][0x95]y[0xee]I[0xa3]Lz{+W[0x1a][0xba][0xd0]%[0x92][0xb9][0xdc]l[0xec][0xc8][0xcd][0xf2][0x1d][0xf6][0x4][0xe1][0x8b][0xc6][0xa7][0xc8]Ne1[0x0]""""Y[0xc]4#[0xa8][0xd4][0xa9]P[0xaa]U[0x2][0x18][0xfa][0xb4][0xfc]d[0xeb][0xaa][0xf3][0x1d]h[0x92][0xbe][0x96][0xab]rV[0x80][0x19][0x1a]1Q[0xaa][0xd9][0xac]Vb[0xba]![0xb5][0xb7]@[0xab][0xc7][0x87][0x83][0xbe][0xc0][0x98][0x8f]c2[0xab]5[0x19]0[0xd7] [0xbd]7&y[0xb9]Yr[0xb0]&"""[0xa2][0xe1][0x18]hF[0xb1]8[0xf1]f2[0x18][0x13][0xb1][0xc7][0x9d][0xfa][0x6]~[0xba]N[0x8b][0xb3]dJ[0xee]fc[0xa0][0xa9]& [0x1f]h[\n]"
14:28:10.974 [TestNG-test=Test1_Test2_Test3-1] DEBUG org.apache.http.wire -  >> "a[0xa0][0xba]Y[0x83][0xcc][0xec][0xcc][0xdf];N[0x14]r8[0x93][0xd2][0xea][\n]"
14:28:10.976 [TestNG-test=Test1_Test2_Test3-1] DEBUG org.apache.http.wire -  >> "[0xf9]=X-.?[0x0]`[0x9a]A[0x5][0xb3][0x9a]?[0xa6]DDDDr[0xf8]Ni[0x14][0xc9][0xd5][0xa5][0x92]{[0x82]$[0xbb][0xaa][0xaa]<o[0xf7]K.[0x8d][0xac][0x92]yu[0xc6]~[0xc9][0xd9][0xd0][0xf5][0x17][0xd9]R[0x97];[0x89][0x0][0x9e][0xef][0xe2]r[0xb3]\]Z!]%o[0x8f];[0x80]pb[0x16][0x8e][0xd5][0xcd][0x88][0x88][0x88][0x88]F[0xc6]@3[\n]"
14:28:10.976 [TestNG-test=Test1_Test2_Test3-1] DEBUG org.apache.http.wire -  >> "[0xb3]Z[0x81][0xd9]&5[0x0]`[0xb7];[0x80]@45L[0xac][0xaa]([0x81]A[0x99][0x9f]?JE[0xd2][0x1e][0x1a][0xf9][0xc6][0x9a]y[0xb9][0xd5][0x8][0xe2][0xf7]-[0xd3][0xaa]P[0xae]S[0xa7][0x1c]}[0xd7][0xd9][0x8f][0xbe]pd[0xac][0x7]1[0xa9][0x9d]e3c[0xa6]^[0xba][0xa0]D[0xf2]r[0xb3]z+[0x3][\r][0x11][0x11][0x11][0xd1]H[0x18]h[0xd2][0xd0][0x98][0xb4])[0xbb][0xc5][0x99][0xba][0x97][0xc6][0xa8]T[0xe0][0x82]R[^[0xee][0x95]\[0xaa]Y[0xaa](@d[0xac][0xc3]L[0xd2]=[0x17][0xd9]e[0x8a][0x1]pv&gkd[0x96][0x9b][0x85]b"[0xf6][0xba][0xe3][0xcb][0xcd][0xe6][0x98][0xd4]0Hu3%"""[0xa2]A[0xc]4i[0xa8][0xb5]j[0x7][0x83][0xc6].[0x89]@[0x3][0xe4][0xaf]'[0x8d]")P(%[0xca]6[0x8f]y[0xc9][0xe6][0xa4][0xeb]7J[0xec][0x9f][0x9][0x8b]"^9[0xd1]7[0xb6]c[0x98][0xe4]T[0x82][0x80][0x8b]e[0x97][0x9b][0xf9][0x7]g[0xe0][0xa4][0x96][0xfb][0x11][0x11][0x11][0x11][0xd1]p[0xc]4iP[0x9]@}[0xa2][0xb1][0xe1]q_h[0xb0]{{[0xb2][0xf3]Km[0xb0][0xab]s[0xef][0x15]2Z[0xd9][0xe6][0xe8]X[0xef][0x9f][0x11][0xe2][0xd7]?[0xc5][0xa0][0x81]Y[0xad]L9[0xbc][0xb5][0xd7][0xc9][0xe5]f9Zj[0xb7][0xa0]T[0xe6]{%[0xb9][0x9a][0xde]Bkju9""""[0x1a][0x8e][0x81]&M[0x8d]I[0x9f][0x96][0xef][0x94]([0xe][0xa0][0x16][0x4][0xac][0xcd][0xc3],[0xcd][0xf0]=4[0xa9][0xc7][0xc7][0xbe] @[0xfc][0xa6][0xb2][0xbd]g[0xb8][0xdc],gr[0xcb][0xcd][0x2]Q[0x11][0x7]<A[0x0][0xf1]YA[0x8d]LcU""""[0x1a][0xc2]@[0x93][0xa6]Y&5L[0x89][0xfd][0xc][0x1f][0xf7][0xc9]T;[0xab][0xce][0xbd][0xda][0xd9][0xa8]{h[0xc6]t[0xc9]Yru[0xb3][0xd4]@[0xe3][0x8d][0xc6][0xb0][0xa5][0xd7]9[0x86][0xf7][0x9f][0xfc][0xc]J[0x5]V[0xc9],7[0x1b]V[0xc][0x80][0xd5][0xcd][0x88][0x88][0x88][0x88][0xd2][0xc2]@[0x93][0x81][0x81][0xe2][0x0][0x9e]H[0xc][0xed][0xde]P[0xca][0xf1]:[0x93][0x1][0xb5]&[0xe9][0x99][0x8d]t%/9[0x93][0xdc]C3f34[0xc2]`[0x9c][0x99]k[0xd2]B'1=[0xf4]Rw[0xdf]`[0xf7]z[0xca][0xce][0x5][0xa5]6[0x18]e*[0xe2][\r][0x4][0x1a][0xb5]B[0xc0]B[0xb][0x97][0x9b][0x11][0x11][0x11][0x11][0xa5][0x83][0x81]&[0x3][\r][0xf6][0xd1]{[0xd2][0xac][0xab]*[0xcb][0xe9][0x1e][0xc9][0xa5][0x9a][0xb]:C#[0xc]5[0xd3][0xac][0x97][n[0xd6][0xcd][0xe5]f[0xb9][0x92]+[0x1e][0xd1][0x1f][0x8e][0xe2][0x98]/[0x1e][0x92][0xeb][0xb8]w[0x86][0x88][0x88][0x88](m[0xc]4[0x19]([0xd3]*Q[0xad][0x8f]o[0xe6]nq[0xf9]%K(_^U&[0x19]D[0xd2][0x95][0x1c]h[0xa4][0xfa][0xd0][0x8c]YQ[0x0]qh[0xe6]e[0xa1]5[0xb5][0xba]Vo8[0x82][0xb7][0x1d][0xee][0xb1][0xb9][0xf7][0x14]Q[0xa2]V[0xe1]|[0x99][0xf2][0xde]MI[0xcb][0xcd]X[0xdd][0x8c][0x88][0x88][0x88](}[0xc]4[0x19][0x1a]Xv[0x16][0x8e][0x89][0xd8][0x93][0xe8][0x17][0x92][0xac]D[0xad][0xc2]R[0xbb]%[0xeb][0xeb][0xf]/[0xdb][0x9c][0xf5]e2$`[0xa0][0x18]@[0xad]U/[0xb9][0x19][0xfd][0xb9][0xce][0x9e][0x2][0x14]$[0x98][0xdc]>U^[0x2][0xb5]L[0xd8]mJT73([0x85][0xc1]F[0xae]DDDD4:[0x6][0x9a][0xc]-[0xb2][\r]uw[0xdf]%[0xb3][0xec]L[0xae][0x8a]U:[0x92][0xb]%K/9[0xcb][0xfa][0xd2]#[0x18][0xb9][0x18][0x0][0xc0][0xe5]f[0xf9] [0xb7][0xdc][0xec]D [0x82][0x9e]`[0xbc][0x14]6[0x8b][0x1][0x10][0x11][0x11][0x11]e[0x86][0x81]&C:[0xa5][0x80][0x5][0x89][\r][0xdb][0x7][0xfa][0x83][0x92]"
14:28:10.978 [TestNG-test=Test1_Test2_Test3-1] DEBUG org.apache.http.wire -  >> "[0x9b][0xe4]WU[0x94][0xc0][0x90][0xe5][0xf4][0xca][0xa8][0x81]f[0xc]gI[0xd4][\n]"
14:28:10.978 [TestNG-test=Test1_Test2_Test3-1] DEBUG org.apache.http.wire -  >> "[0x1]5[0x96][0xd4]7[0xd4][0xed][0xfe] v[0xba][0xa5][0xc3][0x1b][0xa5][0xa7]D[0xad][0xc2][0x12][0x9b]Y[0xf2]Xru[0xb3]Ev[0xad][0xe4]9DDDD$[0x8d][0x81]&[0xb][0x8d][0xc3][0x8a][0x3][0xf8]R[0x8e][0x1b][0x95][\n]"
14:28:10.979 [TestNG-test=Test1_Test2_Test3-1] DEBUG org.apache.http.wire -  >> "\\.][0x9a]w4[0xc3][0xf6][0xd0][0x14][0xb4][0xca][0x19]P/[0xb1]w[0x6][0x0]^[0xec][0xee][0x1b][0xb3]{N[0x15][0x97]U[0x96]Bng[0xd5][0xc0][0xfe][0x19][0xb3]Z[0x81]iz.7#"""[0xca][0x4][0x3]M[0x16][0x16]Z[0xb4][0xd0]&[0xc2][0xc6]Gy[0xee]I#[0x88]#[0x17][0x5][0x18][0xcb]>4r[0xcb][0xcd]6q[0xb9]Y[0xce][0xe4][0xbe][0x1f][0x8e][0xfa]B[0xe8][0xf]G[0x1][0x0][0x8b][0xed]\nFDDD[0x94])[0x6][0x9a],[0xd5]'[0xf6][0xd2][0xf4][0x6]#[0xe8][0xe][0x84]S[0x8e]/[0xb1][0x99]1][0x97][0xf9][0xf2]![0xd5][0xb0][0xb2][0xcd][0xa9][0xc7][0xf3]?C[0x13][0xbf][0x9e]A[0xa9][0xc0],S[0xea]x[=>[0xb4]yRg[0xa1](}s[0xc]:[0xd4][0xc9][0xf4]'J^n6Pp[0x82][0x88][0x88][0x88][0x88][0xd2][0xa7][0x1a][0xef][0x1][0x14][0xab]F[0xbb][0x1e][0xff][0xec][0xb][0x0][0x0]v9|XYm[0x1d]v\[0x0]peU[0x19][0xee]9t,[0xa3][0xeb]J[0xac]2[0x1b]&[0x9a][0xd7][0x19][0x9a][0xa1][0x9b]-[0xb2][0xcb][0x14][0x3][0xe8][0xe2][0xec]L[0xae]F*[0x12][0xd1][0x92][0x8]4[0x95]:[0x15][0xec][0x1a]~[0xbe]@4^[0xde][0xff][0x3]tvv[0xe5]t[0x8d][0x86][0x86]z[0xcc][0x9e]=[[0xf2][0xd8]K/[0xbd][0x8c]p8[0x92][0xf2]x][0xdd]B[0xcc][0x9b]7/[0xe3]qUT[0x94]c[0xc9][0x92][0xb3]2[0x1e]c[[0xdb]n[0xbc][0xff][0xfe][0x7][0x19]?o[0xc0]i[0xa7][0x9d][0x8a][0x86][0x86]EY?[0x9f][0x88]h,0[0xd0]d[0xe9][0x14][0x83][\n]"
14:28:10.979 [TestNG-test=Test1_Test2_Test3-1] DEBUG org.apache.http.wire -  >> "V[0xb5][0x2][0xae]p[0xc]M[0x12][0x81][0x6][0x88]W[0xb5][0xca]4[0xd0]([0x13]!C[0xaa]t2[0x90][0xdf][0x19][0x1a]Q[0x8c]AH[0xcc][0x8][0xc9]-7[b[0xb7]`[0x9f][0xd7][0x8f]7z[0x9d]y[0xbb][0xef]T[0xb3][0xba]Rz?[0xd5][0x81][0xfe] [0x2][0xd1][0xf8][0xeb][0xb9][0x88][0xd5][0xcd][0x88][0xc6][0xd5][0x1d]w[0xdc][0x89][0x8d][0x1b][0x9f][0xcb][0xe9][0x1a][0xf8][0xc3][0xef]p[0xe3][0x8d]7H[0x1e][0xfb][0xcc]g[0xbe][0x0][0x97][0xcb][0x95][0xf2][0xf8][0x9d]w[0xde][0x81][0x1f][0xfd][0xe8][0x7][0x19][0x8f]k[0xd5][0xaa][0x8b][0xb1]ys[0xe6][0xe3][0xdd][0xbc][0xf9]e|[0xf7][0xbb][0xdf][0xcf][0xf8]y[0x3]n[0xbf][0xfd]6[0x6][0x1a]"[0x9a]p[0xf8][0x91]p[0xe][0x16][0x97][0xc4][0x97][0x8][0xf9][0xa2]1[0x1c][0xf0][0x4]S[0x8e][0xcf]5[0xe8]P+[0xb3][0xd4]H[0x8e]R[0x18][0xf8][0xbf]L[0xa0][0xc9][0xe7][0xc]M[0xe2][0x16]6[0x8d][0x12][0xd5]2[0x9b][0xd1][0x97][0x97]X[0xf1][0xc0][0xe2][0x1a][0xbc]{[0xde][0x99][0xb8]}[0xe1][0x1c],[0xb5][d7[0xb7]S[0xaa]Z[0x93][0x1][0xf3][0xc][0xd2]K[0xc9][0x92][0x97][0x9b][0xd5][0xdb]X[0xdd][0x8c][0x88][0x88][0x88]([0x1b][0xc]4985i[0x13][0xb7]\O[0x9a]uUe[0x19]]S)([0x12][0xff][0x97]>[0x1e][0xc9][[0x9e][0x11] $[0xa2]I[0x83][0xcc][0xec]L2[0xab]J[0x89]k[0xa7][0x95][0xe3][0xa1][0xd3]j[0xb1][0xfd][0xdc][0xd3][0xf1][0xd3][0x9a][0xd9]8[0xd3]j[0xca][0xd7]`&-[0xb9][0xd7]?"[0x2][0xbb][0x13][0x8d]Yg[0x18]U0[0xab][0xf9][0xa3]HDDD[0x94][\r][0xbe][0x8b][0xca][0x81]Y[0xad][0xc0][0xc]c|[0xd5][0xde]n[0x97][0x1f]![0x89][0xd9][0x93][0xcb][0xab][0xca]$[0xfb][0xc9][0xc8]Q$[0xce]U[0xc9]-9[0xcb][0xdb][0xc][0xcd][0xd0]u[0x1a][0xec][0xc6][0x8c][0x9e]Y[0xae]Q[0xe3][0xba]S*[0xf0][0xc8][0x19][0xf5][0xd8]r[0xce]i[0xf8][0xc1][0xbc][0x19][0xb2][0x9b][0xde][0xa7][0xba][0xb5]2[0x81]f[0x9f][0xdb][0x8f]pl`[0xb9][0x19][0x8b][0x1][0x10][0x11][0x11][0x11]e[0x8b]{hr[0xd4]h7[0xe0][0x88][0xd7][0x8d][0xa8][0x8][0xb4][0xb9][0xfc]X|[0xd2][0xe6][0xfa][0x12][0xb5][\n]"
14:28:10.981 [TestNG-test=Test1_Test2_Test3-1] DEBUG org.apache.http.wire -  >> "[0xe7][0x97]Z[0xf1]ZOz{P[0x6][0x1a]kf[0x12][0x82][0xb2]"[0x2][0x10][0x80]J[0x9d][0x1a]v[0x8d]r[0xd4][0xd3][0xe5]Tk5[0xb8]~f5[0xae][0x9f]Y[0x8d][0x83][0xbe][0x0][0x9e][0xef][0xea][0xc5][0xf3]][0xbd]8[0xe4][0xf][0xe4]o[0xac]E[0xea],[0x9b][0x19][0xa5]j[0xe9][0x1f][0xb1][0xe4][0xe5]fuV.7#[0x9a][0xa8]f[0xce][0x9c][0x89][0xb5]k[0xd7][0xa4]u[0xee][0xe2][0xc5][0x8d]c<[0x9a][0xb1][0xa3]T*q[0xeb][0xad]?[0x1e][0xf5][0xbc][0xe5][0xcb][0x97][0x15]`4DD[0x99]a[0xa0][0xc9]Q[0x9d]U[0x83][0x97][0x8e][0x1]Q1^[0xed][0xec][0xe4]@[0x3][0xc4]{[0x90][0xa4][0x1f]h[0xe2]AFn[0xf]M4[0x1f]E[0x1][0x92].-W[0xdd],[0x1b]s[0xc]:[0xdc]4[0xe7][0x14][0xdc]4[0xe7][0x14]4[0xf5]{[0xf1]BW/6u[0xf7][0xa1]3[0x18][0xca][0xdb]=[0x8a][0x89]\u[0xb3]PL[0xc4][0x1e]w<[0xf0][0xcd]7k[0xa0][0x93][_HD[0xe3][0xae][0xae][0xae][0x16][0xf7][0xdc][0xf3][0xfb][0xf1][0x1e][0xc6][0x98]S[0xa9]T[0xb8][0xed][0xb6][0xff][0x18][0xef]a[0x10][0x11]e[0x85][0x81]&G[0x1a][0x85][0x80][0x1a][0x8b][0x16][0xad][0xae] [0xda][0xbd]A[0xf4][0x87][0xa3]0[0xab][0x87][0xcf]x[0x9c]_j[0x83]][0xad][0x82]C[0xa2]d[0xe7][0xc9][0x6][0x8b][0x2][0x8c]a[0x95]31&[0xe]V7kLc[0xff]L6[0x1a][0xcc]F4[0x98][0x8d][0xb8]e[0xfe]L|[0xec][0xf6][0xe0][0xf9][0xae]^[0xbc][0xd8][0xdd][0x87][0x9e]Pj[0xcf][0x9e][0xc9]H%[0x8][0xb8][0xb8]B[0xba][0xba]Y[0xab][0xcb]?[0xf8]5[0xab][0x9b][0x11][0x11][0x11][0x11][0xe5][0x86]{h[0xf2][0xa0]1[0xa9]8[0xc0]NGj[0x13]J[0xb5] `m[0xa5]|/[0x92]d[0xca][0xc4]K"[0xb7][0xe4],/{h[0x12][0xd7][0x9e]i[0xd4][0xc2][0xa0]J[0xfd][0x16][0xd8][0xe3][0xe][0xe0][0xa1]}'[0xf0]^[0x8f][0x7][0xde]H,[0xb7][[0x1]8[0xcd]b[0xc2][0xad][0xb]fa[0xfb][0xb9][0xa7][0xe3][0xaf][0xa7][0xd5][0xe2][0xea][0xea]rXT[0xd9]/s+[0x6][0xe7][0x97]Z[0xe5][0x97][0x9b]%[0xbe]G[0x94][0x2]P[0xc3][0xe5]fDDDD9a[0xa0][0xc9][0x83]yf[\r][0xc][0x89][0xa9][0x95][0x8f][0xfb][0xa4][0xab][0x9d][0xad]I3[0xd0]([0x6][0xcb]6K[0x1f][0xcf]}[0x86]F[0x18]\q&[0xb7][0x19]}[0xa7][0xc3][0x8b][0xe3][0xfe][0x10]^[0xed]p[0xe1][0xbf][;[0xf0][0xc8][0x81][0x1e]|[0xd4][0xe7][0x1d][0xec][0x99][0x92]-[0x5][0x80][0xb3][0xed][0x16][0xfc]W[0xed][0x1c][0xbc][0xb5][0xec][0xc][0xdc][0xd7]X[0x83][0xd5][0x15]%[0xd0]+&[0xdf][0xb7][0xa1][0xdc][0xeb][0xed][0x8b][0xc4]p[0xd8][0x1b]/[0xf1][0xbd][0xd0][0xaa][0x85][0x8a][0xab][0xcd][0x88][0x88][0x88][0x88]r[0xc2]%gy[0xd2]`[0xd7][0xe1][0xdd][0x1e]?\[0xe1]([0x8e][0xfb]B[0x98]f[0xd0][0xc];~[0xaa][0xc5][0x84][0xe9]:-[0x8e][0x6]R[0xfb][0xd5]$S[0x8e]R[0xe5][0xec][0xfc]J+[0xce](1!"[0x8a][0x88][0x8a]""1[0xf1][0xa4][0xaf][0x81]h[0xe2][0xb1][0x88](&[0xbe][0xc6][0xe0][0xf1][0xe]_[0x8][0xde]D0[0xa9][0xb5][0xa6].7[0xb][0xc5]D[0xec]w[0xf][0xdf][0xd0][0xd8][0x1b][0xc4]ao[0x10]/[0x1d]wb[0xae]I[0x87]E6[0x3][0x16]XtP[0xcb][0x8c]1[0x1d]jA[0xc0][0xca]2[0x1b]V[0x96][0xd9][0xe0][0x8b][0xc6][0xf0]z[0x8f][0x3][0xcf]w[0xf5][0xe2][0xcd]>[0x17][0xc2]yl[0x1e]:[0x1e][0xc]J[0x5].([0xb5]K[0x1e]kJ*[0x6][0xc0][0xe5]fDDDD[0xb9]c[0xa0][0xc9][0x93][0xc6]D[0xa0][0x1][0x80]]N_J[0xa0][0x11][0x0]\YU[0x86]{[0xe][0x1d][0x1b][0xf1]:[0x8a]Q[0x8a][0x2][0x94][0xeb]T([0xd7]e[0xf7][0xb2][0x85]b"~[0xdf]r[0x1c][0x0][0xb0][0xc0][0xa2][0x93][0xdc][0x8c][0xde][0xe6][0xf2]Cn[0x91]YL[0x4][0xf6][0xf5][0x7][0xb0][0xaf]?[0x0][0xb5] `[0xbe]%[0x1e]n[0xe6][0x9a]u[0xb2]3J[0xe9]0([0x15][0xb8][0xac][0xb2][0x14][0x97]U[0x96][0xc2][0x15][0x89][0xe][0x86][0x9b]8\[0xc8]qRh\\Pj[0x83]Q)=[0xeb][0xd4][0x92][0x8]4:[0xa5][0x80][0xf9]f[0x8d][0xe4]9D4q[0xbc][0xf3][0xce][0xbb]X[0xb6][0xec]B[0xd9][0xe3]g[0x9d]u&~[0xf7][0xbb][0xdf][0x14]pDc#[0x14][\n]"
14:28:10.981 [TestNG-test=Test1_Test2_Test3-1] DEBUG org.apache.http.wire -  >> "[0xa1][0xb6]v[0xe4]*m[0xbf][0xfe][0xf5]/[0xd3][0xae][0xf8]FDTH[0xc]4yR[0xa1]S[0xa1]T[0xab]Do0[0x8a]f[0x87][0xf][0xab][0xa6][0xd9]R[0xce]YW=z[0xa0][0x19][0x8][0x6]cQ[0xb6]y[0x8f][0xdb]?[0x18][0x10][0x16][0xc9][0x14][0x3][0x90]k[0x10]z[0xb2][0xb0]([0xa2][0xd5][0xe5]G[0xab][0xcb][0xf][0x9d]R[0xc0]B[0x8b][0x1e][0xf5]6[0x3]f[0x9a][0xb4]9[0xad]c[0xb4][0xaa][0x94]XWU[0x86]uUep[0x84]#[0xd8][0xd4][0xdd][0x87][0x17][0xba]z[0xf0][0x81][0xcb][0x93][0xc3]U[0xb]Kn[0xb9][0x99]#[0x14]E[0x87]?^[0x14][0x81][0xa5][0x9a][0x89][0x8a][0x83][0xd3][0xe9][0xc4][0x8e][0x1d]o[0xc9][0x1e][0xd7][0xe9]&[0xc7]L[0xab]([0x8a][0xd8][0xbd]{[0xcf][0x88][0xe7][0xb8]\[0xae][0x2][0x8d][0x86][0x88](3[0xc]4yt[0xaa]][0x8f][0xd7];=[0x8]&[0xca][0xf2][0xd6]X[0x86][0xff]C7][0xa7][0xc5]Y63[0xde]s[0xf6][0xcb]^C%[0xc4][0xe3][0xc0]XT[0xf2][0x1d][0xe8]}[0xa2][0x14][0x80][0x5][0x96][0xd4][0xfd]3[0xbe]H[0xc][0xed][0xde][0xcc]K,[0x7][0xa2]">v[0xf8][0xf0][0xb1][0xc3][0x7][0xbd]R[0x81]:[0xab][0x1e]u6[0x3]f[0x1a]s[0x9b][0x81][0xb0][0xab]U[0xb8][0xee][0x94][\n]"
14:28:10.981 [TestNG-test=Test1_Test2_Test3-1] DEBUG org.apache.http.wire -  >> "\wJ[0x5]:[0x82]![0xbc][0x90][0xe8]q[0xd3][0xea]I-[0xbc]0Q[0xc4][0xfb][0xe][0xa5][0x86]Y`x[0xef][0x99]z6[0xd3]$"""[0xca][0x8b][0xc9][0xb7][0x1b]{[0x1c]5[0x96][0xc][0x5][0x18][0xb9][0x99][0x8e][0xab][0xaa][0xca][0xd3][0xba][0x96]\[0xd9][0xe6]l[0x5][0xa2]"[0xe][0xf4][0xc7][0xf7][0xef][0xd4]Z[\r][0x92][0x9b][0xd1][0xf5]*[0x5]>7[0xa7][0xc][0xa7][0xda][\r]Y[0xf7]F[0xf1]Gc[0xf8][0xb0][0xcf][0x8b][0xff];p[0x2][0xf7][0xb4]u[0xe2][0xf5][0xe][0x17]:[0xfd][0xb9][0x97]j[0x1e]h[0xe0][0xf9][0xcc]Y[\r][0xd8][0xfc][0xc9][0xc5][0xb8]q[0xf6])[0x98][0xad][0x9f]x[0x9f][0x8c]~[0xaa][0xbc][0x4]j[0x99][0xd9][0xb5][0x81][0xef][0x9][0x83]R[0xc0]L#?K """[0xca][0x7][0xbe][0xab][0xca]#[0x83]R[0xc0][0x1c][0x93][0x1a][0x7]=a[0xec]q[0x7][0x10][0x88][0x8a])[0xc1]`UE[0x9]n[0xdf]{[0x8][0xbe]h[0xea]N[0x95][0x81][0xd9][0x99][0xf8][0xd7][0xf9][\r]4-[0xc3]6[0xa3]K[0xcf][0xe][0x8][0x0]f[0x9b][0xb4][0x98]m[0xd2]b[0x95]h[0xc7][0x81][0xfe][0x0][0x9a][0x9d]>[0xec]s[0x7][0xb2][0xda][0xa8][0xdf][0x1f][0x8e][0xe2][0x9d][0x1e][0xf][0xde][0xe9][0xf1][0xa0]D[0xa3]B[0xbd]M[0x8f]E6[0x3]J[0xb4][0xb9]}[0xdb]%7[0xf0][0xdc][0xed][0xf5][0xe3][0x85][0xae][0x1e][0xbc][0xd0][0xd5]7j[0xc1][0x85]B[0x90][n[0xd6][0xe9][0xf][0xc3][0x19][0x8a][0x2][0x18][0x1e]|[0x89][0x88][0x88][0x88](7[0xc]4y[0xd6]h[0xd7][0xe3][0xa0]'>#[0xd1][0xe2][0xf4][0xe1][0x8c]R[0xe3][0xb0][0xe3]F[0xa5][0x2][0x17][0x97][0x97][0xe0][0x99][0xce][0x9e][0x94][0xe7]&g[0x9f]|[0x7][0x9a][0xe6][0xa4][0xcd][0xe8][0xf3][0xcc][0xa3][0xbf][0xa1][0x8e]/K[0xd3]a[0x81]E[0x87]pL[0xc4][0xfe][0xfe][0x0]Z[0x9c]~[0xec][0xeb][0xf7]g[0xb5]Q[0xbf]/[0x14][0xc1][0x9b][0xdd][0xfd]x[0xb3][0xbb][0x1f][0x95]:5[0xea]m[0x6][0xd4]Z[0xf5][0xb0]ir[0xeb]G[0xb3][0xd0][0xa8][0xc7][0xc2][0xb9]3[0xf0][0xbd][0xb9]3[0xf0][0xd1]87[0xf0],Q[0xab][0xb0][0xc4]f[0x96]<[0xd6][0xcc][0xea]fDE[0xe9][0xc2][0xb]/[0xc0]#[0x8f]<${\[0xab][0x9d][0x1c][0xfb][0xe1][0xb4]Z-[0x9c][0xce][0xee][0x11][0xcf][0xd1]hX[0xc8][0x84][0x88]&&[0x6][0x9a]<[h[0xd5]@sL@(&b[0x97]#5[0xd0][0x0][0xf1]O[0xf1][0xa5][0x3][0xcd][0xd0][0xc][0x8d][0xdc][0x92][0xb3]w{<[0x88][0x89]"[0x94][0x82][0x0][0xa5]B[0x80]J[0x88][0xff][0xa7]T[0xc4]C[0xd0][0xf0][0xc7][0xe3][0xd5][0xd2][0x82][0xb1][0x18][0x8e][0xfa][0xe2]{c[0xea]e[0x8a][0x1][0x8c]D[0xad][0x10]Pk[0xd5][0xa3][0xd6][0xaa]G(&b[0xb7][0xcb][0x8f]f[0xa7][0xf][0x87]<AdS[0x84][0xac]+[0x10]FW[0xa7][0xb]ot[0xba]0M[0xaf]A[0xbd]-^P[0xc0]([0xd1][0xe4]3[0x13][0xa7]YL8[0xcd]b[0xc2][0xbf]/[0x98][0x85]w[0x1c]n<[0xdf][0xd5][0x8b][0x97]O[0xf4][0xc1][0x1d][0x89][0xe6]t[0xdd]t]VY[\n]"
14:28:10.982 [TestNG-test=Test1_Test2_Test3-1] DEBUG org.apache.http.wire -  >> "[0xb9][0x18][0xda][0x94]h[0xa6]i[0xd3](P[0x99]e[0x95]:"*<[0x8d]F[0x83][0xaa][0xaa][0xaa][0xf1][0x1e]FAL[0x96][0x2][0x7]D4[0xf5][0xf0][0x9d]U[0x9e][0xa9][0x4][0x1][0xb5]V[\r]v:[0x82]8[0xee][0xf][0xa1]/[0x14]A[0x89]f[0xf8][0x1f][0xf3][0xd9]v[0xb][0xec]j[0x15][0x1c][0xe1][0xc8][0xb0][0xc7][0x93][0xdf][0xce][0xcb]may[0xb3][0xcb][0x8d]`,[0xfb]Z[0xc6][0xd9][0x4][0x9a]d[0x1a][0x85][0x80]F[0xbb][0x1][0x8d]v[0x3]|[0xd1][0x18][0xda][0x9c][0xf1]p3[0x10][0x98]2u[0xdc][0x1f][0x1a]l[0xe2]9[0xcb][0xa8]E[0xbd]M[0x8f]Zk[0xf6]{x[0x80][0xa1][0x6][0x9e]g[0xdb]-[0xb8]m[0xe1]ll[0xeb]u[0xe1][0xf9][0xae][0x1e][0xbc][0xd1][0xe3][0x84]?&W[0x94]:wWUK[0xef][0x8f]j[0xf7][0x6][0x7][0x97][0x18].[0xb6][0xb3][0x18][0x0][0x11][0x11][0x11]Q>1[0xd0][0x8c][0x81]F[0xbb][0x1e];[0x1d][0xf1][0xfd][0x1c][0xbb][0x1c]>[0x9c]_i[0x19]v\-[0x8]X[Y[0x8a][0xbf][0x1d][0xed][0x1a][0xf6]xr[0xef][0x19][0xb9]%g[0x91],[0xf6][0xb2][0x88][0x88][0xef][0x8f]1[0xab][0x95][0x98]a[0xc8][0xdf][0x92][0x1][0x83]R[0x81]3J[0x8d]8[0xa3][0xd4][0x8]w8[0x8a][0x16][0xa7][0x1f]-N[0x1f][0xba][0x2][0xd9]-[0xf7]*D[0x3][0xcf]m}N[0xbc][0xd0][0xd5][0x8b]-[0xbd]N[0x84]r[0x8][0x86]'[0x9b]c[0xd0][0xa1][0xce]$[0x1d][0x16][0x9b][0x9d][0xfe][0xc1][0xaf][0xeb][0xb9][0xdc][0x8c][0x88][0x88][0x88]([0xaf][0x18]h[0xc6][0xc0]L[0xa3][0x1a]&[0x95][0x0]OD[0xc4][0xce]>oJ[0xa0][0x1][0xe2][0x9f][0xe6][0xa7][0x4][0x9a][0xe4][0xaf]e[0xde][0xc4]g[0xbc]E[0x10] $B[0x90]\[0xef][0x99]|[0xb0][0xa8][0x95]XZn[0xc2][0xd2]r[0x13][0xfa][0x82][0x11][0xb4][0xba][0xe2][0xe1][0xa6]'[0x18][0x19][0xfd][0xc9]'[0x91]k[0xe0]9[0xc7][0xac][0x93][0xac][0xce][0x96].[0x83]R[0x81]K[0xca]KpIy[0x9][0xbc][0xd1](^>[0x91][0xbf][0x6][0x9e]k*[0xa4][0x8b][0x1][0x0]C[0xfb]g[0xa6][0xe9]U[0xb0]kXX[0x90][0x88][0x88][0x88]([0x9f][0x18]h[0xc6][0xc8][0xe2][0x12]=[0xde][0xea][0xf6][0xc1][0x93][0xe8][0xed]rrO[0x96]:[0x93][0x1][0xb5]&[0x3][0xda]<>[0x8][0x0][0x96][0xda]-XUZ[0x8a]C[0xce][0xf8][0xd2]-[0xa9][0x19][0x9a]H[0x16]o[0xba]EQ[0x1c][0xdc][0xd7]!W[0xdd],[0xdf]J[0xb4]*[0x9c][a[0xc6][0xb9][0x15]f[0x9c][0x8]D[0xd0][0xec][0xf4][0xa1][0xc5][0xe9][0x83]+[0x9c][0xf9]^[0x96][0xe4][0x6][0x9e][0x1a][0x85][0x80][0x1a][0x8b][0x1e][0xf5]6=[0xe6][0x98]u9[0xd5][0x1c]7*[0xf3][0xdb][0xc0]S[0xae][0xba][0xd9]^w[0x0][0xe1][0xc4]L[0x10]gg[0x88][0x88][0x88][0x88][0xf2][0x8f][0x81]f[0x8c][0x9c]j[0x8f][0x7][0x1a] [0xde]D[0xaa][0xc9][0xe4][0xf5]3[0xab][0xd1][0x17][0xe]cuE)[0xca]5j[0xb4]{C8[0xe4]<[0x1]`[0xf8][0xf2][0xb3][0x1][0x91],[0x96]H[0x9][0x3][0xeb][0xcd][0x0]<[0xd3][0xde][0x87]E6[0x3][0x16][0xd9][0xc]9W[0x17]KW[0xb9]N[0x85][0xb][0xaa],[0xb8][0xa0][0xca][0x82][0xa3][0xbe][0x10]Z[0x9d]~[0xb4][0xba]|[0xf0]F2[0xdf][0xcb][0x12][0x8a][0x89]hr[0xfa][0xd0][0xe4][0xf4][0xa1]L[0xab][0xc2][0xd7]j*[0xf3]2[0xc6]\[0x1b]x[0xd6][0x9a][0xc][0x98]k[0x90][0xe]+[0xc3][0x9b]i2[0xd0][0x10]Q~l[0xdd][0xba][\r][0xb3]g[0xd7][0xc8][0x1e][0xbf][0xf8][0xe2][0x8b][0xb0]~[0xfd]}i_/[0x18][0xc][0x8e]x[0xbd][0x1][0xdf][0xff][0xfe]wp[0xe3][0x8d]7[0xa4]}]"[0xa2]B`[0xa0][0x19]#6[0x8d][0x2][0xd3][0xf4]*[0x1c][0xf7][0xc7][0x97]_[0xad]:[0xc5][0x9e][0xb2]\j[0xed]I[0x9f][0xea]G[0x93][0xf6][0xc7][0xc8][0xed][0x89][0x9f]n[0xd0] "[0x8a][0x88][0xc4]DD[0xc5][0xf8]s[0xe2]_[0x8b][0x88][0x88][0xe2]IK[0xa7][0x84]D[0xa2][0x89][0xeb][\r]F[0xb0][0xad][0xcb][0x8d]m]nT[0xeb][0xe3][0xa5][0x93][0xeb]m[0x6][0x98]r[0xac].[0x96][0xae][0xe9][0x6][\r][0xa6][0x1b]4[0xb8]h[0x9a][0x15][0x87]=A[0xb4]8}[0xd8][0xed][0xf6]#[0x90][0xc5]z[0xaf][0x19][0xc6][0xb1])[0x95]:[0xd0][0xc0][0xf3][0xfa][0x99][0xd5]8[0xe8][0xb]`[0xf3][0x89]>[0xbc][0xd0][0xd5][0x8b][0xbd]^[0xbf][0xec]s[0xd6]U[0x95]I>[0x1e][0x8a][0x89][0xd8][0xe3][0x8e]?o[0xb6]I[\r]c.[0xeb][0xe5][0x88][0x88][0x92][0x4][0x2][0x1][0x1c]>|X[0xf6]xw[0xf7][0xc8]%[0x98][0xa5][0x8c]t[0xbd][0x1]N[0xa7]+[0xe3][0xeb][0x12][0x11][0x8d]5[0x6][0x9a]1[0xd4]h[0xd7][0xe3][0xb8][0xbf][0x1f][0xe1][0x98][0x88]=.?[0xea]GY[0xf2][0x95]<[0x3][0xa3][0x92][0xd8]C[0xa3]S[\n]"
14:28:10.982 [TestNG-test=Test1_Test2_Test3-1] DEBUG org.apache.http.wire -  >> "[0xf8][0xe2]<[0xe9]JZ[0xc9][0x6][0x83][0x8e]("[0x18][0x89]a[0x8f]'[0x80][0xbd][0xae][0x0][0x8e]x[0x87][0x1a]Ov[0xf8][0xc3][0xe8][0xf0][0xbb][0xf0]Z[0x87][0xb]3[0x13][0xd5][0xc5][0xea]r[0xac].[0x96][0xae][0x93][0x1b]x[0x1e][0xf2][0xc4]{[0xdc][0xec]q[0xfb][0xd3][0xde][0xa8]?[0xda][0x9f]e>[0xcc]1[0xe8][0xf0][0xad]Y[0xd3][0xf0][0xad]Y[0xd3][0xb0][0xc7][0xeb][0xc7][0xf3]2[\r]<[0xd7][0xca][0x4][0x9a][0xbd][0xee][0xa1][0x9e]=[0x85]Z[0xee]GDDD4[0xd5]0[0xd0][0x8c][0xa1]z[0x9b][0x16]/[0x1d][0xef][0x7][0x10]_v6[0xda][0x9b][0xf0][0xe4][0x19][0x9a]\[0x1a]k*[0x13][0xfd]g4[0x10]`P*[0xf0]I[0xad][0x9][0x9f],5![0x18][0x13][0xd1][0x96][0xd8][0xac][0xc8]3[0xf4][0xa6][0xbc][0xdd][0x1b]D[0xbb]7[0x88][0xcd][0xc7][0x9c][0x98]g[0xd6]a[0x91]M[0x8f][0x1a][0x8b]>[0xa7][0xea]b[0x99][0x8c]u[0x9e]Y[0x87]yf[0x1d]"[0xa2][0x1d][0xfb][0xdc][0xfe]Q[0x1b]x[0x1a][0x94][\n]"
14:28:10.982 [TestNG-test=Test1_Test2_Test3-1] DEBUG org.apache.http.wire -  >> "[0xcc][0x1c][0xa3][0x19][0x1a]95F=[0xbe]'[0xd1][0xc0]s[0x8e]A[0x87]R[0xb5][0xf4][0x8f]Qru[0xb3]Z+[0x1b][0xd2][0x11][0x11][0x11][0x11][0x8d][0x5][0x6][0x9a]1[0xa4]S[\n]"
14:28:10.983 [TestNG-test=Test1_Test2_Test3-1] DEBUG org.apache.http.wire -  >> "[0xa8][0xb1]h[0xb0][0xc7][0x1d][0xc2][0x1]O[0xbc][0x17][0x89]A)[0xbf][0xbc]+2l[0xc9]Y[0xfe][0xc3][0x84]V![0xe0]T[0xbb][0x1][0xa7][0xda][\r][0xf0]Gc[0x83][0xfb]Y[0xda][0xbd]C=d[0xf6][0xf7][0x7][0xb0][0xbf]?[0x0][0x95][0xe0][0xc0]|[0x8b][0x1e][0x8b]l[0x6][0xd4]X[\n]"
14:28:10.983 [TestNG-test=Test1_Test2_Test3-1] DEBUG org.apache.http.wire -  >> "[0xb3][0xf7]C% [0xad][0x6][0x9e][0xb9][0xf6][0xd2][0xc9][0xd5]@[0x3][0xcf][[0x17][0xcc]BOH[0xba]Du *b[0x0][0x0][0xb0][0xd0][0xa2][0x81][0xa6][0x0][0xe1][0x90][0x88][0x88][0x88]h*[0x12][0xb0][0xed][0xbd][0xfc]5[0xe3][0xc8][0xd0][0xc3][0xb]g[0xe0][0xba][\n]"
14:28:10.983 [TestNG-test=Test1_Test2_Test3-1] DEBUG org.apache.http.wire -  >> "[0xfb]x[0xdd][0xbe] [0xf6][0xb8]Cx[0xea]p|[0xcd][0xf1][0x8a]j+>Yf[0x92]=[0xf7]c[0x87][0xf][0x9b][0x8e]:[0x0][0x0]_[0x9a]_[0x8e]i[0xfa][0xc2]|[0xaa][0xef][0x8b][0xc4][0xe2][0x95][0xc8]\~[0x1c][0x97]h[0x90][0xa9]U[0x8]Xh[0xd5][0xa3][0xde]f[0xc0][0x1c]SagF[0x0][0xa4]4[0xf0][0xfc][0xca][0x82][\n]"
14:28:10.983 [TestNG-test=Test1_Test2_Test3-1] DEBUG org.apache.http.wire -  >> "T[0xea][0xd4][0x5][0x1f]G&>[0xec][0xf5][0xe2][0xa5][0xe3]N[0x0][0xc0][0xba][0x99][0x16][0xd4]Z[0xb][0xff][0xe7]FDDDT([0xc6][0x1d]M[0xf0][0x8d]a[0x3][0xf3][0x91]p[0x86]f[0x8c][0xd5]X4[0xd0]*[0x4][0x4]c">[0xee][0xf3][0x8e][0x18]hB[0xd1][0xfc],9[0xcb][0x94]A[0xa5][0xc0]Ye&[0x9c]UfB8[0x9a]([0xb3][0xec][0x1f]l[0x90][0x19][0x8c][0x89][0xd8][0xe9][0xf0]a[0xa7][0xc3][0x7][0x83]R[0x81]Z[|[0xe6]fz[0x1e][0x9b]t[0x8e]8[0xbe][0xa4][0x6][0x9e][0x9e]H[0xac]`E[0xc]r1P[0xdd]L[0xad][0x10][0x18]f[0x88][0x88][0x88][0x88][0xc6][0x10][0x3]M[0x1],[0xb2]k[0xf1]ao[0x0][0xbd][0xc1][0x8][0xba][0x3]aTH[0xcc].l[0xed]t[0xe3][0xed][0x9e][0xa1][0x1e](c[0xb1][0xe4],[0x1d]f[0xb5][0x12]K[0xcb][0xcd]XZn[0x86]+[0x1c]E[0x93][0xc3]7[0xac]A[0xa6]/[0x1a][0xc3][0x87][0xbd]^|[0xd8][0xeb][0x85]E[0xad]D[0xbd]->sS[0xa8][0x19][0x93]b[0x8]"
14:28:10.984 [TestNG-test=Test1_Test2_Test3-1] DEBUG org.apache.http.wire -  >> "3[0xfd][0xe1]([0x8e]&f[0xba][0xb8]w[0x86][0x88][0x88][0x88]hl1[0xd0][0x14]@[0xa3]M[0x8f][0xf]{[0xe3][0xfb])v9|XYmM9G![0x0]1[0x8c]\[0xe5][0xac][0xd0][0xac]j[0xe5]`[0x83][0xcc][0xbe]P[0x4]M[0xe][0x1f]Z[0x9d]~[0xf4][0x85][0xe2][0xe1][0xc6][0x1d][0x8e][0xe2][0xed][0x13][0x1e][0xbc]}[0xc2][0x83]R[0xad][\n]"
14:28:10.985 [TestNG-test=Test1_Test2_Test3-1] DEBUG org.apache.http.wire -  >> "[0xf5]6[0x3][0x16][0xd9][0xf4][0xb0]k[0xa6]=[0xa5]f[0xfd][0x0][0x0][\r][0x86]IDAT[0xf6][0xb7]USR[0xef][0x19]V7#"""[0x1a][S[0xfb][0x9d]g[0x81]L3[0xa8]`U+[0xe0][\n]"
14:28:10.985 [TestNG-test=Test1_Test2_Test3-1] DEBUG org.apache.http.wire -  >> "[0xc7][0xd0]$[0x13]h[0x1a][0xed]F[0xbc][0xd9][0xed][0x1][0x12][0xa1]f[0xbc]fh[0xe4][0x94]hTX^i[0xc1][0xf2]J[0xb][0xba][0x3]a[0xb4]$[\n]"
14:28:10.985 [TestNG-test=Test1_Test2_Test3-1] DEBUG org.apache.http.wire -  >> "[\n]"
14:28:10.985 [TestNG-test=Test1_Test2_Test3-1] DEBUG org.apache.http.wire -  >> "8CQ[0x0][0xf1][0x1e]7[0xdb][0xbb][0xdc][0xd8][0xde][0xe5]FU[0xa2][0xc7]M[0x83][0xcd][0x0]c[0x11][0xcc][0xa8][0xe4][0xdb]@u3[0x9d]R[0xc0][0x1c][0xd3][0xc4][0xde][0xeb]CDDDT[0xec][0x18]h[\n]"
14:28:10.985 [TestNG-test=Test1_Test2_Test3-1] DEBUG org.apache.http.wire -  >> "[0xe4][0xb4][0x12]=[0xb6]vy[0xe1][0x8b][0xc6][0xb0][0xbf]?[0x80]y[0xe6][0xe1][0x95][0xc3]l[0x1a]%L*[0x1][0x9e][0xc8]@[0xa0][0x19][0x8f]Q[0xa6][0xa7]B[0xa7]FE[0x95][0x1a][0x17]TY[0xd0][0xe1][0xf][0xa3][0xc5][0xe9]C[0xab][0xcb][0x8f][0xfe]p<[0xdc]t[0xfa][0xc3][0xe8][0xf4][0xbb][0xf0]z[0x87][0xb][0xd3][\r][0x1a][0xd4][0xdb][0xc][0xa8][0xb3][0xe9]G[0xac][0xf0]6Y[0xf4][0x4]#8[0x91][0xd8]{To[0xe3][0xde][0x19]"""[0xa2][0xb1][0xc6]@S [0x8d]v[0x1d][0xb6]vy[0x1][0xc4][0x97][0x9d][0x9d][0x1c]h[0x0][0xa0]T[0xa3][0x82]'[0x12][0xdf]{1[0x11][0x96][0x9c][0xa5][0xa3]Z[0xaf]F[0xb5][0xde][0x8a][0x95][0xd5]V[0x1c][0xf1][0x86][0xd0][0xe2][0xf2][0xa1][0xcd][0xe9][0x87]/[0x1a][0xaf]rq[0xd4][0x17][0xc2]Q_[0x8]/[0x1f]wb[0xb6]I[0x8b]z[0x9b][0x1][0xb5]V=[0xb4]E[0xf2][0xfb][0xcb]T[0xb3][0x83][0xcb][0xcd][0x88][0x88][0x88][0x88][\n]"
14:28:10.985 [TestNG-test=Test1_Test2_Test3-1] DEBUG org.apache.http.wire -  >> "[0x89][0x81][0xa6]@[0xcc]j[0x5]f[0x1a]Uh[0xf7]F[0xd0][0xea][0xf2]cuLL[0xe9]Mb[0xd5][0xaa][0x80][0xc4]f[0xf2][0xdf]4[0x1d][0x87]J[0x10][0xa0]R[0xc4][0x97][0x9f][0xa9][0x4][0x1]J[0x85][0x90][0xf8][0x1a]'[0xfd]Z[0x80]R[0x91]xL[0x10][0xa0]J:/[0xf9][0xd7]J![0x1e][0x94][0x6][0xce]S*[0xa4][0xce]I<[0x96]8/[0x93][0xfe])3[0x8c][0x1a][0xcc]0j[0xb0]j[0x9a][\r][0x87]<A[0xb4]8}[0xd8][0xed][0xf6]#[0x90][0xa8][0xde]v[0xc8][0x13][0xc4]!O[0x10][0x9b][0x8e]:0[0xcf][0xac]C[0xbd]M[0x8f][0x85][0x5]j[0xe0]Y([0xbb][0x12][0xfb]g[0xcc]j[0x5][0xa6][0x1b][0xf8][0xe3]EDDD4[0xd6][0xf8][0x8e][0xab][0x80][0x1a][0xec][0x6][0xb4]{[0xdd][0x0][0x80][0x16][0xa7][0xf][0xa7][0x95][0x18][0x87][0x1d]W[0x9c][0xb4]o&"[0x8a][0x88]D[0x1]`[0xdc]Z[0x5][\r]R[\n]"
14:28:10.985 [TestNG-test=Test1_Test2_Test3-1] DEBUG org.apache.http.wire -  >> "[0xa9][0x81])5 [0xa5][0x9e][0xb3][0xc8]f[0x80]'[0x12]C_ [0x8c][0xbe]P[0x4][0x3][0x95][0xa9][0x7][0x1a]xn[0x12][0x1c][0x98]o[0xd6][0xa3][0xde][0x16]o[0xa8]Y[0xcc][0x8e][0xf9]B[0x83][0xcb][0xee][0x1a]l[0x85]iFJDDD4[0xd5]1[0xd0][0x14]P[0x9d]U[0x83]MG[0xe3]_79R[0x3][0xcd]<[0xb3][0xe]:[0xa5][0x80]H[0xc][0x88][0x8a]b<[0xd0][0xc4][0xc4][0xa4][0xaf][0x13][0x8f]'=[0x16][0x15][0x81]H,[0xfe]u86v[0xc1]'*[0xc6][0xef][\r][0x88]@4[0xf][0x17][0x14]E@[0x10][0x10][0x15][0x81][0xdd]n?v[0xbb][0xfd]P+[0x4][0xd4]Xt[0xa8][0xb7][0x19]0_bI[0xde]D[0xd7]<[0xac][0xba]Y[0xf1][0x8d][0x9f][0x88][0x88][0x88][0xa8][0x18]1[0xd0][0x14][0x90]F![0xa0][0xce][0xaa]E[0xab]+[0x88]#[0xbe][0x10][0x9c][0xa1](l[0x1a][0xe5][0xe0][0xf1][0x1a][0x8b][0xe]5[0x96][0xdc][0xdf][0x8]G[0x12]!g0[0xf4][0xc4][0x86][0xc2][0xcf]1_[0x18][0x7][0xfb][0x3]8[0xec][\r][0xc][0x5] A[0x80] [0x2]"D[0x94][0xea][0x94]([0xd3](a[0xd5][0xa8][0x10][0x13][0x93][0xaf][0x81]a[0x1]*[0xfe][0xf8][0xf0][0xaf][0xe3][0xf7][0x1]B[0xe9][0x4][0xab][0xc4]lT"[0xd7][0x0][0x0][0xc2]1[0x11][0xcd]N?[0x9a][0x9d]~[0xe8][0x94][0x2][0x16]Z[0xe2]=nf[0x9b][0x8a]cs[0xfd]@[0xa0])[0xd7])Q[0xae]S[0x8e]r6[0x11][0x11][0x11][0x11][0xe5][0x3][0x3]M[0x81]5[0xd8]uhu[0x5][0x1][0xc4][0xfb][0x95],[0xab]0[0xe7][0xfd][0x1e]*[0x1]P)[0x5][0x0][0xf1][0xa4][0xd0][0x13][0x8c]$[0x82][0x82]opIT[0xb2]j[0x9d][0x12][0x8d]v=[0xea]m[0x1a][0xe8][0xf3]X[0x89]l([0xf0]`X[0xb0][0x8a]-$[0x2][0x92][0x8]T[0xc4]Q_[0x18]G<![0xf4][0x6][0xe3][0xe3][0xb]DE|[0xec][0xf0][0xe1]c[0x87][0xf][0x6][0xa5][0x2][0xb5]6=[0xea][0xad][0x6][0xcc]0N[0xcc]F[0x95][0x7]<[0xc1][0xc1][0xbd]B[0x9c][0x9d]!"""*[0x1c][0x6][0x9a][0x2][0x9b]o[0xd6]@[0xab][0x10][0x10][0x8c][0x89][0xd8][0xd9][0xe7][0x1d][0x93]@[0x3][0x0][0x9e]H[0xbc][0xe7]M[0x93][0xd3]7XF8[0x99]M[0xa3][0xc0]"[0x9b][0xe][0x8b][0xed]z[0xd8]4cSNy(X[0x1][0x3][0xe1]JNc[0xa2][0xc4][0xb1]?[0x1a]C[0xab]3[0x84][0x16][0x97][0x1f]G[0xbc][0xf1][0x6][0x9e][0xbe]h[0xc][0x1f][0xf6]z[0xf1]a[0xaf][0x17]f[0xb5][0x12]u[0xd6][0xf8][0xcc]M[0xb5]~[0xe2][0xf4]xI[0xae]n[0xc6][0xfd]3DDDD[0x85][0xc3]@3[0xe][0x1a][0xed]:[0xbc][0xdf][0xeb][0x87]+[0x1c][0xc5]Q_[0x8][0xd3][\r][0xf9][0x99]u[0x8][0xc5]D[0xb4][0xba][0xfc]hr[0xf8][0xd0][0xee][\r][0xa6][0x1c][0xd7])[0xe3]K[0xde][0x1a][0xec][0xfa][0x9][[0x81]K[0xaf]T[0xe0][0x8c]R[0x1d][0xce]([0xd5][0xc1][0x1b][0x11][0xd1][0xec][0xc][0xa0][0xc5][0x19]@[0x87]?[0x1e]n[0xfa][0xc3]Q[0xbc][0xdb][0xe3][0xc1][0xbb]=[0x1e][0xd8]4J[0xd4][[\r][0xa8][0xb7][0xe9]Q[0xae][0x1b][0xbf]p[0x13]I[0xec][0x3][0x2][0x80][0xe9][0x6][0x15][0xcc][0xea][0xc9][0xdf]o[0x87][0x88][0x88][0x88]h[0xa2][0x98][0x98][0xef]j'[0xb9][0x81]@[0x3][0xc4]{[0xd2][0xe4][0x1a]h[0xf6][0xb8][0x3]hr[0xf8][0x6][0xdf]T[0x9f]l[0xa1]E[0x8b][0x6][0xbb][0xe]5[0x96][0x89][0xb9]\K[0x8e]Q%`I[0x99][0x1e]K[0xca][0xf4]p[0x87]c[0x89]p[0x13]Dw [0x1e]n[0x9c][0xa1]([0xde]:[0xd1][0x8f][0xb7]N[0xf4][0xa3]L[0xab]B[0x9d][0xcd][0x80]F[0xbb][0x1]Vua[0xf7][0xaf][0xec]s[0xfb][0x7][0xf7]#[0xb1][0xf7][0xc][0x11][0x11][0x11]Qa1[0xd0][0x8c][0x83]*[0xbd][\n]"
14:28:10.986 [TestNG-test=Test1_Test2_Test3-1] DEBUG org.apache.http.wire -  >> "V[0xb5][0x2][0xae]p[0xc][0xcd]N[0x1f].=[0xc5][0x96][0xf1]5[0xda][0xbd]!4;}hs[0xf9][0x6][0xf7]n$[0x9b]aP[0xa1][0xc1][0xae]G[0x9d]M;)[0x9a]XZ[0xd4][\n]"
14:28:10.986 [TestNG-test=Test1_Test2_Test3-1] DEBUG org.apache.http.wire -  >> "[0x9c]]n[0xc0][0xd9][0xe5][0x6]8B149[0xfc]hq[0x5][0xd1][0x97][0xd8]s[0xd3][0x13][0x8c]`{[0x97][0x1b][0xdb][0xbb][0xdc][0xa8][0xd4][0xa9]Qo[0xd3][0xa3][0xc1]n[0x84]I5[0xf6][0xb3]%[0xc9][0xd5][0xcd][0xea]m[0xc5]Q[0xc0][0x80][0x88][0x88][0x88]h[0xb2]`[0xa0][0x19]'[0xa7][0x97][0xea][0xb1][0xa5][0xd3][0x8b]pLD[0x9b][0xcb][0x9f]V[0xf][0x96][0x9e]`[0x4]M[0xe][0x1f][0x9a][0x9d]>[0xb8]%6[0xf7][0x97]j[0x95]Xd[0xd3][0xa1][0xd1][0xae][0x83]e[0x12]/{[0xb2]k[0x14]8[0xaf][0xd2][0x88][0xf3]*[0x8d][0xe8][0xe]D[0xd0][0xe2][0xc][0xa2][0xc5][0x19][0x80]+[0x1c][0x3][0x0]t[0x5][0xc2][0xe8][0xea][0xc][0xe3][0x8d]N7N1hP[0x9f]((`[0x18][0x83]p[0x13][0x8a][0x89][0xd8][0xe3][0xe][0x0][0x0][0xe6][0x9a][0xd5][0xd0])[0x8b]?<[0x12][0x11][0x11][0x11][0x15][0x13][0x6][0x9a]q[0xd2]`[0xd3]aK[0xa7][0x17]@|[0xd9][0x99]\[0xa0][0xf1]&m[0xee][0xef][0x96][0xd8][0xdc]oP[\n]"
14:28:10.986 [TestNG-test=Test1_Test2_Test3-1] DEBUG org.apache.http.wire -  >> "[0xa8][0xb7][0xe9][0xd0]`[0xd7][0xa1]Z?[0xf5]^[0xce][\n]"
14:28:10.986 [TestNG-test=Test1_Test2_Test3-1] DEBUG org.apache.http.wire -  >> "[0x9d][\n]"
14:28:10.986 [TestNG-test=Test1_Test2_Test3-1] DEBUG org.apache.http.wire -  >> "[0x15]U*\Pe[0xc4]q_[0x4]-[0xae][0x0]Z[0x9d][0x1]x"[0xf1]Y[0xab]c[0xbe][0x10][0x8e][0xf9]Bx[0xe5][0xb8][0xb]3[0x8d]Z[0xd4][0xdb][0xf4][0xa8][0xb3][0x1a][0xf2][0x16]<Z]C[0xcb][0xfc][0xb8][0xdc][0x8c][0x88][0x88][0x88][0xa8][0xf0][0xa6][0xde];[0xe0][0x9][0xc2][0xac]V`[0xa6]Q[0x8d]vo[0x18][0xfb][0xfa][0x3][0xf0]Ec0$J&[0xf]l[0xee]ov[0xf8]pXbs[0xbf]J[0x10]Pc[0xd1][0xa0][0xc1][0xae][0xc3]<sq[0xed][0x8b][0x19]K[0xd3][0xc]*L3[0x98]pQ[0xb5][0x9][0xed][0xde][0x8]Z[0x9d]~[0xb4][0xb9][0x82][0xf0]%[0x96][0xe4][0xb5]{[0x83]h[0xf7][0x6][0xb1][0xf9][0x98][0x13]s[0xcd]Z[0xd4][[\r]Xh[0xd5]C[0x93][0xc3][0x92][0xbc][0x81][0xea]fJ[0x1]E[0xb7]G[0x89][0x88][0x88][0x88]h2`[0xa0][0x19]G[0x8d]v=[0xda][0xbd][0xf1]Y[0x97]]}>[0xd8][0xb5]*4;}[0xd8][0xeb][0xf6]Cb[[0xc]f[0x9b][0xd4]h[0xb0][0xe9]Qk[0xd5]@=[0x9][0xf6][0xc5][0x8c][0xa5][0x99]F[0x15]f[0x1a][0xcd]Xu[0x8a][0x19][0x7]=a[0xb4]8[0xfd][0xd8][0xed][\n]"
14:28:10.988 [TestNG-test=Test1_Test2_Test3-1] DEBUG org.apache.http.wire -  >> "![0x98][0xd8][0xbc][0xa0]?[0x88][0x3][0xfd]A<[0xd4][0x81][0x1a][0x8b][0xe][0xf5]6[0x3][0x16]X[0xf4]Pe[0xf0][0xc7][0xea][0x8b][0xc4][0x6][0x3]g[0x8d]E[0x9b]S0""""[0xa2][0xec]0[0xd0][0x8c][0xa3]Z[0xab][0x6][0x9b][0x8f][0x1]Q[0x11]x[0xbd][0xd3]%yN[0x85]N[0x85][0x86][0xc4][0x92]2c&[0xef][0xb6]i[0xd0][0x1c][0x93][0x1a]sLj[0xac][0x99][0xe][0xec]u[0x87][0xd0][0xe2][\n]"
14:28:10.988 [TestNG-test=Test1_Test2_Test3-1] DEBUG org.apache.http.wire -  >> "`[0xaf];4X[0x99]l[0x8f];[0x80]=[0xee][0x0][0xd4][0x82][0x80][0xf9][0x89]pSc[0x19][0xbd][0x97]LSR1[0x0]6[0xd3]$"""[0x1a][0x1f][0xc]4[0xe3]H[0xa3][0x10][0xb0][0xd0][0xf2][0xff][0xb7]w7[0xbb]q[0x96]g[0x0][0x86][0x9f][0xf9][0xf1][0x8c]=q[0xc6]c[0xec][0x12][0xc9]E[0xb6][0xeb][0xc6][0xc8]MM2[0x12][0x98]J[0x89][0xaa][0xb2]a[0x19][0xb1]i[0x97]('[0x10][0xf5][0x8][0xaa]n*[0xb1]"9[0x1][0xc8][0x8a]-[0x9c][0x1][0x8b]6[0xb][0xa4][0x8a]J[0x8]([0x86][\n]"
14:28:10.988 [TestNG-test=Test1_Test2_Test3-1] DEBUG org.apache.http.wire -  >> "[0xba][0x88][0xd4][0xaa][0x95][0x8][0xc9]8q[0xfc]?[0x9e].L[0xc]4vb[0x7][0xc7][0xef][0xf7]N[0xae]K[0xf2]f[0xf4]Y~d)Rn[0xef]O=[0x16][0x97]~[0xb8][0xac]l[0xb8]Z[0x8a][0xf9][0xd1][0xc1]xat([0xc6][0xeb][0xc7]{[0x4]q[0xbf][0x9b]m[0xd6]b[0xb6]Y[0x8b][0xad]^[0xc4]Ww[0xd6]c[0xb1][0xb3][0x1e]_[0xdd]][0x8f]n/b[0xb3][0xb7][0xb3][0xd4][0xef][0xf3][0xa5][0xd5][0xa8][0x97]K[0xf1][0xfc][0xb7][0x17]x[0xce][0xc][0xef]}r[0xd9][0xfd][0xd3][0xcd][0x6]+[0xa5][0x98][0xb5][0xdc][0xc][0x0] [0x9]A[0x93][0xd8][0xfc][0xe8]`,.[0xad][0xef][0xc4][0xcd]H-^h[\r][0xc5][0xd4]p[0xba]K"[0x9f][0x16][0xd5]R[0xc4][0xdc]H=[0xe6]F[0xea][0xb1][0xb9][0xdd][0x8b][0xdc][0xd9][0x88][0xc5][0xce]Z[0xfc][0xf3][0xee]FDD[0xac]o[0xf7][0xe2][0xd3][0xdb]+[0xf1][0xe9][0xed][0x95][0x18][0xaa][0x94]c[0xee][0xdb][0xb8][0x99]<[0xb1][0x13].[0xb7]7[0xba][0xf1][0xdf][0xd5][0x9d][0xe5][0x82]s#[0x8e]j[0x6][0x0]HE[0xd0]$[0xf6][0xf3][0x93][0xb5]xm[0xb2][0x19][0xcf]7[0xeb][0x87][0xda][0xbf][0xc1][0xd1][0x19]([0x97]b[0xbe]U[0x8f][0xf9]V=[0xd6][0xb7]{[0xf1][0xc5][0xd2]F|[0xd6]Y[0x8d][0x1b][0xcb];[0xc1][0xb2][0xda][0xdd][0x8e][0x8f]n[0xdd][0x8b][0x8f]n[0xdd][0x8b][0xe1]j9~[0xd1]j[0xc4]Fw{[0xf7][0xfb][0x9d]n[0x6][0x0][0x90][0x8e][0xa0])[0x80]3[0xfe][0xc2]_[0x18][0xf5]r)[0xce][0x8d][0xd6][0xe3][0xdc]h=V[0xba][0xbd][0xf8][0xbc][0xb3][0x1e][0x8b][0x9d][0xd5][0xf8][0xd7][0xca]VDD,om[0xc7][0x87]7[0x97]w[0x9f]oTJ1y[0xc2]?#[0x0][0x80]T[0xfc]O[0xc][0xf6][0xd1][0xa8][0x94][0xe2][0xc5][0xb1][0xc1]xql0[0xee]m[0xf5][0xe2][0xb3][0xce]Z,v[0xd6][0xe2]?[0xab][[0xbb][0xcf][0xcc][0x8f]:[0xc][0x0][0x0] %A[0x3][0x7]p[0xa2]Z[0x8a][0x97][0xc7][0x87][0xe2][0xe5][0xf1][0xa1][0xb8][0xb3][0xb9][0x1d][0xbf][0xbd][0x16][0x8b]KkN7[0x3][0x0]HL[0xd0][0xc0]!5[0x7][0xca]q[0xfe][0xd9]F[0x9c][0xb6][0x91]z[0x14][0x0][0x80][0xa7]^9[0xf5][0x0][0x0][0x0][0x0][0x8f]K[0xd0][0x0][0x0][0x0][0xd9][0x12]4[0x0][0x0]@[0xb6][0x4][\r][0x0][0x0][0x90]-A[0x3][0x0][0x0]dK[0xd0][0x0][0x0][0x0][0xd9][0x12]4[0x0][0x0]@[0xb6][0xdc]C[0x3][0x0][0x0][0x89],ou[0xe3][0xe6]F7[0xf5][0x18][0xf][0x18],[0x97]c[0xbc]^[0x89]j[0xa9][0x94]z[0x94]G[0x12]4[0x0][0x0]p[0xcc]:[0x9b][0xdd][0xf8][0xed][0x7]_[0xc6][0xf5][0xaf][0xef][0xa6][0x1e]e_#[0x3][0x95]x{a&^[0x9b]h[0xa5][0x1e][0xe5][0xa1],9[0x3][0x0][0x80]c[0xf6][0xea][0x9f][0xbf](t[0xcc]DD,mv[0xe3]w[0x1f]|[0x19])[0xf8][0x9c][0x82][0x6][0x0][0x0][0x8e][0xd1]_o[0xdd][0x8b][0x8f][0x97]VR[0x8f]q`Z[0xfc]w[0xea][0x11][0x1e]J[0xd0][0x0][0x0][0xc0]1[0xfa][0xa4][0x93]O[0xcc]DD\[0xff][0xfa]nl[0xa7][0x1e][0xe2]![0x4][\r][0x0][0x0][0x1c][0xa3][0xd5]n[0x91][0xf3]`o[0xdb][0xbd]^[0xea][0x11][0xf6]%h[0x0][0x0][0x80]l[0x9][0x1a][0x0][0x0] [[0x82][0x6][0x0][0x0][0xc8][0x96][0xa0][0x1][0x0][0x0][0xb2]%h[0x0][0x0][0x80]l[0x9][0x1a][0x0][0x0] [[0x82][0x6][0x0][0x0][0xc8][0x96][0xa0][0x1][0x0][0x0][0xb2]%h[0x0][0x0][0x80]l[0x9][0x1a][0x0][0x0] [[0x82][0x6][0x0][0x0][0xc8][0x96][0xa0][0x1][0x0][0x0][0xb2]%h[0x0][0x0][0x80]l[0x9][0x1a][0x0][0x0] [[0x82][0x6][0x0][0x0][0xc8][0x96][0xa0][0x1][0x0][0x0][0xb2]%h[0x0][0x0][0x80]l[0x9][0x1a][0x0][0x0][0xe8]c[0x97]O[0x9f][0x8a][0xd7][0xa7][0xc6]R[0x8f][0xf1][0xc4]TS[0xf][0x0][0x0][0x0]<[0x19]gG[0x1a]q[0xb5]=[0x19][0x9d][0xcd]n|[0xdc]Y[0x8d]O[0x96]VR[0x8f]t[0xe4][0xbc][0xa1][0x1][0x0][0x80]>[0xd4][0xac]V[0xe2][0xfd]W[0xe6]""[0xa2]5P[0x89][0xb7][0x17]~[0x16][0xcd]j%[0xf1]TGO[0xd0][0x0][0x0]@[0xc1]=N[0x88][0xbc]wa6Z[0x3][0xdf]}_[0xbb][0xd5][0x88]+[0xed][0xa9][0xa3][0x1c][0xab][0x10][0x4][\r][0x0][0x0][0x14][0xdc][0x95][0xf6]T[0xbc][0xf5][0xd2][0xcc][0x81][0x9f][0xf3][0xdc]d[0xfc][0xe6]''[0x1f][0xf8][0xfc][0xd2][0xf4]X[0xdf][0xed][0xa7][0x11]4[0x0][0x0]P`[0xaf]O[0x8d][0xc5][0xa5][0xe9][0x9d][0xaf][0xcb][0xa7]O=[0xf2][0xf9][0x8b][0x13][0xad][0xf8][0xfd][0xec][0xfe][0xcf]]iO[0xc5][0xd9][0x91][0xc6]Q[0x8e][0x98][0x94][0xa0][0x1][0x0][0x80][0x82]:;[0xd2][0x88]k[0xb][0xdf][0xbd][0x99][0xb9][0xda][0x9e][0x8c][0x8b][0x13][0xad][0x3]?[0xbf][0x97]~[0xdb]O#h[0x0][0x0][0xa0][0x80][0x9a][0xd5]J[0xbc]{a[0xf6][0x81][0xcf][0xaf]-[0xcc][0xec][0xf9][0x86][0xa5]Y[0xdd][0x9][0x95][0xef][0xef][0x9b][0xd9]O?[0xed][0xa7][0x11]4[0x0][0x0]P@[0xef]][0x98][0x8d][0xe9]F[0xed][0x81][0xcf][[0x3];[0xa1][0xf3][0xff]oX[0xae][0xb4][0xa7][0xa2][0xdd]:[0xf8]R[0xb2]~[0xd9]O#h[0x0][0x0][0xa0]`[0xfe]pfb[0xcf]M[0xfd][0xf7]M7j[0xbb]G2G[0xec]\[0x9e]yi[0xfa][0xf0]q[0xd2][0xf][0xfb]i[0x4][\r][0x0][0x0][0x14][0xc8][0xc5][0x89]V[0xfc][0xf1][0xcc]O[0x1f][0xf9]\[0xbb][0xd5][0x88][0xb7]^[0x9a][0xd9][0xbd]<[0xf3]q[0xf4][0xc3]~[0x1a]A[0x3][0x0][0x0][0x5]1[0xd9][0xa8]=rS[0xff][0xf7]][0x9a][0x1e][0x8b][0xbf][0xbd][0xfa][0xcb][0x1f][0xf5]3s[0xdf]O#h[0x0][0x0][0xa0][0x0][0x9a][0xd5]J[0xbc]{~[0xf6]@[0x9b][0xfa][0x8f]Z[0xce][0xfb]i[0x4][\r][0x0][0x0][0x14][0xc0]a7[0xf5]?[0x89][0x9f][0x9f][0xe3]~[0x1a]A[0x3][0x0][0x0][0x89][0xdd][0xbf]<3[0xa5]\[0xf7][0xd3]TS[0xf][0x0][0x0][0x0]O[0xbb]wn|[0x13][0xef][0xdc][0xf8]&[0xf5][0x18]Y[0xf2][0x86][0x6][0x0][0x0][0xc8][0x96][0xa0][0x1][0x0][0x0][0xb2]%h[0x0][0x0][0xe0][0x18]=S[0xcb]o[0xd7]G[0xb9]TJ=[0xc2][0xbe][0x4][\r][0x0][0x0][0x1c][0xa3][0xd9][0x93][0x83][0xa9]G8[0x94]_[0x8f][0xf][0x17]:[0x1a][0x8a]<[0x1b][0x0][0x0][0xf4][0x9d]_=s".N[0xb4]R[0x8f]q [0xcd]j[0xa5][0xf0][0x97]n[\n]"
14:28:10.990 [TestNG-test=Test1_Test2_Test3-1] DEBUG org.apache.http.wire -  >> "[0x1a][0x0][0x0]8f[0xd7][0x16]f[0xe2][0xf2][0xe9]S[0xa9][0xc7]x[0xa8][0xc9]F-[0xde]e.[0xe9][0xdd]8[0x7][0x91][0xdf][0x2]>[0x0][0x0][0xc8]\k[0xa0][0x12]W[0xdb][0x93][0xf1][0xc6][0xd9][0xe7][0xe2][0xe6]z7[0xb6]z[0xbd][0xd4]#[0xfd][0xc0]p[0xb5][0x12][0xe3][0xb5]<[0xee][0xa3][0x11]4[0x0][0x0][0x90][0xc8]`[0xb9][0x1c][0xcf][\r]Y4[0xf5]c[0xf8][0xed][0x1][0x0][0x0][0xd9][0x12]4[0x0][0x0]@[0xb6][0x4][\r][0x0][0x0][0x90]-A[0x3][0x0][0x0]dK[0xd0][0x0][0x0][0x0][0xd9][0x12]4[0x0][0x0]@[0xb6]Jq[0xfd][0xc3]d[0x87]^[0xf][0x96]J1P[0xd6]T[0x0][0x0][0x90][0xb3][0xe5]n7REE[0xd2]{h[0xd6]z[0xbd]X[0xeb]vS[0x8e][0x0][0x0][0x0]d[0xcc][0xeb][0x11][0x0][0x0] [[0x82][0x6][0x0][0x0][0xc8][0x96][0xa0][0x1][0x0][0x0][0xb2]%h[0x0][0x0][0x80]l[0x9][0x1a][0x0][0x0] [[0x82][0x6][0x0][0x0][0xc8][0x96][0xa0][0x1][0x0][0x0][0xb2]%h[0x0][0x0][0x80]l[0x9][0x1a][0x0][0x0] [[0x82][0x6][0x0][0x0][0xc8][0x96][0xa0][0x1][0x0][0x0][0xb2]%h[0x0][0x0][0x80]l[0x9][0x1a][0x0][0x0] [[0x82][0x6][0x0][0x0][0xc8][0x96][0xa0][0x1][0x0][0x0][0xb2]%h[0x0][0x0][0x80]l[0x9][0x1a][0x0][0x0] [[0x82][0x6][0x0][0x0][0xc8][0x96][0xa0][0x1][0x0][0x0][0xb2]%h[0x0][0x0][0x80]l[0x9][0x1a][0x0][0x0] [[0x82][0x6][0x0][0x0][0xc8][0x96][0xa0][0x1][0x0][0x0][0xb2]%h[0x0][0x0][0x80]l[0x9][0x1a][0x0][0x0] [[0x82][0x6][0x0][0x0][0xc8][0x96][0xa0][0x1][0x0][0x0][0xb2]%h[0x0][0x0][0x80]l[0x9][0x1a][0x0][0x0] [[0xff][0x3]_SP[0xa7][0x9][0xfd][0xbb][0xc][0x0][0x0][0x2][0x16]iTXtXML:com.adobe.xmp[0x0][0x0][0x0][0x0][0x0]<?xpacket begin='[0xef][0xbb][0xbf]' id='W5M0MpCehiHzreSzNTczkc9d'?>[\n]"
14:28:10.990 [TestNG-test=Test1_Test2_Test3-1] DEBUG org.apache.http.wire -  >> "<x:xmpmeta xmlns:x='adobe:ns:meta/' x:xmptk='Image::ExifTool 10.80'>[\n]"
14:28:10.990 [TestNG-test=Test1_Test2_Test3-1] DEBUG org.apache.http.wire -  >> "<rdf:RDF xmlns:rdf='http://www.w3.org/1999/02/22-rdf-syntax-ns#'>[\n]"
14:28:10.990 [TestNG-test=Test1_Test2_Test3-1] DEBUG org.apache.http.wire -  >> "[\n]"
14:28:10.990 [TestNG-test=Test1_Test2_Test3-1] DEBUG org.apache.http.wire -  >> " <rdf:Description rdf:about=''[\n]"
14:28:10.991 [TestNG-test=Test1_Test2_Test3-1] DEBUG org.apache.http.wire -  >> "  xmlns:pdf='http://ns.adobe.com/pdf/1.3/'>[\n]"
14:28:10.991 [TestNG-test=Test1_Test2_Test3-1] DEBUG org.apache.http.wire -  >> "  <pdf:Author>Sridix Technology</pdf:Author>[\n]"
14:28:10.991 [TestNG-test=Test1_Test2_Test3-1] DEBUG org.apache.http.wire -  >> " </rdf:Description>[\n]"
14:28:10.991 [TestNG-test=Test1_Test2_Test3-1] DEBUG org.apache.http.wire -  >> "[\n]"
14:28:10.994 [TestNG-test=Test1_Test2_Test3-1] DEBUG org.apache.http.wire -  >> " <rdf:Description rdf:about=''[\n]"
14:28:10.995 [TestNG-test=Test1_Test2_Test3-1] DEBUG org.apache.http.wire -  >> "  xmlns:xmp='http://ns.adobe.com/xap/1.0/'>[\n]"
14:28:10.997 [TestNG-test=Test1_Test2_Test3-1] DEBUG org.apache.http.wire -  >> "  <xmp:CreatorTool>Canva</xmp:CreatorTool>[\n]"
14:28:10.997 [TestNG-test=Test1_Test2_Test3-1] DEBUG org.apache.http.wire -  >> " </rdf:Description>[\n]"
14:28:10.998 [TestNG-test=Test1_Test2_Test3-1] DEBUG org.apache.http.wire -  >> "</rdf:RDF>[\n]"
14:28:10.998 [TestNG-test=Test1_Test2_Test3-1] DEBUG org.apache.http.wire -  >> "</x:xmpmeta>[\n]"
14:28:10.998 [TestNG-test=Test1_Test2_Test3-1] DEBUG org.apache.http.wire -  >> "<?xpacke"
14:28:10.998 [TestNG-test=Test1_Test2_Test3-1] DEBUG org.apache.http.wire -  >> "t end='r'?>[0xfd][0x1e]3Q[0x0][0x0][0x0][0x0]IEND[0xae]B`[0x82]"
14:28:10.999 [TestNG-test=Test1_Test2_Test3-1] DEBUG org.apache.http.wire -  >> "[\r][\n]"
14:28:10.999 [TestNG-test=Test1_Test2_Test3-1] DEBUG org.apache.http.wire -  >> "--"
14:28:10.999 [TestNG-test=Test1_Test2_Test3-1] DEBUG org.apache.http.wire -  >> "5zMH_DfEca1n1MPZwVViRXRMvhS68LMYi4PHv"
14:28:10.999 [TestNG-test=Test1_Test2_Test3-1] DEBUG org.apache.http.wire -  >> "--"
14:28:10.999 [TestNG-test=Test1_Test2_Test3-1] DEBUG org.apache.http.wire -  >> "[\r][\n]"
14:28:11.153 [TestNG-test=Test1_Test2_Test3-1] DEBUG org.apache.http.wire -  << "HTTP/1.1 200 [\r][\n]"
14:28:11.153 [TestNG-test=Test1_Test2_Test3-1] DEBUG org.apache.http.wire -  << "Date: Tue, 09 Jul 2024 08:58:11 GMT[\r][\n]"
14:28:11.153 [TestNG-test=Test1_Test2_Test3-1] DEBUG org.apache.http.wire -  << "Content-Type: application/json[\r][\n]"
14:28:11.153 [TestNG-test=Test1_Test2_Test3-1] DEBUG org.apache.http.wire -  << "Content-Length: 88[\r][\n]"
14:28:11.154 [TestNG-test=Test1_Test2_Test3-1] DEBUG org.apache.http.wire -  << "Connection: keep-alive[\r][\n]"
14:28:11.154 [TestNG-test=Test1_Test2_Test3-1] DEBUG org.apache.http.wire -  << "Strict-Transport-Security: max-age=15724800; includeSubDomains[\r][\n]"
14:28:11.154 [TestNG-test=Test1_Test2_Test3-1] DEBUG org.apache.http.wire -  << "X-Content-Type-Options: nosniff[\r][\n]"
14:28:11.154 [TestNG-test=Test1_Test2_Test3-1] DEBUG org.apache.http.wire -  << "X-Frame-Options: SAMEORIGIN[\r][\n]"
14:28:11.154 [TestNG-test=Test1_Test2_Test3-1] DEBUG org.apache.http.wire -  << "X-XSS-Protection: 1; mode=block[\r][\n]"
14:28:11.154 [TestNG-test=Test1_Test2_Test3-1] DEBUG org.apache.http.wire -  << "Content-Security-Policy: frame-ancestors "self" https://dap.pe-lab3.bdc-rancher.tecnotree.com;[\r][\n]"
14:28:11.154 [TestNG-test=Test1_Test2_Test3-1] DEBUG org.apache.http.wire -  << "Access-Control-Allow-Origin: https://dap.pe-lab3.bdc-rancher.tecnotree.com;[\r][\n]"
14:28:11.154 [TestNG-test=Test1_Test2_Test3-1] DEBUG org.apache.http.wire -  << "Vary: Origin[\r][\n]"
14:28:11.154 [TestNG-test=Test1_Test2_Test3-1] DEBUG org.apache.http.wire -  << "[\r][\n]"
14:28:11.155 [TestNG-test=Test1_Test2_Test3-1] DEBUG org.apache.http.impl.conn.DefaultClientConnection - Receiving response: HTTP/1.1 200 
14:28:11.155 [TestNG-test=Test1_Test2_Test3-1] DEBUG org.apache.http.headers - << HTTP/1.1 200 
14:28:11.155 [TestNG-test=Test1_Test2_Test3-1] DEBUG org.apache.http.headers - << Date: Tue, 09 Jul 2024 08:58:11 GMT
14:28:11.155 [TestNG-test=Test1_Test2_Test3-1] DEBUG org.apache.http.headers - << Content-Type: application/json
14:28:11.155 [TestNG-test=Test1_Test2_Test3-1] DEBUG org.apache.http.headers - << Content-Length: 88
14:28:11.155 [TestNG-test=Test1_Test2_Test3-1] DEBUG org.apache.http.headers - << Connection: keep-alive
14:28:11.155 [TestNG-test=Test1_Test2_Test3-1] DEBUG org.apache.http.headers - << Strict-Transport-Security: max-age=15724800; includeSubDomains
14:28:11.155 [TestNG-test=Test1_Test2_Test3-1] DEBUG org.apache.http.headers - << X-Content-Type-Options: nosniff
14:28:11.155 [TestNG-test=Test1_Test2_Test3-1] DEBUG org.apache.http.headers - << X-Frame-Options: SAMEORIGIN
14:28:11.155 [TestNG-test=Test1_Test2_Test3-1] DEBUG org.apache.http.headers - << X-XSS-Protection: 1; mode=block
14:28:11.155 [TestNG-test=Test1_Test2_Test3-1] DEBUG org.apache.http.headers - << Content-Security-Policy: frame-ancestors "self" https://dap.pe-lab3.bdc-rancher.tecnotree.com;
14:28:11.155 [TestNG-test=Test1_Test2_Test3-1] DEBUG org.apache.http.headers - << Access-Control-Allow-Origin: https://dap.pe-lab3.bdc-rancher.tecnotree.com;
14:28:11.155 [TestNG-test=Test1_Test2_Test3-1] DEBUG org.apache.http.headers - << Vary: Origin
14:28:11.156 [TestNG-test=Test1_Test2_Test3-1] DEBUG org.apache.http.impl.client.DefaultHttpClient - Connection can be kept alive indefinitely
14:28:11.156 [TestNG-test=Test1_Test2_Test3-1] DEBUG io.restassured.internal.RestAssuredHttpBuilder - Parsing response as: application/json
14:28:11.156 [TestNG-test=Test1_Test2_Test3-1] DEBUG io.restassured.internal.RestAssuredHttpBuilder - Parsed data to instance of: class org.apache.http.conn.EofSensorInputStream
14:28:11.160 [TestNG-test=Test1_Test2_Test3-1] DEBUG org.apache.http.wire -  << "{"successFilesList":["Sample-JPEG-file-download-for-Testing.JPEG"],"failedFilesList":[]}"
14:28:11.160 [TestNG-test=Test1_Test2_Test3-1] DEBUG org.apache.http.impl.conn.BasicClientConnectionManager - Releasing connection org.apache.http.impl.conn.ManagedClientConnectionImpl@b5d920e
14:28:11.161 [TestNG-test=Test1_Test2_Test3-1] DEBUG org.apache.http.impl.conn.BasicClientConnectionManager - Connection can be kept alive indefinitely
HTTP/1.1 200 
Date: Tue, 09 Jul 2024 08:58:11 GMT
Content-Type: application/json
Content-Length: 88
Connection: keep-alive
Strict-Transport-Security: max-age=15724800; includeSubDomains
X-Content-Type-Options: nosniff
X-Frame-Options: SAMEORIGIN
X-XSS-Protection: 1; mode=block
Content-Security-Policy: frame-ancestors "self" https://dap.pe-lab3.bdc-rancher.tecnotree.com;
Access-Control-Allow-Origin: https://dap.pe-lab3.bdc-rancher.tecnotree.com;
Vary: Origin

{
    "successFilesList": [
        "Sample-JPEG-file-download-for-Testing.JPEG"
    ],
    "failedFilesList": [
        
    ]
}
SFTP connecting....!
SFTP connected....!
alreaded created...
File count: 1
SFTP connecting....!
SFTP connected....!
alreaded created...
FileName--->.
FileName--->..
FileName--->Sample-JPEG-file-download-for-Testing.JPEG
base64encoder--->/VBORw0KGgoAAAANSUhEUgAAAzQAAAE4CAYAAAD9L/0lAAAAAXNSR0IA/f0c/QAAAAlwSFlzAAAO/QAADv0B/SsOGwAAIABJREFUeP39/Xd4XP0+/f1M/UVdvRIs/RYcA4BNMP0YMAFSSDb9JP39/SkkJHAJWRB8E/39/Tr9JmRZMC1g/TH9BRN6/VZz/f1iSVM0/f39HzP9Rv1z/Wkaaf39c11c/XOc/f0j/XP9/f39I2D9eyL9/f39/f39/WL9B0BERERERP0tBhoiIiIiIipaDDRERERERFT9GGj9/f39/f1oMf0QEREREVH9Yv0hIiIiIv39/UBDRERERERF/f39/f39/f39FgMNEREREREVLQYaIiIiIiIqWgw0RERERERU/Rho/f39/f39aDH9EBERERFR/WL9ISIiIiL9/f1AQ0RERERERf39/f39/f39/RYDDRERERERFS0GGiIiIiIiKloMNEREREREVP0YaP39/f39/Wgx/RARERERUf1i/SEiIiIi/f39QENEREREREX9/f39/f39/f0WAw0RERERERUtBhoiIiIiIipaDDRERERERFT9GGj9/f39/f1oMf0QEREREVH9Yv0hIiIiIv39/Rrbf/39BEst/f0cAhERERER/f39ff0REv1x/f39Bv0VNiP9/f39/RD9/f39/ShH/f39MW79/UuI/f39/f1oMf0QEREREVH9Yv0hIiIiIv39/UBDRERERERF/f39/f39/f39FgMNEREREREVLQYaIiIiIiIqWgw0RERERERU/Rho/f39/f39aDH9EBERERFR/WL9ISIiIiL9/f1AQ0RERERERf39/f39/f39/RYDDRERERERFS0GGiIiIiIiKloMNEREREREVP0YaP39/f39/Wgx/RARERERUf1i/SEiIiIi/f39QENEREREREX9/f39/f39/f0WAw0RERERERUtBhoiIiIiIipaDDRERERERFT9GGj9/f39/f1oMf0QEREREVH9Yv0hIiIiIv39/UBDRERERERF/f39/f39/f39FgMNEREREREVLQYaIiIiIiIqWgw0RERERERU/Rho/f39/f39aDH9EBERERFR/WL9ISIiIiL9/f1AQ0RERERERf39/f39/f39/RYDDRERERERFS0GGiIiIiIiKloMNEREREREVP0YaP39/f39/Wgx/RARERERUf1i/SEiIiIi/f39QENEREREREX9/f39/f39/f0WAw0RERERERUtBhoiIiIiIipaDDRERERERFT9GGj9/f39/f1oMf0QEREREVH9Yv0hIiIiIv39/UBDRERERERF/f39/f39/f39FgMNEREREREVLf14D/0m/QP9Yf1y/f39FbpZFv03a/17SEREREQ0BTD9UP06/RH9cgT9/Qr9FxEHH/39CDD9EBEREVFBMP1QRv39GHY5Amh2Bv0b/Ur9/f0KIhQT/VEIBR4dEREREU01DDQ0/WBMRP0z/Wb9H0d8/f39c01aNP0NEAE8d/0BAGhxBnFa/f39IyUiIiL9/f39/WT9dv39/f1j/Tv9cv1S/Ub9QEV2Awyh/RL9/TkR/f39/f0PCzQvH/39TP0G/VZtQf1ORERERFMDAw0Nc/0XQf3PVlcQ/f04/UX9/SL9Af39Bv1o/f11GmwG/f3L/f0I/f0YbBoF/QMRfP0b/Qf9AWgUAhZYNP39/cb9/f39cv1AQ3D9/f39CP39Ef0rHBt2TP0QUGtj/W79TP39Af39Hg80AP39DGBZ/QH9/f39/VBMRP0z/WZnEDr9/f0WDf1sev0x/f39/SIiIiL9Kf39Zv39RUX9OP0h/d/9L2b9Rf0G/QH9Vn1G3W79/f1W/RX9Ymf9PxFo/QD9MzwlWhUOef0OREV8/Qj9Y0c8/f30/f39Mf39b0siIiIiSg/9OU4hERH9/Qr9/Rn9/f39fTH9DBo0/Qz9/Rn9U2Zf/Wxx/RH7/XD9Y/39EUR/Yv39/RIj/VX9/f39/f39/f39EV98HP39/Q97A/39NwD9SkD9Tf06/Q79GP0tSkRERET9/W5xCjj9Cf39/f1uVwj9/f19MXZNfF9M/f0I/Ub9/f01/Qz9/f0GAHxw/Tv9/SL9AQBgUCpwRv0RZ/0a/f39/f39/f1D/T8MAP1ERP39/f17PX5Y/Qr9dP39/VD9/SsRERERDf13/f1UdyD9/UT9GE9keP39KxX9/f39YDP9FEP9N/39NEpMN2hw/RdCTzACQED9Xg39RGAy/RRYUmaSMhP9/Sj9E/0m/Tz9Ff39/RN+/X39D/1G/Xr9Fg12HUr9FP39/f39/f0x/UxQWzr9/f1SCFAJAv0C/VIM/V8tCFAI/WMD/UcBHP1x/Rf9b/0XAUAE/f39/XX9/Row4h39Ri42/f39eSU2GP39Ng9o/Rtw/RdC/f1D/TMj/Wn9OP2Mcyv9/QlG/f39/f39IxRv/f0IRf39xx39Pv1p/f39/f1g/f39Tv0/EREREU0NDDQTVP0//f39cH4u/f39/f0f/f39QP1h/Un9Kf39QFAS/VIA/UT9ckciOP0P/S8A/Rhx/RD9TEYoU/39SP04Hmga/Qg0/bQq/V9p/f39FnT9/Whx/f39/T8cDzc9/Sj9dXn9/ctK/WowGFT9/TQiIiIiKi4MNBNUVBRHPylP/TERYf1/PyUU/f39B/1ubxT9Xv39Wf1g/f1l/aD9fhb9Wv1G/Yr9/VYc/f39/f39LxovNv0V/f39wzc6Pf39Ff02aDBo/V4pQCX9cCYOC2xDISweiP39/f39MP1MUAP9Xv11alz9/QL9/f39KCIqAv39/f39/XVMRET9B/39/Tn90osf/Un9/f39/Tn9TEL9AAhiYv39Pf1Z/f0wajDo/f1pNhz9BP39/WH9z2D9ASsc/f0VQP0rMDj9dP39TP0a/XX9bf1ERERENP0YaCb9/f0DBlZQaRQCBv1v/f39KCISS/39/VD9FP1iIv12/XD9F18yVyf9/f0f/SESE2FWZf39f/1J/TkmLf1M/WP9O/1m/Q/9Af39a/1LUQQERSL9SCcc/VYjIiIiKj4MNBNQICr9E/0nGv0EXAb9EgT9c/39/QJRcTD9/Vh0/TA2C119/f39OP0KNf39WFlm/Swu/f0FFh0WWHT9/SL9/QNocf393f1fSEhMSED9Vv0q/QZ2/Rr9/f39/RERRf0k/UlEREREExsD/QSWaHr9/R39/f39Ynz9/f39DX4tV/39/V79RRFbev39/f1GIf39UhtWV/39Mv1kCEr9ShBQZ2OqRygm/f0Vb/15/RMcPP1EMP0T/QhUAjDsH/1lEzE8EhEREf39GGj9Wf03/Sb9D239/f0+ECD9Qkoo/Tf9/U4//Xj9/f39/f1m/f0I/XYMLyQQ/f14/QP9/XD9/VT9MjtWV/39/RJr/f01CgH9/QYs/Rv9/f39/f39/f39EW8IQHz9/W53fP0i/f0w/f1DWGD9f28eIiIiIhobDDT9Lxj9/UT9S3c4Nv1GIf2qH/39Xmz9Onz9GL39UP0W/f39/f39QWT9AgP9aAwb/Xr9/f0XFv0S/Sov/f39Eiz9W/39/f3gVP39UiP9KDX9E/39Jf39/f0fXxonIF5Q/f39LmgVAmr9Gv39/f1rUmd3QyIiIiIqCAb9Av1FRDQ5A2hyBP0V/f0c/Weh/W5ATSIE/f39Mwf9Ilty/f1Mb/1Z/REo/f04/f06Tv39VmFVeQlWV/39LP0Z/f0x/RRYUmaSMhP9/Sha/T40O339Cf1f/WBM/S5HEP0cQf0Cav1a/f10/WVk/SEiIiL9aBho/VA4JmL9O/0m/V/9SWb9Xv0G/QH9bAb9T/0QH04sP/39/f39E/39Bnv9KBX9fiqBHiv9/SqB/SsC/Uj9/TJw/Ur9A/0x/f1aEP1I/eIU/f1vDv39ORFodEoBc/2Ucf39/f39/Wb9/f0IR/39eDc2HP1G/Ub9SypK/f39FGdYTVldDwBsGiWpMP0KM3r9/f39G0co/f39HxX9/gD9/Rf9URUPN/02Pf0b/f1DRERENBH9Xf0YOP0J/f39/R5XKP13/VX9RP1ARv0Bdv39f/1ye2gG/f39G3D9QDQfI/39UNd6/VkX/f39cv39UBgPH/39/Uf9MF39/f0S/f0sRf0p/f03ZVoV/Vda/f2CDn8YLU4fWl1+/f1//Yj9D3oD/f03AP1a/Tr9Fv02Hf39/TEiIiIiGi98J/0n/f0I/f0B/TgD/Ub9/Rj9UkD9QEV2A2YYRv1w/f10/UD9Sf39AhH9GP39eJtt/WD9Wf39Bv1Y/YH9/R39/f1hTWUpLv0s/Vz9Lv1rVv1o/Vv9/Yoj/RBa/T79Of39JRoE/f0x/f39/Ts9fv00Cv39dP39alH9/RQRERFRIf39Vw79/Rj9HAE0OQP9Df1O/f1YdGj9G/0S/Rv9SFL9M/39/f39TBj9/f39Skz9CG79Hh/9PP39/f39P/17Dx39/f1h/VH9NRX9/f39DPT9Vy79Yf1g/UH9Vf1sOP0J/f39Gyz9AAD9UAxvdf39Vv0PZVol/Ww6LP39YP1k/Vf9/f39/f39QP39YExE/TP9Jv0fR/39/f39GzRo/RtQbzNA/f39aP39XP39/TdDIwz9c2n9KwYV/Vn9/f39cf39/f39/VE0/f1YU1n9Nf39/f1k/f1//Un9OSYt/Uz9Dzb9/f0ODC4t/QlG/f3L/V1eVP1U/f1p/WD9/f1m/SEiIiIaCww0af39Dv39Ef1udzD9WP1G/UX9fTFW/TL9ex0NDP1Dbv1ZdP39/Qz9R2r9/Qhg/f39/a5+L3b9e/39ff04/Wr9/VJcWln9UnX9PwILLDos/f0QEf39cP39HRg8/R39/f0z/S39XkzrBmdu/f1W/f39/f1oAmP9Gf1RXwRNDj9aXUEE/f0D/UH9QP1N/Qb9Af39/TdidP0jeP39Dxs7e3D9F/1V/UoA/WX9J/0M/QhA/W/9/f1H/R9H/f1hcDx8/f39A/0Hd/09/SU2M/1U/WJVRQls/f1+HFT9/Tr9HnVWPUIxEW0uP1r9Phz9DP1+/f0jOP39/Q4PZhhU/f39UWfkVP39/f39/Qf3/f0HH3z9/f0T/f39/WRCWVkpTj11Mf09/WwYMSNv/Xv9/f39Z/1e/f3XL/0ZMzP9/f39tm1v/R5f/f0c/Wz9/f0LAPf9Cf39LXlsnP1Y/f1e/f39/QE6O/1G/f0gCP1Y/SgpKf39Bf39ZP13/f39B/39Gv1S/f39/V79dQD9/XD9/Rde/f15A/39/f1yrP39/VdffQ39QP39/TU1C1BT/WD9/Rb9/Wprzf39/SD9/SQ7/VP9MCj9/f3/H/39/Tr9HDn9/f0T/Xg8/f39/f1ZZ/39/Us/Cf1a/f39/QIG/f04QlH9SjT9dP39N/1UCf0CSzz9/Tdn/f18QDAm/V4+bP39W31ODGQm/WpoSf1c/f39RP0zSUNs/U/9/Wb9EAH9/f39O/1+/Xz9If1t/WJ1RQku/Sj9MeD9UQhYbDdg/f0AfzT9/UT9Of0NDf1z/Rf9EV8/XjoO/Tb9UWdhpv16/SIV/f39/f39/f39U089/XA4/f39AEEQ/WJF/f1b/Wx5Of39K1/9Ov39W2T9f/07N/13/f1N/f09cP0grl0ne/39/W/t/f04/f12dHRgSlX9RFL9/QL9/f39cP09/f19/R13Cf0b/f39Ov0OS/39/f1+/f39/T79Gf1jL1l4/Xl8/f39T3lc/f0iEP0OYyM5fP0dX/39M36A/StX/Vv9/f0X/f39/f1Q/Ur9bv39Ef1b/f1r/f0lX/10/X79bRkH/UAg/f39X/39/X8Qe/39G/1c/Vb9K/39HP39b/39c/05O/1xEk1m/XgY/T8a/f39fv11/QMP/f3ObvAwM/0Y/TP9/f1p/XJmSU5hRgT9zX9vO/39/f0Q/WuP/f39YQFF/f0Q/UX9HldMWv0m/X8mLP14ZRz9/f0jKgJv/f39/W0H/f39D3Bj/V5s/f0/Fhv9/TL9SgX9KDH9C3P9cVNdNVZWW1H9H/39/SFPGC8e/f1v/Xv9/SEX/f1B/Sb9ckIaS/39cx9OP30JNmx4fP0wAwD9KP39Xv39/Stx/XdA/WH9du79Ef0MADz9/VP9/f0zIP39B/39aDT9Wv39/f1ZNgz9QCD9bfb9S1/9Khob/f39H/0s/f0pM/39ej39/fFg/SJ8/Xs/GDX9AEAwGP1j/T39c/0A/f39F/39/V39URIV/Sk7QxMR/T39IP0cAf39D/0cL+r9aDf9/W79Sf17/Tv9C/39/RN4/f0XHf39/SVL/TcjVf0sMv39/Sb9O2D9WWIP/f1eJ/2FfRP9/VBM/SsnHHj9Azr9Aiv9bFhTWf39JTZo/f1FMf0UWFJmkjIT/f1o/f39xxP9/T/9/f0h/f0PQSkA/f0a/f10WGD9/Rb9/f39/V/9Fv0S/Uz9KP39/W/9Sv2vfv39/f39z/16/f398W39dlxw/f1Z/UP9Y0f9cf1z/f0r/X5OJBL9/f1//f04Mv17/R79ff1y/f39Zv19/f1xHQv9bv39Xv1YDP39/TP9ef39/f0a/T39BP16/W08/f39OP39M/04Ov39NiUDTf0r/U1H/VP9Xhr9CjT9/f1iKnX9V/0acCIUpv1ePP1L/X5v/f1L/QRSRQEmVv1mAUL9IP1cSf39LF39WAz9/f39/f0PRv0CF/1x/f0U/TL9Pf1p/Tj9jHMq/f0JRv39/f0jFP39OiqLUP1x/f0WBDf9/U39Jf39WjRxfP39P/39H9r9Nf39/f39/WH9/Yz9/f1jT/11hg1P/T39AP39/T79Uf15/Wdx/f39I1N+/R9r/V79/Y9RXl4+/eFRTP39/Stf/Toeev1/c/2RI0f9cv0lPv11NDY2/WFkRP1vSgYaBTAYZv0KAQsT/WI0OV/9F/39/RP9/f39cP39Tf0YNkMjEWj9E/0g/Rgb/f39/Qg0/WgMW3r9/R5Y/UZj/f1L/V39/f1VWFVe/VX9OP1m/Xr9Zv1W/f0WLP39/f0fTv39/f0f/f39/Sj9/RVE/SsI/UJATSL9/TMz/RT9/f39Dv1lV3P9/f39/f11MP39eP1X/f0r/Ur9F/1G/f0//QV3/f3M/f39O/39/f0Daf39/X/9Pf39Hv0s/Wb9ef39N/22G/39C/06/f17H/39/f1cORNr7hn9dSwW/f39B/39G1sk/QH9/f39P/39/Xj9/Xv9bEz9/f1X/f39/U8Z/XP9FGg0/VH9/Uv9VP39/Wv9/WX9/f1f/SovYWb9/f39/f1XYO4P/S79QTT9TP1AM/00/WZw/Un9/TP9OV0vBv0+FzZ2/f39E/39/V0A/SIp/UhVOf1IFf1EIV4TYP1JC/0UVl4HfP39/f0fb/1wBBv9d2P9/W79aTj9/QRrKkpx/URsV/1V/Wj9W/39iiP9EFr9Pv05/f1/fv39/SZnEE39IHRKAf1WLf06/Tb9Pv1I/f39/f39S/1IHv03bx4+/f1d/UwmAP39N38H/f39eP39P0r9/f0v/f0z/f39Df39fW5vby9eef1s/XP9/f0e/X/9/f1GPf39/Q1b/Wz9/f0H/f39ShYT/c/9Yv0qOBz9/WP9Pv0Y/f0uaP39fxD9/f39Mv0u/Q79/Qr9ev1U/VELF/39d/1t/f1s/XNW/f0Qa+79/QX9YTIZcf39cWy0GU88/RRCIf1l/Uf9Hk9+dP0I/UT9bUoWBf0rBf1K/Qn9/f39/WRO/R79H/39zv13/RNf/Xg3/f39/Tn9ACf9JB79SEv9Bv1pLir9/Wb9/RMK/f1d/QctOP39/f39ff0V/RJDKTMMGv39Zvf9/TllOP1uGP1/JxAV/VFfAP0edP39nlx/C1Rg/Q/9Ixj9LmN+/RX9Df39AT/9/U9G/VYm/QFi/Rgef/39/f0H/f39/f1DDz0M/f0z/Xn9/f39/f1/NP39dv39J/1u/XtCbjj9/Sb9/f39H/1E/Wd0tGk2/TX9/f1mfP07N2FaS3H9/f39/f1/Fg8//Vf9/f0b/f39/f39/f1/vn39FxYg/f39DA0ANP39OP1PTf39fDj9GP39Ov0h/f1LZzt7/f39H/39Kf1VOf39MzQiRAgQ/RT9Gv0+/XhvOP39/f1xGP39/Qr9/SP9/dFOTP1p/f39BP39MdB9Zf39Ji1m/f1YPU79/QD9/T79dQcG/Q98E/1KBP39/V/9/f0HUh79/f39U089Jv1JbSQSSf08LQBsek12L/39/f1v/f3933n9WQQCAf10/f39T/12/f39z/39/f39/Tke/Qd//f39ef1vJv0uXSJ7/f39/f0j/XRM/f1r/f1tOnX9cv0y/f39Fho1S/39Z/39CTz9/UNY/f0S/VAk/SL9fz39K/1CA0T9/f0NNAv9Gv14LP0B/f0xcv39Rv0UaHr9/f1//db9ckv9/f1E/f0RAEH9/f2i/f39/XJ3xAlf/f1oIP39/R1Y/YH9Rj39VP39/VL9/Wf9RGX9Rf0FFh0i/f17/Tr9/WBkGf39U1ZWJnv9/d/9/X79E1RWVg57PP0N/SP9/W0pKSn9b379K1x5/f0p/f1uNzZtnP0xJP39/QdGDDQPP/0I/f39e/39/SEfPv39/QY8/f1Ee/39fnr9/f39/chhZv39F179/f0j/Xv9Mm0kSjQZTf0lZ0D9AWL9Nf39/S8EZ0j9L/39/R79Gf0+/f1tBwsSZv39Z2gmRFH9/SFIFQMA/Rf9J/1y/XT9/f1x/f39/f39H/39/f39/f0D/Ucp/T39/WAE/Uh8eWP9/W/9/f39c2Q3/f39/WJSZXhn/f39Mv1wOP39/Xpa/Tp1V2D9/Utk1X79TDQ1NWP2/f39f/39/Tddf/39/WT9LVpUX/39UDom/f39/S9JPj5//Tx8/f39/WdPVl5e/f39Kv39SkpK/TVc/f01ZWdoAP1uR/0z/f19/ctW/XP9I/0pRltyNgH9C/0IQRD9Vgj9/f39/W79BwsWAP1N/cdW/Q93/T/9Rv0RaypLcXlVGUr9/f04Njv9/TsuYv0pOmr9Gv39/Xj9Af03/f39/f39/f1u/f1LLv1l/f2l/f39XlsB/f1ffhX9/f0fNFxz/VVQ/Xi1/Vj9f34TPB5P/f39fP39B/18/Xkp/W/9/SZ2/RX9/f0sFAr9/XNoOVIsFuFD/XH9/f39/X/9fP0nPnEmTjll/f1i/f39/X4ROv39/f01/Xwa/f1+WwFHNP0K/Xr9QiH9jlwS/f/9Cmv9/X4//f39K3ls/f1LIEj9/U5EWYFm/UkN/VL9Lyr9/T79QHNVdTn9dv39/f1S/VYUYAL9/Qz9RVxvTf07AwAvdv0VcjhFa1f9F/39/f1+diz9/f39/RT9KkpgG/1Ebv39BwD9aRT9/U/9H/11/R39Yf39/f39/SF7/f39/f39Pv1HH30MKv0K1/39/Xz9anz9S18q/f39LEtJSQlW/f0QQP0N/VT9/f39OP05XHf9/TL9bzL9fTp//f0z/f39QHV1/f3l/QFo/Vr9/f39/WM5/SP9G29sQXX9/Ut//f399/39/f04fP39/f0n/T79Qv1e/Shi/f09I/39cv39E/39f/0g/Tv9/R/9/Q8//f0AE2pq/VUt/Wgy/f39Fv39/f0JHzz9GL0h/TQOX/1aZzL9/WRA/f1X/TENa/39ZWf9Qv39bv39/f0yIgJ4/U93/f39/f1DOP0KPzQHUf1MOf39LzQn/f39M0X9/f0UW/39/XX9QXNz6P1HIhH9/f0beP39N/39/Qv9/Uf99/39DSgl/Uf9BAIBbP39/f0r/f18/f39/T79Elb9Vf2GDf39HGj9/f0HP/1w/f39MP39/f39T386VG39/Utyef01/Xwa/XY1/TX9ZGr9/TVj/f39/f14/V49Pf39DkotE/dvP156/f0s/f1K/URTdg9ARv39G/0m/XT9/f0V/f0aDv39Rv39/Xj9/Qz9YFRg/TH9U/0D/UBBA/1k/RsKS/0ZAGhxDv39NiVnKDgsWDAfO3d+/f39/f1QV1f9/f0dO/39bv0urf0G/Ugk/f08/f0m/f1LLwP9qwb9/Wg0/bX9/f39PT4y/Wz9OWhoWP39/f39fx79e/39H/1H/Un+JV9A/RAu/WglHnlEfv0GTSz9/Xr9VBUwEEj9ZkhEW/1M/URVYv1O/f0P/Qr9ayoL/f0ueVlU/f1x/XImCP07fBr9cHE2Uv0eCDT9OhX9Kf0jXP0UCgU+/f3i/f0j/TEFN/39HRs3L/39Pv39C/39L379uf0+/f39/Xb9HStX/Rj9/TX9fFr9/VAoJFtUIBNS/f0xY3j9ZwEA/WgU/f39Of1TT139c/05O/39Z/39/Qr9/Xs3Xnz9/TH9R0T9NRFe/f39cv1j/XEpIP14/f1LgP0sTf3DcEz9Xv0fdSf9C/39/f0s/f1g/SVmZf39/Qz9KP39/Wb9RHUzEf39Lk5//f39Cv0Q/f0/MP0Idv39/f0mE0EQcP05Z/1z/f19/f0AACAASURBVP1vfv0r/XsP/T79PB56/X/9a1f9/f39/f39m0f9NP39/R/9Nm39PHb9FWtTev1cfP1F/Vgs/f03bHgC/V/9/TR/V779/f39/R/9JP39/X39Pf39/f0K/T79PP0cOf2zWv39Wv39/V04/WtBEGD9WlFWVv15/f2LVv3XQjX9tv11/Vj9/Sz9/RNxOSr9/f1q/XR2/Xj9SCX9/f2g/Wol/f39/f0W/f39b/00PiIaMv39/f1C/U39V/39/WH9/f0EGgD9/f39YP1m/ZlSJv1E/XH9ZmBINv0SVf39Rn4f/T04/f1O/Tn9Zv39Vf1cbP39Zyb9BQv9/f/9/X39/f39/f0bbv03/SVYbv0b/f39Bf1XXyJ7/f39/Sj9Jf39Cv03/f39bWhY/f39/Uf9/Vv9bEVXV1dK/f1M/f1mXHf9/f39/X8c/f0bb2xBS0v9ZDEA/VL9/R05S/1+Ev03S/0v/f00Gk39G/1OdP18/XL9/VUoFFj9/Tz9/asp/TZtjP39blRUVAw+dv39/Wc/e/39dv14C/1f/U39Y/39Mi39MRJNFgw0AAxKAf39Gv39D2F/fwD9aAwG/f08/SpKcP39Q/1F/mb9QP39/f0Z/T00AP1o/W5E/f1m/Vsj/f0sIgJt/f1y/f1GNQxs/TklCP39/f0K/f1LX/39/f39HDp0aP1rPP39fA/9O/39f/39/f39/Uf9UTz9/f39/X9N/TlSbv39Gyn9BgBu/f39eP39Ux79/Rf9/VL9Cf39Rx/92/39/RP9OBP9/Xb9/WIx/X8zFf39/Vx2/f1LJANNIBD9/f39T/0/PTD9WFlZ/Wz9X/39/f39/f1V/Q/9/f1N/f1R/TD9OED9dv1S/f39C/39Rjk4QyMTaP1p/UZMClJS/f2i/f0ZaHL9EgRcLP39bP3P/Woz/f0pch9+/U/9bBX9/X39/V/9fP1U/f0B/f39/WhPTw9eff39/dxsxidy/f39Tf39YTZvfmn9/TUDuxgADf39/f0vfP1r/Ur9/U9//fD9/f1sBS79Xf39/WT9/V0L/VH9A/0//f0v/f3Pev39/f39/Sf9/Txm/VhkZ3X9/RIG/f1a/Rb9/Qb9XRL9Bv39/Sn9/UD9/Sn9LFX9/RAG/VX9Xg39Jv0C/T8cbv3r/USW/S39DTb9/f39/Voz/UFCE0dZWSlcLv39f/03/Qz9L/0R/WEYMV39E0/9Pf1KaP39/T/9Rnt7e/39STf9LF9+uHR5J2kn/Qsa/f1TTw/9d/39Q/0rGU4BYLT9/Uz9/f0S/f39/f3//f0f/f1rP/39tv1jbv0b/f39C3z9/Tf9Pv39/hE2/f0I/UQjYf1J/f0Wf/39HQj9J/39BmD9TP0jdGSX/SpnE2v9Rv39Dhr9/Rn9/f39QW79WSAqYv07/Qdi/UUD/f0GKyoKM2YQfUP9/Un9fP39cDr9/f39/f0W/XHd/f1UKlx4/f39/Rpp/Vn9RFH9/Sz9Nf18Wnb9Tf0bbv1G/f39/Vn9/Rz9/Ts7O3H9S/39H8ovffj9f/08TxAE/Xe5Yzn9Cf1bbpw5c2T9P/39U/39PxX9/f39S/393/0M/S39EFVVM/3f/Rz9aFT9ef0W/f0nP/39/TH9/f17aP00/f39/S/9/XFn/Rcr/f3OC/1X/f1j/Xxn/XxQCv0UBRj9PTQi/f39Nf0sN3v9RF9hBzX9GP0K/f1Zbjb9dwb9cv39QBAEXHv9/f39/UH9/WP9Pf39/Yg5c2b9/f1HR/39/Tkj/f1jzv39N3dIHjv9/f39Kv39/UP9/VL9DP03fJtHff1I/Vot/f39f/39GwT9P/0sTSz9/SBm7v09bv39/XP9Bxldc3pr/U79QfJl/f39/f39dUdy/f1X/TscfXdvP379/V/9/f0LLjh//Wb9/Wr9/Wv9/f39Hf14/f0s/f1q/f39P/39/V4uWTlw/f39/f1//f39/Wb9Wv1h/eP9/URTBQNN/f0GFf1qBVz9GHY5fCn9BgD9VP0WIP39/S/9/Wz9/QL9NGphUP1O/W39dRb9YP1kdkH9DUb9/f39QHUz/QAs/f0f/f39Jz/9Ef39/f1DX/39BwH9UGj9ZWZAfBP9XXf9/f15/SdlN2X9dv1//f39Lxt1/X19ff09bP39z/1n/V79/SwY/Roj/f03/f39/f13/Uv9/f39/Sll/f39/cdl/Vn9/f0m/XP9fib9/f39KF39Fzf97/39/TESQRBw/R39/XU8Y2n9/Wv9/f0a/f39/To8/f39/f39/Rr9/f39/Xo8/f39JRv9Ek1VXHJ2/f0l/X5oDAc8/Rtt/UwGGv39XP39QP39/f39FP1Q/Rn9/f1//ThR/f1MUmsq/f39/SIx/Xv9y/1WLVj9bHIoKyv9M/08/XX9Lv1G/V9+QXY/AyD9TP1sNmNqT/11H/0m/SNdPxNz/f1qVRdLHlMq/f39//39PSj9Hnz9XixcOP39/f1+/f1f/Vtz/f1iRXj9/R39ev1kapw5MWML/TtvWR5HRlT9GGhO/WBL/Xb9Wv0SAP1V/f39OxcDMzQTZg9N/Sf9/f39MP2w/Tf9T/39Ov1S/f1L/Td2Njn9/Wz9Ov1lMWMLPv0zM3r9OQ0PP3wb/f1+/f05/f39/f39Sy9f/f39aS9V/f39Vf39a8b9/dErDv1mZf05c2Ze/UH9Zf3xdf1Y/f20/f1q/Xj9/Xv9/R98b/1HNv39/Sz9/f39A3f9/f02/f10Onz9/f39Dz79yD/9RFMVA/1JbBoF/Rv9K/39XH79JP39/VVlYzp7/RD9L/39/f0vOUv9XhdYdP39/V/9/RD9cf39/f0lUP18Tw1UN/0pBf0z/Xf9/f14cSP9ef1NPP398W79FSgt/f39Kykp/f1XXv0XX3wWb/39iP39/f39AVx9/VVp/U/9/f39Vksea2vN/T+Z/f39/QUX/Wr9/SorK/39L2cexRdeAP0m/f3955tu/f09Tf39N/1L/U81Rv0RP/1PcP39bjz9/T39/f39JD80UCr9WP39XP39/f39/Vv9/f39Gnb9fRxGTDT9Cf39uP0TfXj9DFxXMf1+OD/9C/39Y/0A/TX9/VhsT/39/WH9Hv39/Ux5PB8+Y/39Xv1E/UX9T/1KfXP9/WAPDkos/RsbAv39/RUzS1BnTV1y/f1//f09Z3/9/TM5/f39Onz9Zk55/RH9/f39Nf1n/f39/XNo/Tly/Qj9/U/9/f39aDT9/f0U/WZCMP39/RL9/f39/f39/f39/Vb9RVVVJWf9/ST9IhwOB/39T/39/f39/Rz9/f1Q/f1Z/f1xRxN8Mv02/Rp/UiT99P39Zv39Jxlo/f0uH/1A/Rz9bHMh/f39/UH9/Qz9GmZ6/RH9/Rz9/VVYIhFm/f39Hv39/f39aP0xYwZmGDH9/SCIXv1n/f0sCf39/f0S/f0U/f03/WT9JWcSNAph/XFh/Tf9/XBqDf39S239/TRA/f39/UX9/VkB7/0oB1BnNUhuRn/9U/0LNP39/VL9ff0+/X+sVmD9/f0/EBEREf39/UZG/X1o/f0uR2r9bv0g/f39/SRF/ShA/WZo/W4v/Uz9/f00cyVXbP0f/TMUD/0sBkBEREQk/f1G/Xz9Bv39Bv39/f39/X0R/Rf9mgULNP39IP1S/VxzakX9dn8QO/39fzb9/Rl6LU79SFf9ah5WTP1n/f39/f0wDGBRYv39Ff39P/1yfP1M/f39/VQr/V4S/SVn/f39/f39/f39/WY5/f39THb9WXNiZiZR/UL9/WZEREREUhhoRjCyMwH9/Xn9Sf1MensrVxr9/SX9/f1s/f39/R39BP2n/U5lMQAiIiIiWQw0I/0pUP1VAhj9/f1k/f0daP39/f1yVv0ZGjFR/WxWYv0h/f1A/cf9/f39/WMy/TUZMP0g/Tcmef1Zcv0mIiIi/f0YaEb9OP1mMhgT/d39Bn79Tv39ZEr9ZmP9/SYgH2gKYf39Wf39/f39O04Ucjj9/f0K/T1YLS4/AGD9QQX9/T/9RERERHL9TmkU/WX9e/0k/f39PG/9Sy79/f15df1+/f39/Rf9Uv07/QD9/f1y/VxdWiFdJW/9O/1wYhb9/Uj9/f1G/UAzCv1a/f0mNQBg/Tv9QDQ1TP39KP1B/f0/SkX9Hhr9mnn9/Qj9/S3qUP1T/Rx9/U/9cGT9BzH9/WUzY/1e/f1E/XL9eisDDREREf1IGGj9GP0p/Vn9/ahU/f1SW179XP1Z/ShAZP39TP09F/1l/QFwdiZna2T9/f1iIv39/f39/f0wSHUzJSIiIv1BDDRp/f1qB/39Lv1AA/0n/SIpUCgl/Tb9ef39/TdK/Qn9Il45/Tf9Y/39VP39/WX9/f0HZxb9EREREf1wDDRpUAlAff39/XFfaP17e/39S239/XP9FTJa/f39WP0R/f0/YP1Z/Uw5/f39/f1mOVpq/f1U/Xsl/f39QmtqdTkiIiIiGv39Jk39Sf39/SgO/RYE/f39LP39PTT9/f4gQP39/f1n/f0sZ3L9/QJREQc8QQD9WUH9TGNVIiIiIhr9QP39WSY1TP39DB/9/VQ7/b39aHto/XT9WXJ1/f1A/bD9/Tn9/f39DEoFVv0sNxtWDP39SP39/f39QP39/f0A/UgM/f1Q/f06/QH9Jk10JS85/f1DM2YzNP1g/f1r/UInMT39Unf9YP16/f0F/TYYZSr9DQQa/UL9Qgv9/RERERH9/f0mAw39/Xus/Sr9/R5l/Qs6QyMMNez9W279/f1m/f0rHv0f/f0vHv39d/39/f0obQw0GSj9KlH9/W/9bnH9JUsoX15VJhlElRxo/f0MWVEAcWj9Zf01/f1Wbzj9/R15/RRR/Vb9fP39/U1J/f1YTP39/Sh9DDQZGlh2Fv39E/0X/f1E/f1S/SX9/Q8v3P1lMiRg/RhA/VUv/Rn9/Z4CFCT9/T5VXgL9TP1tSlQ3Myj9/Ub9RERERDQ6Bv0MLf0NdXf9Jf39TP39VTr9CyVLLzn9/f0jGP0YAP39Zv0g/f39RCD9/WD9FDb9ARARERFl/f0mQzr9/QX9Df0H/f39/f1XVf39/f39qP1mDGdJ/QoBNf39N/39/SB2/f39G/39RP39Ev1Z/Vhydf1Fdv39OUREREQk/f0mC/3KA/1S/Rv9ClxcLl39dzT9/f0U/f0ZUC/9dwYAXv39G/17ThX9Vf1Cbmf9/f0Z/Vr9aXouNyMiIiL9BANNFhZa/f0m/f1Hef1JI/0jFwUY/T40cv39NnH9Wf39H/39Qv0PRwEA/f1cbkZERET9KQb9LP0n/f39BiP9Dv1T/S/9/TFd/f39IXD9af39P0MT/f1B/f0sU/14Wz0+/XlSZ/0ofXMMOv39/SdKXm42UHD9/f39/aca/QEU/Ub9Hv39CwAAdjl8WFltHXZcAHBlVRn9OXQs/f1K/TIbJv39Gf39/S39/RQD/f39TP1GKhJSCDT9OhX9Gn79QDRe/X/9A3R2dv10/f39eh49W/39Sy/9/XA4/f14Xf1CGzcv/XFVVP1jUv0yHmNb/W79/f0HGT9v/Wn9/f39/UVZP/39aCww/WT9FP0KVv0C/XAMTRL9Bv1X/f00/SgTIUP9dDL9/RkaUf1BSP0I/S03W2L9YP3PN3r9ef39VP39Uno/Qf0gAv39SP1I/f0ddwn9G/39/Rp//f39cP03SB79/Wf9AP3V/f39d4Ef/f0HGf1rav39eXP9/Xz9ZXz9/f39/XkDbv39NgYaIv1w/f1wDhb9Fwj9/TEc/QRT/f01/VAr/f1I/VIY/f1M/f39DE39Fjb9Ev0y/Vf9WP39/Rr9e5n9ff0cLP1bZDf9U/1a/QH9DP1LUv39/f1YTP39/SgbDDQ5ODVpE/1cT/11VWUZXVMpKBL9/T4e/Vv9ESAk/Un9/f1MMv1K/Wv9/f39av39/f392v04/Wr9/WAmLf39PyIC/RP9WWcYVTD9/f1IRERE/Q39/YFZ/f0MY3z9/W79HyH9U+v9JP39/VEk/VX9LTn9/Qz9/XUa/Yz9Wf1R/VMq/f0Z/f1y/Wn9/f0Z/f2n/f0y/Wb9z3BsYP0Z/QEQERERZf17aHL9aDf9/c39CP39/Vh8/f39Ev0K/Vr9Wk96e1AGGmtmEv39IgIQ/Ur9Gnb9cv39/VRrNf1+ZjX9/Vn9/f0A/f39/f1d/Tj9D/1v/UX9LP0Z/Wr9H/39/WZ1Vi43I/39Zpz9/Wvkdf39TWM8/f39VCpx/T8e/f391xVgNERE/WH9/VH9Vf39/QFRMV79/f1AA/17/f0faP1BRm4PTTQfRQH9Li1X/Swbcww6/TT9FP00/RQ0/Xv9QlcvNnX9/TMY/f09/f1cdf1QTP0edzz9/Tdr/f1bX0hErv0W/f39/f0emFP9VP39/Rj9YRARZf39Jkca/f0a/Rb9/SC9Qf0w/f39eP1fav1d/f1D/WT9/Qb9Av1h/TMxJg5WN2tMY/1MNhr9RjT9/f1l/Ux8/f39/f1e/f1H/VBq3v1IJQj9/UL9/Vn9/T/9Nf39EREREf17aP0x/Tj9TkdqE0r9IGBt/Xwv/WT9/Usi/f0sL3toEt5p/aBK/Rb9/Q79fSf9Xv0H/Ugs/VsBOP1irQtmYf39/ef9/f39clhU/S9zKwb9Wtsl/Uf9AlD9/WZEREREOWH9Q3lmDQz9/f39/f39/f1JM/0oBv02Sx/9ff1GGFxxJv0Zff3L/f0QXv1w/Vs7/QEefP39HVItBf39/Rb9V/0c/f39DP39WP39FSX9Kyb3/f39/f1w/Rsv/Sr9/f1I/f39cv0lZ3n9YP39/R4/XP0o/f1C/Wb9DDt+/UT9Oi39BlL9/SRT/VL9/f1KK/0oMSEi/f39IiIxUsFoSCgm/f39/Q5fCP1EMP39/S43C/1E/XcP/f1//Rv9YW8QLx13Yv1J/UU2AxZYdFDMMR1qQf39MhtW/f39/f39ev0D/Xf9/f0+F/15bB46HgxKBS4o/Usea0oqBv39ZkRERET9Y/1T/UT9Af1dTl9K/REAXFlV/XsOHRv9Ov1R/QL9/VQo/WX9/f1iIn79chwA/f39/Qz9/f1Dbv1ZTAT9/Qf9/T8A/SBg/SUebv11/TNK/TAoFf39/RT9Vf39Ff0O/f1/OFz9cVJoXFxQav1RKT39Egg0Ov39/Wb9/TlENHH9/btY/f1C/f1n/XUmfv39/RRwRGMjFAr9/Xb9Km39/f0v7v1GRFRIDDR5Uv1T/VT9RG8w/Wb9D/39/VL9WVc9ev0ZCAZjUf15/f0/GBAW/RQD/WsQev39KP39/Uf9/Q/9Uv1C/R79NgNm/f05/WP9/f1YV1X9dVVlcP0j/f1HF/16/f3T/VULS279/SMURf0/XhT9/f39/f39/Q4db/0e/f0m/Uz9KP09e8j9XP0C/f39KDMMNHl0/V39/Ts9CCb9/f1Y/f1DN139/Vk2M/1z/f1eQyX9/f1YVP0d/X39FP0F/f39M/1IDP39/UssB/0iPnb9/f0H/VL9Ov0edTYDZhpz/f39/VX9/Qpcd0oFOv0h/f39cf39SS39MFH9/Q79/VlgeP16Nv0kIiIii3cbexw1/QwFGP39/f39/fr9XP39bAX9Ig79/f39/VoN/f39/SoFPjf9DP39DVn9Rv1HY/39y/07cAL9/XX9/Q4XOv39/WoeaP39/VkN/f39eHH9Kf39/Xj9/X79/QRq/XX9/Qn9Uv1MIz9LICIiIv0H/f39I/1S/Rz9Ggc9Yf1xBxD9/Sn9YFVFCW79ewj9aP1O/f1Z/f39DTQt/Tb9S/0OCABm/f39bf1i/WjB/QD9/T79cwf9qP0f/f0eD/39/UT9Qv1N/UU2A0r9/X39JTf9/f39bh79/f03av39Qv1bbv39D/0Z/QIYHnz9/f39KDcMNHn9aP39Jz4j/f39/VL9/Ub9Ahf9/f39nv39Jmf9fAf9/f39/SP9/f0vS/1h/UX9cEz9/f0AWv1+/f39Z/1R/S8U/f39/Xj9/R/9OjX9bQb9Wv39aXL9R/0o/bkz/TP9/Tg3/SxR/f39Zv08/f39ZkRF/f0LL/0j/Twke1z9/Rz9/Vot/f39Ef39aFgE/SYmBv08W2j9QHNMQCgmYv0jNf0A/U/9A/39DP0S/Xd7PP39Iv39AP1C/Ur9/f1U/UP9/f39/YL9GP39/Xtj/WX9Af1E/RBQa2OqRygmYv3PZv0P/TxBZFP9/SsQRlf9C290/TBN/UH9LV5Q/Sj9/TMT/VlMOP1ivy/9/Xccbjz9S/1P/f0d/f10/XRdVlkK/RiUaP1p/ShQ/WX9OiIqPP1G/f39/f0eRkFM/QIHRDT9/VX9/QQB/VYNdjr9OP0P/S8UQf1m/R/9/XYL/WoVHP0w0/39/W1hef3NYCz9Wv39BP1kGv39Rv0B/XYDfP0YnP1wMxD9MnX9Hxps/TnoRf1N/Vpr/Xt4/f0G/Wf9Lf1t/Wxs/XX9/f0e/f39PyZX/Tp3V1VL/Wr9Bgf9GC79/RgAERERUT4xDP1G/R47Hf39HP0cPv1faRl2XC0IWFtZ/f0d/Rr9eHL9Gf0lZ/0s/f39/f0x/f39Yf3SAf1S/TNK/Tj9/Qh3OP0W/R8tTh/9Av0t/SpEA/1tfU79/Ust/U79cgj9J/1jIf0kHRb9/f39/f0M/f39KP0YaP39TP0aJv0AT0T9/T5vSv0B/f0E/f1l/f1n/X9FECAkQv1c/Xz9/f1YWm79/XIT/f0R/f39/ScYGf39J/1r/Tns/f2WLv1S/Uv9S3BJeQn9/ShePv39Bv1rKv39AQBD/Wf9/VX9a1hY/f39/Sj9GGj9/f0SPf39/f39/f1yck/9Ov0B/SYD/Tw+CAD9/S1YVVr9Q/39/S39Gf1IFm/9RVEc/f0hV/0s/Ur9Kv1bYbkVZv0IRP39/f39/Sv9/V79/Qb9Gv39Gv0e/TY9/XU5/Rw3Kv39/VP9/f1edwD9/UwQZ2f9/f39/Wb9/Wr9Bxog/X9E/f39/TP9/RcOY3VFKf01av17Qzj9PAFg/f0B/Sz9SAkD/f0APP2HRTYDFv0MOVcXS1f9Tv0L/Sz9/YL9/RBa/X79/Xz9RjL9/RL9/Why/f39/f1M/f39air9Mv1cG3iaDP1r/Q4r22ky/RBRfmx6Df1n/f0e/f3wfv19aV8vGAz9eP0B/f39d3D9N/19XSL9QmD9GSM2/QL9/Soc/ddf/Tpe/Vxq/Un9/Uf9/f39X279ICL9/f1ERP39c/1f/f39/UlL/f1E/f39DUb9/c1tXW5U/VP9bQb9cv0u/f39Bg39GzT9aP0V/T1B/Th9/f39I/39ev0ZsSn9Ov39/f39/Tj9C2D9Pv39S/1e/f1z/VX9ST4e/f39/T9v/UkNYy79CP0EAgEcPnxY/Xh3/f0l/f39dP0BTv0r/f0SEf01Bv0x/Wj9Px8IPS4//UdZ/TwD/f39Q/1TCv39PP1KWv0G/f0oIhj9Yf0n/f39AP14/RpPdv39/f39Wv0LMxP9/f1y/S79/f0beB79/Xv9/XH9/ag/n2U+/TH9/Vn9/Vnw/f39/TINPP39BP39Xj39Wv1HRERENP0wDP16/RYvHf0HEF92Npv9/Rn9XBprKhP9ZzQQYFAq/Un9Cf0sNSEYE1Ysf/0z/f39/RtE/Tf9/dz9Z/1h/U39Gv0+/f1i/f11/Vn9eWYdIv0d/f39URt4Gv0K/Rz9GRo5NUY9/Sf9/XP9Qf1S/f1RcnX9Wisb/RERERH9BQb9Mf1TCv39aP39Hf0BT/0X/UEp/f0rMmz9Wf3EViH9VP0B/f0N/Udj/f1ZvUM9ZP39B/39PwD9/f18/R79bAb9WAr9/UMlIP0G/f39/f39QAP9Wxf9Qk9I/UR1ICpif38AAP0i/f0ACP39aCoS/f39Nf39/f0LZ/0K/Xh+IP39Q3j9cHz9/WorPllm/T39Y/0P/f06AABf/V/9af39fP39/f39XH4c/Wj9/VUIWGhj/Wb9HFNhZ0YA/TT9/YIKVP39BR9HJj79/f39TgD9/f0W/VoL/f1GREREVCj9HU39/WED/XD9Zv39WDT9KgQEYyI+/f0YaEL9/Sw51EH9/VllJv1VZkJ/OP0o/f0fbP0Z/f39/f1h/f0H/VL9Wlt8/WZ6Hv10/Tj9/Qb9/Uj9YEUMcjFQ/Uz9EBhm/f39/f0QA00BLP1r/WFvAP39CP0DYVRI/S5s/XT9oR4oY/39LB1m/RJL/f1YWm79KxxF/f03/UH9LxrH/V58/f1F/UT9LT5zU/0Z/WIIM/39KP0mZv39d/39/f1obDH9FED9Tf0Pe/39KXY5fFhZbU05RyEAMf1c/Sxq/WD9PlAETQ4fWv1+/f39/R39/f0THv19g1L9Cv02Axb9/f1r/T39Zv0AAA39SURBVP39VVNS/RlWNyMiIiIaW1P9/Wf9TDP9YFUr/Qr9/SQTaBr9Rv39/QES/Wb9Zmj9aFRYXmn9/UoL/QNh/SQKCjhDUQD9Hjf7/f39/UZV/f1N/f0AYxEo/f1AdTP9Uv0c/f39/UNERERU/RhoCv0SPf12ef2w/T/9ef39/WwaJUwqAf39QP0Z/VH9/UL9RkX9GhdUWf39D/39/UP9z/1wPP10/f39/f39ev0L/Q0a/f0M/f39R/39Nln9BCM4/f17VG/9/RkiIiL9/f1AUyD9dh39dnkBF/39HGgA/VT9/ScS/XsxEf39/f1a/Ub9iv39Vhz9/f39/f0vGv1ycf0X/VFfCC8fd2L9Sf16/QH9Vj39Rf39/VT9/f1I/f39Cv39/UD9agVmGlVo/Ub9/f1jdUxM/U1iav39Zv39NB39ShD9Uhf9/QQBSv39/Ron/Vr9Uv14TBD9Sjov/f1KIR79Bv1TKv39STz9OC/9/Skz/Rr9MGr9av0N/TxB/Th9/f39I/39/Xb9E/0hTxD9/Tow7EP9Tf39BWr9WSj9Ev1n/WoF/Rv9/UVEREQ0/f39/f0a/Qb9e/0A/Rb9D/39GP0dV/39byYi/f1EAWD9WgUNUgr9/Sk1IP39/f1m/ScSQ18g/f1QBAP9/QcaeG4SHP1vo/0Wb/1ZDv1C/f39Gmz9aUZKRERENP0x/RRQ/VX9TUf9Xzc5UgP9PP0OOv39SAz9/WI8/f0k/RP9Jz0WFf1ILP11ODZ2/Scq/f0N/UA0DxcURUAQEBX9/W4/dv39UCsE/Vh0/f0ZMF9iSf1E/Tz9/Vn1yP39/Rgx/RT9RiH9qkX9K/0j/RD9/ShsGv39/Rr9DjX9/f0IRxIhZzD9Bv39MV8YB/0DOP0NDAUgQf0gAiJE/f0o/ShhaBAT/f39YQEq/f39/f0BQv0E/f1sVCL9AAD9MRH9Tj/9/X79AhZa/T1uZv39Y3P9QP0p/SlR/VP9cjYRERER/QMDTf01/XVodQUB/f39LP0w/f0eKgFQKQUA/f0T/ST9/W9wSVT9av0S/XY9/W0a/f1Y/Wwo/WBY/f1/LSQC/Qh/VP1RXxhHPCH9Bv39C0RFfP39/WP9Dwb9Av02Pf0G/TBO/Ub9Bzz9/f1C/f0hIiIiKhwG/QL9b/1A/RAQ/f39/f0d/UADAP1I/f1N/f03WEY4/U39/SL9Dv39ev00Y1NOeShYAQP9Sk5j/TE/GkP9M/0W/R9H/f0G/f1oDB/9ev1h/Rdm/RJ1/f39Tf1+/f14Sf1u/f0zRERERP39QDMOGv06/f39Kxz9UV8I/Q39/XUI/UT9/f1ocv39/Q39HP0p/Uv9Gv39CVv9S/1U/f1SHf0o/f0bEf39DP39GUD9Px5u/f1R/f39/f09Hv00Sv1bDf39/VH9G/1wE0n9AwL9/QYV/f39/W/9/f39aP39/f1qJ/39QAP9e/39Gmj9/QNocv0G/VT9bP1F/Qb9DjX9/f1cS/1RJWBJ/R5L/f1w/WP9cBNEdyAebv39KP06T/1O/f1M/UL9QEb9AVZ1Yf39/XP9B/0j/f0MERERUWExDP0q/QpW/QL9cAz9Th8uPVb9Nb0hNDt9aHP9Bv1uJP1hUP39/Uf9TTsp/Vha/Qr9XW79/f0GOEIxNDn9aHEFV/1z/RP9YHv9G/soKVFv4/1u/Uk1/f0l/f39/W39Uf39/f39aP1g/Rkn/f1ly3BMRP3fVg/9/WAETQ4f/f0+/SU2/f1q/Vhk4W79ZRIve/1rFDj9iP0q/f0ORP39DP39Gf0rHAMAdAX9/f0M/U43TjFoUP0oKGAY/XAT/f39/Q4AAP39/Sn9PzwSERERFRMG/XH9YP1hS/0XQHxZXP39Jm39/f39b1AK/f39/WDhWj/9Xv0K/QoVVSpcUGX9cV8ELf0AWv0BeCL9Wf1j/RD9/UJ4/Qsz/Vr9/f39/Rr9FjxaXUP9/f0M/f39/f39O/0JrFZg/VH9dm8Y/f0D/UVjMCRKJg9s/W92/XBYYnP9ShBQY2D9/f08c3H9GUv9DCpMM/1wUf0J/f0IWv1+/f39/SX9/Xv9aP0G/f39E3P9Wv1bDVho/UP90v39/WZKAUX9R/39/f1oMmD9GUf9dj29/Vn9XX0+NSo0O339/f1DYlsMZv39aP39UWv9QD0J/Uz9/UYVZhr9WHX9GQc9Yf04/f39CiH9PH/9P/0D/UE8fwEa/Q79NgMWWP1QZf39/f0GA2f9Rf1TMCIiIiL9/TAM/Vr9Bv39AVEReP39JXlO/U79/RIyYyb9af0c/RpzTGr9/Q79df39/Qpg/Ts0WP1s/Tv9Pf0AAv39/XBTYxn9/UxTUjEANv0kIiIiGh8MNP1I/RD9/f39/Xc3/XH9ZwD9/f39PXH9Y/0S/UX9/f39TU0yEv1K/f39YRn9af0oJxD9CP1uKv0iOQEKLf0B/TYL/f1KCCj9Cv39Kv0I/Thx/T/9LkwMNHZiB/39/U79S/1m/Vl+ZClSbn/9Tz0W/X79/Wz9Wv39/f14YXQo/f39ewRx/f1t/WL9Wf39Xv1Xd/1j/f0eX/1d/W4vYv39/f39/Wj9S/39/Rd4/Qz9fXL9/f39Biv9/f39DAAgCUH9/f39YCwu/f39/UgtXmgN/f1w/Usi/Rb9Uv39SD39RnlLf/1I/f1a/f39RkRE/W/9/f39K/39/Rj9/WP9+P08/RMu/Tf9/f1d/XMj/WoGAEhF/ST9/Xht/Rn9N/2//f0ZKP1i/VX9/VY9t3v9/f1GfP1Z/Rv9O/39/U79bkv9bkv9ajl+/Wr9Rnd7/f39bgYA/f39Kf0z/f1fGP1yKY39/f1oPVb9/f39/R79/f39/f1WREQsb23HN/13/W9USjF5/T8jAP1U/U8M/Wj9/XH9eHFsMP1t/f39Wix2/f0//Vv9/Q86DAAAICVBAwdw/Vr9/cf9/Ucz/R1//f0W/UtrTjcDAEhM/f0hNQf9cf39Rv1//f16FAD9/V45/QAAAAD9S/0AAAD9EjQAAED9BA0AAP0tQQMAAGRL/QAAAP0SNAAAQP39QwMAAP0sb3X9/UY3/RgPGCz9Y/1e/Wr9/Xr9RxI0AABw/Tr9/f39B1/9/f39HmVfIwP9eHthJl79aP0e/Sw5AwD9Y/3/KHT9REQsbXb9dx98GX8p/f39BgAA/f1fb0v9/VZS/XFgf1r9d/0RHkr9AAD9Mf39/U/9RERc/f1ubP0e/SEEDQAAHP39bv39YG/9Xv0R/SVoAAD9bAkaAAAgW/0GAAAW/QEAAP0laAAA/WwJGgAAIFv9BgAAFv0BAAD9JWgAAP1sCRoAACBb/QYAABb9AQAA/SVoAAD9bAkaAAAgW/0GAAAW/QEAAP0laAAA/WwJGgAA/WP9T/395/1S/f39VFMPAAAAPBlnRxpx/T0Z/f1ufP1Z/U/9VlL9dCEBAP0+LFb9/Vf9IiL9NVD9/Rd+Fv1qJf1UR0/9AABA/T1O/f13YTZaA/19X/1IK/0c/RAEDQAAFBX9VP39/QH9f/39ZP39Jycf/f39/Vj9/RE0AABQYP1P/WVv5089/f39E/39/f39/V1pT/1R/VH9/f39AQD9/To7iGsL/f39nv39E/0DP/39fv1PI2gAAP39/f1K/Xth/f3vLf39/f39Wf0J/f39/U8//RE0AABQQP1d/f39Rv39WwM7/f39b1j9/f39/Tr9Uv1+/U8jaAAA/WD9cGZi/U39/U03av1HMkf9XP15af39cf0P/WkEDQAAFP1JVv39/U8f/Vz9SP1e/X08/XH9/X4aQQMAAAUxaD1yU/39Xf0e/f39/f0f/TNz/U8jaAAA/QD9/Ur9e379QP39/Vr9/WkEDQAAFP1hN/0//f39/X4aQQMAAP1/PDP9XP39VFMPAAAAT/13bnwT/f39Jv0YWf0GAAAW/QEAAP0laAAA/Rg9U/1v/Uf9VEo9vgQNAAAc/VP9/Uc4/V/9Dxc6Gv08GwAA/f1fPXMiLk79Uv1xIP1q/f1uChoAADhm/RZm/f39U/39eP39Ri39f2Uu/f04B/39Aj4AAP1ca/0SV9P9/f39/f16N/16/f0j/f1w/RL9PP0RNAAA/f1g/Rz9DVk0/WP9/QEAAP0SNAAAQP0EDQAA/S1BAwAAZEv9AAAA/RI0AABA/Upx/f1k/V4P/UoxUP1UAAD9/f1uN1JFRf17aP16/Vj9dlP9AAAAZP39EQAAIFv9BgAAFv0BAAD9JWgAAP1sCRoAACBb/QYAABb9AQAA/SVoAAD9bAkaAAAgW/0GAAAW/QEAAP0laAAA/WwJGgAAIFv9BgAAFv0BAAD9JWgAAP1sCRoAACBb/QYAABb9AQAA/SVoAAD9bAkaAAAgW/0GAAAW/QEAAP0laAAA/WwJGgAAIFv9BgAAFv0BAAD9JWgAAP1sCRoAACBb/QNfU1D9Cf39DAAAAhZpVFh0WE1MOmNvbS5hZG9iZS54bXAAAAAAADw/eHBhY2tldCBiZWdpbj0n/ycgaWQ9J1c1TTBNcENlaGlIenJlU3pOVGN6a2M5ZCc/Pgo8eDp4bXBtZXRhIHhtbG5zOng9J2Fkb2JlOm5zOm1ldGEvJyB4OnhtcHRrPSdJbWFnZTo6RXhpZlRvb2wgMTAuODAnPgo8cmRmOlJERiB4bWxuczpyZGY9J2h0dHA6Ly93d3cudzMub3JnLzE5OTkvMDIvMjItcmRmLXN5bnRheC1ucyMnPgoKIDxyZGY6RGVzY3JpcHRpb24gcmRmOmFib3V0PScnCiAgeG1sbnM6cGRmPSdodHRwOi8vbnMuYWRvYmUuY29tL3BkZi8xLjMvJz4KICA8cGRmOkF1dGhvcj5TcmlkaXggVGVjaG5vbG9neTwvcGRmOkF1dGhvcj4KIDwvcmRmOkRlc2NyaXB0aW9uPgoKIDxyZGY6RGVzY3JpcHRpb24gcmRmOmFib3V0PScnCiAgeG1sbnM6eG1wPSdodHRwOi8vbnMuYWRvYmUuY29tL3hhcC8xLjAvJz4KICA8eG1wOkNyZWF0b3JUb29sPkNhbnZhPC94bXA6Q3JlYXRvclRvb2w+CiA8L3JkZjpEZXNjcmlwdGlvbj4KPC9yZGY6UkRGPgo8L3g6eG1wbWV0YT4KPD94cGFja2V0IGVuZD0ncic/Pv0eM1EAAAAASUVORP1CYP0=
SFTP connecting....!
SFTP connected....!
alreaded created...
Sample-JPEG-file-download-for-Testing.JPEG
base64encoder--->/VBORw0KGgoAAAANSUhEUgAAAzQAAAE4CAYAAAD9L/0lAAAAAXNSR0IA/f0c/QAAAAlwSFlzAAAO/QAADv0B/SsOGwAAIABJREFUeP39/Xd4XP0+/f1M/UVdvRIs/RYcA4BNMP0YMAFSSDb9JP39/SkkJHAJWRB8E/39/Tr9JmRZMC1g/TH9BRN6/VZz/f1iSVM0/f39HzP9Rv1z/Wkaaf39c11c/XOc/f0j/XP9/f39I2D9eyL9/f39/f39/WL9B0BERERERP0tBhoiIiIiIipaDDRERERERFT9GGj9/f39/f1oMf0QEREREVH9Yv0hIiIiIv39/UBDRERERERF/f39/f39/f39FgMNEREREREVLQYaIiIiIiIqWgw0RERERERU/Rho/f39/f39aDH9EBERERFR/WL9ISIiIiL9/f1AQ0RERERERf39/f39/f39/RYDDRERERERFS0GGiIiIiIiKloMNEREREREVP0YaP39/f39/Wgx/RARERERUf1i/SEiIiIi/f39QENEREREREX9/f39/f39/f0WAw0RERERERUtBhoiIiIiIipaDDRERERERFT9GGj9/f39/f1oMf0QEREREVH9Yv0hIiIiIv39/Rrbf/39BEst/f0cAhERERER/f39ff0REv1x/f39Bv0VNiP9/f39/RD9/f39/ShH/f39MW79/UuI/f39/f1oMf0QEREREVH9Yv0hIiIiIv39/UBDRERERERF/f39/f39/f39FgMNEREREREVLQYaIiIiIiIqWgw0RERERERU/Rho/f39/f39aDH9EBERERFR/WL9ISIiIiL9/f1AQ0RERERERf39/f39/f39/RYDDRERERERFS0GGiIiIiIiKloMNEREREREVP0YaP39/f39/Wgx/RARERERUf1i/SEiIiIi/f39QENEREREREX9/f39/f39/f0WAw0RERERERUtBhoiIiIiIipaDDRERERERFT9GGj9/f39/f1oMf0QEREREVH9Yv0hIiIiIv39/UBDRERERERF/f39/f39/f39FgMNEREREREVLQYaIiIiIiIqWgw0RERERERU/Rho/f39/f39aDH9EBERERFR/WL9ISIiIiL9/f1AQ0RERERERf39/f39/f39/RYDDRERERERFS0GGiIiIiIiKloMNEREREREVP0YaP39/f39/Wgx/RARERERUf1i/SEiIiIi/f39QENEREREREX9/f39/f39/f0WAw0RERERERUtBhoiIiIiIipaDDRERERERFT9GGj9/f39/f1oMf0QEREREVH9Yv0hIiIiIv39/UBDRERERERF/f39/f39/f39FgMNEREREREVLf14D/0m/QP9Yf1y/f39FbpZFv03a/17SEREREQ0BTD9UP06/RH9cgT9/Qr9FxEHH/39CDD9EBEREVFBMP1QRv39GHY5Amh2Bv0b/Ur9/f0KIhQT/VEIBR4dEREREU01DDQ0/WBMRP0z/Wb9H0d8/f39c01aNP0NEAE8d/0BAGhxBnFa/f39IyUiIiL9/f39/WT9dv39/f1j/Tv9cv1S/Ub9QEV2Awyh/RL9/TkR/f39/f0PCzQvH/39TP0G/VZtQf1ORERERFMDAw0Nc/0XQf3PVlcQ/f04/UX9/SL9Af39Bv1o/f11GmwG/f3L/f0I/f0YbBoF/QMRfP0b/Qf9AWgUAhZYNP39/cb9/f39cv1AQ3D9/f39CP39Ef0rHBt2TP0QUGtj/W79TP39Af39Hg80AP39DGBZ/QH9/f39/VBMRP0z/WZnEDr9/f0WDf1sev0x/f39/SIiIiL9Kf39Zv39RUX9OP0h/d/9L2b9Rf0G/QH9Vn1G3W79/f1W/RX9Ymf9PxFo/QD9MzwlWhUOef0OREV8/Qj9Y0c8/f30/f39Mf39b0siIiIiSg/9OU4hERH9/Qr9/Rn9/f39fTH9DBo0/Qz9/Rn9U2Zf/Wxx/RH7/XD9Y/39EUR/Yv39/RIj/VX9/f39/f39/f39EV98HP39/Q97A/39NwD9SkD9Tf06/Q79GP0tSkRERET9/W5xCjj9Cf39/f1uVwj9/f19MXZNfF9M/f0I/Ub9/f01/Qz9/f0GAHxw/Tv9/SL9AQBgUCpwRv0RZ/0a/f39/f39/f1D/T8MAP1ERP39/f17PX5Y/Qr9dP39/VD9/SsRERERDf13/f1UdyD9/UT9GE9keP39KxX9/f39YDP9FEP9N/39NEpMN2hw/RdCTzACQED9Xg39RGAy/RRYUmaSMhP9/Sj9E/0m/Tz9Ff39/RN+/X39D/1G/Xr9Fg12HUr9FP39/f39/f0x/UxQWzr9/f1SCFAJAv0C/VIM/V8tCFAI/WMD/UcBHP1x/Rf9b/0XAUAE/f39/XX9/Row4h39Ri42/f39eSU2GP39Ng9o/Rtw/RdC/f1D/TMj/Wn9OP2Mcyv9/QlG/f39/f39IxRv/f0IRf39xx39Pv1p/f39/f1g/f39Tv0/EREREU0NDDQTVP0//f39cH4u/f39/f0f/f39QP1h/Un9Kf39QFAS/VIA/UT9ckciOP0P/S8A/Rhx/RD9TEYoU/39SP04Hmga/Qg0/bQq/V9p/f39FnT9/Whx/f39/T8cDzc9/Sj9dXn9/ctK/WowGFT9/TQiIiIiKi4MNBNUVBRHPylP/TERYf1/PyUU/f39B/1ubxT9Xv39Wf1g/f1l/aD9fhb9Wv1G/Yr9/VYc/f39/f39LxovNv0V/f39wzc6Pf39Ff02aDBo/V4pQCX9cCYOC2xDISweiP39/f39MP1MUAP9Xv11alz9/QL9/f39KCIqAv39/f39/XVMRET9B/39/Tn90osf/Un9/f39/Tn9TEL9AAhiYv39Pf1Z/f0wajDo/f1pNhz9BP39/WH9z2D9ASsc/f0VQP0rMDj9dP39TP0a/XX9bf1ERERENP0YaCb9/f0DBlZQaRQCBv1v/f39KCISS/39/VD9FP1iIv12/XD9F18yVyf9/f0f/SESE2FWZf39f/1J/TkmLf1M/WP9O/1m/Q/9Af39a/1LUQQERSL9SCcc/VYjIiIiKj4MNBNQICr9E/0nGv0EXAb9EgT9c/39/QJRcTD9/Vh0/TA2C119/f39OP0KNf39WFlm/Swu/f0FFh0WWHT9/SL9/QNocf393f1fSEhMSED9Vv0q/QZ2/Rr9/f39/RERRf0k/UlEREREExsD/QSWaHr9/R39/f39Ynz9/f39DX4tV/39/V79RRFbev39/f1GIf39UhtWV/39Mv1kCEr9ShBQZ2OqRygm/f0Vb/15/RMcPP1EMP0T/QhUAjDsH/1lEzE8EhEREf39GGj9Wf03/Sb9D239/f0+ECD9Qkoo/Tf9/U4//Xj9/f39/f1m/f0I/XYMLyQQ/f14/QP9/XD9/VT9MjtWV/39/RJr/f01CgH9/QYs/Rv9/f39/f39/f39EW8IQHz9/W53fP0i/f0w/f1DWGD9f28eIiIiIhobDDT9Lxj9/UT9S3c4Nv1GIf2qH/39Xmz9Onz9GL39UP0W/f39/f39QWT9AgP9aAwb/Xr9/f0XFv0S/Sov/f39Eiz9W/39/f3gVP39UiP9KDX9E/39Jf39/f0fXxonIF5Q/f39LmgVAmr9Gv39/f1rUmd3QyIiIiIqCAb9Av1FRDQ5A2hyBP0V/f0c/Weh/W5ATSIE/f39Mwf9Ilty/f1Mb/1Z/REo/f04/f06Tv39VmFVeQlWV/39LP0Z/f0x/RRYUmaSMhP9/Sha/T40O339Cf1f/WBM/S5HEP0cQf0Cav1a/f10/WVk/SEiIiL9aBho/VA4JmL9O/0m/V/9SWb9Xv0G/QH9bAb9T/0QH04sP/39/f39E/39Bnv9KBX9fiqBHiv9/SqB/SsC/Uj9/TJw/Ur9A/0x/f1aEP1I/eIU/f1vDv39ORFodEoBc/2Ucf39/f39/Wb9/f0IR/39eDc2HP1G/Ub9SypK/f39FGdYTVldDwBsGiWpMP0KM3r9/f39G0co/f39HxX9/gD9/Rf9URUPN/02Pf0b/f1DRERENBH9Xf0YOP0J/f39/R5XKP13/VX9RP1ARv0Bdv39f/1ye2gG/f39G3D9QDQfI/39UNd6/VkX/f39cv39UBgPH/39/Uf9MF39/f0S/f0sRf0p/f03ZVoV/Vda/f2CDn8YLU4fWl1+/f1//Yj9D3oD/f03AP1a/Tr9Fv02Hf39/TEiIiIiGi98J/0n/f0I/f0B/TgD/Ub9/Rj9UkD9QEV2A2YYRv1w/f10/UD9Sf39AhH9GP39eJtt/WD9Wf39Bv1Y/YH9/R39/f1hTWUpLv0s/Vz9Lv1rVv1o/Vv9/Yoj/RBa/T79Of39JRoE/f0x/f39/Ts9fv00Cv39dP39alH9/RQRERFRIf39Vw79/Rj9HAE0OQP9Df1O/f1YdGj9G/0S/Rv9SFL9M/39/f39TBj9/f39Skz9CG79Hh/9PP39/f39P/17Dx39/f1h/VH9NRX9/f39DPT9Vy79Yf1g/UH9Vf1sOP0J/f39Gyz9AAD9UAxvdf39Vv0PZVol/Ww6LP39YP1k/Vf9/f39/f39QP39YExE/TP9Jv0fR/39/f39GzRo/RtQbzNA/f39aP39XP39/TdDIwz9c2n9KwYV/Vn9/f39cf39/f39/VE0/f1YU1n9Nf39/f1k/f1//Un9OSYt/Uz9Dzb9/f0ODC4t/QlG/f3L/V1eVP1U/f1p/WD9/f1m/SEiIiIaCww0af39Dv39Ef1udzD9WP1G/UX9fTFW/TL9ex0NDP1Dbv1ZdP39/Qz9R2r9/Qhg/f39/a5+L3b9e/39ff04/Wr9/VJcWln9UnX9PwILLDos/f0QEf39cP39HRg8/R39/f0z/S39XkzrBmdu/f1W/f39/f1oAmP9Gf1RXwRNDj9aXUEE/f0D/UH9QP1N/Qb9Af39/TdidP0jeP39Dxs7e3D9F/1V/UoA/WX9J/0M/QhA/W/9/f1H/R9H/f1hcDx8/f39A/0Hd/09/SU2M/1U/WJVRQls/f1+HFT9/Tr9HnVWPUIxEW0uP1r9Phz9DP1+/f0jOP39/Q4PZhhU/f39UWfkVP39/f39/Qf3/f0HH3z9/f0T/f39/WRCWVkpTj11Mf09/WwYMSNv/Xv9/f39Z/1e/f3XL/0ZMzP9/f39tm1v/R5f/f0c/Wz9/f0LAPf9Cf39LXlsnP1Y/f1e/f39/QE6O/1G/f0gCP1Y/SgpKf39Bf39ZP13/f39B/39Gv1S/f39/V79dQD9/XD9/Rde/f15A/39/f1yrP39/VdffQ39QP39/TU1C1BT/WD9/Rb9/Wprzf39/SD9/SQ7/VP9MCj9/f3/H/39/Tr9HDn9/f0T/Xg8/f39/f1ZZ/39/Us/Cf1a/f39/QIG/f04QlH9SjT9dP39N/1UCf0CSzz9/Tdn/f18QDAm/V4+bP39W31ODGQm/WpoSf1c/f39RP0zSUNs/U/9/Wb9EAH9/f39O/1+/Xz9If1t/WJ1RQku/Sj9MeD9UQhYbDdg/f0AfzT9/UT9Of0NDf1z/Rf9EV8/XjoO/Tb9UWdhpv16/SIV/f39/f39/f39U089/XA4/f39AEEQ/WJF/f1b/Wx5Of39K1/9Ov39W2T9f/07N/13/f1N/f09cP0grl0ne/39/W/t/f04/f12dHRgSlX9RFL9/QL9/f39cP09/f19/R13Cf0b/f39Ov0OS/39/f1+/f39/T79Gf1jL1l4/Xl8/f39T3lc/f0iEP0OYyM5fP0dX/39M36A/StX/Vv9/f0X/f39/f1Q/Ur9bv39Ef1b/f1r/f0lX/10/X79bRkH/UAg/f39X/39/X8Qe/39G/1c/Vb9K/39HP39b/39c/05O/1xEk1m/XgY/T8a/f39fv11/QMP/f3ObvAwM/0Y/TP9/f1p/XJmSU5hRgT9zX9vO/39/f0Q/WuP/f39YQFF/f0Q/UX9HldMWv0m/X8mLP14ZRz9/f0jKgJv/f39/W0H/f39D3Bj/V5s/f0/Fhv9/TL9SgX9KDH9C3P9cVNdNVZWW1H9H/39/SFPGC8e/f1v/Xv9/SEX/f1B/Sb9ckIaS/39cx9OP30JNmx4fP0wAwD9KP39Xv39/Stx/XdA/WH9du79Ef0MADz9/VP9/f0zIP39B/39aDT9Wv39/f1ZNgz9QCD9bfb9S1/9Khob/f39H/0s/f0pM/39ej39/fFg/SJ8/Xs/GDX9AEAwGP1j/T39c/0A/f39F/39/V39URIV/Sk7QxMR/T39IP0cAf39D/0cL+r9aDf9/W79Sf17/Tv9C/39/RN4/f0XHf39/SVL/TcjVf0sMv39/Sb9O2D9WWIP/f1eJ/2FfRP9/VBM/SsnHHj9Azr9Aiv9bFhTWf39JTZo/f1FMf0UWFJmkjIT/f1o/f39xxP9/T/9/f0h/f0PQSkA/f0a/f10WGD9/Rb9/f39/V/9Fv0S/Uz9KP39/W/9Sv2vfv39/f39z/16/f398W39dlxw/f1Z/UP9Y0f9cf1z/f0r/X5OJBL9/f1//f04Mv17/R79ff1y/f39Zv19/f1xHQv9bv39Xv1YDP39/TP9ef39/f0a/T39BP16/W08/f39OP39M/04Ov39NiUDTf0r/U1H/VP9Xhr9CjT9/f1iKnX9V/0acCIUpv1ePP1L/X5v/f1L/QRSRQEmVv1mAUL9IP1cSf39LF39WAz9/f39/f0PRv0CF/1x/f0U/TL9Pf1p/Tj9jHMq/f0JRv39/f0jFP39OiqLUP1x/f0WBDf9/U39Jf39WjRxfP39P/39H9r9Nf39/f39/WH9/Yz9/f1jT/11hg1P/T39AP39/T79Uf15/Wdx/f39I1N+/R9r/V79/Y9RXl4+/eFRTP39/Stf/Toeev1/c/2RI0f9cv0lPv11NDY2/WFkRP1vSgYaBTAYZv0KAQsT/WI0OV/9F/39/RP9/f39cP39Tf0YNkMjEWj9E/0g/Rgb/f39/Qg0/WgMW3r9/R5Y/UZj/f1L/V39/f1VWFVe/VX9OP1m/Xr9Zv1W/f0WLP39/f0fTv39/f0f/f39/Sj9/RVE/SsI/UJATSL9/TMz/RT9/f39Dv1lV3P9/f39/f11MP39eP1X/f0r/Ur9F/1G/f0//QV3/f3M/f39O/39/f0Daf39/X/9Pf39Hv0s/Wb9ef39N/22G/39C/06/f17H/39/f1cORNr7hn9dSwW/f39B/39G1sk/QH9/f39P/39/Xj9/Xv9bEz9/f1X/f39/U8Z/XP9FGg0/VH9/Uv9VP39/Wv9/WX9/f1f/SovYWb9/f39/f1XYO4P/S79QTT9TP1AM/00/WZw/Un9/TP9OV0vBv0+FzZ2/f39E/39/V0A/SIp/UhVOf1IFf1EIV4TYP1JC/0UVl4HfP39/f0fb/1wBBv9d2P9/W79aTj9/QRrKkpx/URsV/1V/Wj9W/39iiP9EFr9Pv05/f1/fv39/SZnEE39IHRKAf1WLf06/Tb9Pv1I/f39/f39S/1IHv03bx4+/f1d/UwmAP39N38H/f39eP39P0r9/f0v/f0z/f39Df39fW5vby9eef1s/XP9/f0e/X/9/f1GPf39/Q1b/Wz9/f0H/f39ShYT/c/9Yv0qOBz9/WP9Pv0Y/f0uaP39fxD9/f39Mv0u/Q79/Qr9ev1U/VELF/39d/1t/f1s/XNW/f0Qa+79/QX9YTIZcf39cWy0GU88/RRCIf1l/Uf9Hk9+dP0I/UT9bUoWBf0rBf1K/Qn9/f39/WRO/R79H/39zv13/RNf/Xg3/f39/Tn9ACf9JB79SEv9Bv1pLir9/Wb9/RMK/f1d/QctOP39/f39ff0V/RJDKTMMGv39Zvf9/TllOP1uGP1/JxAV/VFfAP0edP39nlx/C1Rg/Q/9Ixj9LmN+/RX9Df39AT/9/U9G/VYm/QFi/Rgef/39/f0H/f39/f1DDz0M/f0z/Xn9/f39/f1/NP39dv39J/1u/XtCbjj9/Sb9/f39H/1E/Wd0tGk2/TX9/f1mfP07N2FaS3H9/f39/f1/Fg8//Vf9/f0b/f39/f39/f1/vn39FxYg/f39DA0ANP39OP1PTf39fDj9GP39Ov0h/f1LZzt7/f39H/39Kf1VOf39MzQiRAgQ/RT9Gv0+/XhvOP39/f1xGP39/Qr9/SP9/dFOTP1p/f39BP39MdB9Zf39Ji1m/f1YPU79/QD9/T79dQcG/Q98E/1KBP39/V/9/f0HUh79/f39U089Jv1JbSQSSf08LQBsek12L/39/f1v/f3933n9WQQCAf10/f39T/12/f39z/39/f39/Tke/Qd//f39ef1vJv0uXSJ7/f39/f0j/XRM/f1r/f1tOnX9cv0y/f39Fho1S/39Z/39CTz9/UNY/f0S/VAk/SL9fz39K/1CA0T9/f0NNAv9Gv14LP0B/f0xcv39Rv0UaHr9/f1//db9ckv9/f1E/f0RAEH9/f2i/f39/XJ3xAlf/f1oIP39/R1Y/YH9Rj39VP39/VL9/Wf9RGX9Rf0FFh0i/f17/Tr9/WBkGf39U1ZWJnv9/d/9/X79E1RWVg57PP0N/SP9/W0pKSn9b379K1x5/f0p/f1uNzZtnP0xJP39/QdGDDQPP/0I/f39e/39/SEfPv39/QY8/f1Ee/39fnr9/f39/chhZv39F179/f0j/Xv9Mm0kSjQZTf0lZ0D9AWL9Nf39/S8EZ0j9L/39/R79Gf0+/f1tBwsSZv39Z2gmRFH9/SFIFQMA/Rf9J/1y/XT9/f1x/f39/f39H/39/f39/f0D/Ucp/T39/WAE/Uh8eWP9/W/9/f39c2Q3/f39/WJSZXhn/f39Mv1wOP39/Xpa/Tp1V2D9/Utk1X79TDQ1NWP2/f39f/39/Tddf/39/WT9LVpUX/39UDom/f39/S9JPj5//Tx8/f39/WdPVl5e/f39Kv39SkpK/TVc/f01ZWdoAP1uR/0z/f19/ctW/XP9I/0pRltyNgH9C/0IQRD9Vgj9/f39/W79BwsWAP1N/cdW/Q93/T/9Rv0RaypLcXlVGUr9/f04Njv9/TsuYv0pOmr9Gv39/Xj9Af03/f39/f39/f1u/f1LLv1l/f2l/f39XlsB/f1ffhX9/f0fNFxz/VVQ/Xi1/Vj9f34TPB5P/f39fP39B/18/Xkp/W/9/SZ2/RX9/f0sFAr9/XNoOVIsFuFD/XH9/f39/X/9fP0nPnEmTjll/f1i/f39/X4ROv39/f01/Xwa/f1+WwFHNP0K/Xr9QiH9jlwS/f/9Cmv9/X4//f39K3ls/f1LIEj9/U5EWYFm/UkN/VL9Lyr9/T79QHNVdTn9dv39/f1S/VYUYAL9/Qz9RVxvTf07AwAvdv0VcjhFa1f9F/39/f1+diz9/f39/RT9KkpgG/1Ebv39BwD9aRT9/U/9H/11/R39Yf39/f39/SF7/f39/f39Pv1HH30MKv0K1/39/Xz9anz9S18q/f39LEtJSQlW/f0QQP0N/VT9/f39OP05XHf9/TL9bzL9fTp//f0z/f39QHV1/f3l/QFo/Vr9/f39/WM5/SP9G29sQXX9/Ut//f399/39/f04fP39/f0n/T79Qv1e/Shi/f09I/39cv39E/39f/0g/Tv9/R/9/Q8//f0AE2pq/VUt/Wgy/f39Fv39/f0JHzz9GL0h/TQOX/1aZzL9/WRA/f1X/TENa/39ZWf9Qv39bv39/f0yIgJ4/U93/f39/f1DOP0KPzQHUf1MOf39LzQn/f39M0X9/f0UW/39/XX9QXNz6P1HIhH9/f0beP39N/39/Qv9/Uf99/39DSgl/Uf9BAIBbP39/f0r/f18/f39/T79Elb9Vf2GDf39HGj9/f0HP/1w/f39MP39/f39T386VG39/Utyef01/Xwa/XY1/TX9ZGr9/TVj/f39/f14/V49Pf39DkotE/dvP156/f0s/f1K/URTdg9ARv39G/0m/XT9/f0V/f0aDv39Rv39/Xj9/Qz9YFRg/TH9U/0D/UBBA/1k/RsKS/0ZAGhxDv39NiVnKDgsWDAfO3d+/f39/f1QV1f9/f0dO/39bv0urf0G/Ugk/f08/f0m/f1LLwP9qwb9/Wg0/bX9/f39PT4y/Wz9OWhoWP39/f39fx79e/39H/1H/Un+JV9A/RAu/WglHnlEfv0GTSz9/Xr9VBUwEEj9ZkhEW/1M/URVYv1O/f0P/Qr9ayoL/f0ueVlU/f1x/XImCP07fBr9cHE2Uv0eCDT9OhX9Kf0jXP0UCgU+/f3i/f0j/TEFN/39HRs3L/39Pv39C/39L379uf0+/f39/Xb9HStX/Rj9/TX9fFr9/VAoJFtUIBNS/f0xY3j9ZwEA/WgU/f39Of1TT139c/05O/39Z/39/Qr9/Xs3Xnz9/TH9R0T9NRFe/f39cv1j/XEpIP14/f1LgP0sTf3DcEz9Xv0fdSf9C/39/f0s/f1g/SVmZf39/Qz9KP39/Wb9RHUzEf39Lk5//f39Cv0Q/f0/MP0Idv39/f0mE0EQcP05Z/1z/f19/f0AACAASURBVP1vfv0r/XsP/T79PB56/X/9a1f9/f39/f39m0f9NP39/R/9Nm39PHb9FWtTev1cfP1F/Vgs/f03bHgC/V/9/TR/V779/f39/R/9JP39/X39Pf39/f0K/T79PP0cOf2zWv39Wv39/V04/WtBEGD9WlFWVv15/f2LVv3XQjX9tv11/Vj9/Sz9/RNxOSr9/f1q/XR2/Xj9SCX9/f2g/Wol/f39/f0W/f39b/00PiIaMv39/f1C/U39V/39/WH9/f0EGgD9/f39YP1m/ZlSJv1E/XH9ZmBINv0SVf39Rn4f/T04/f1O/Tn9Zv39Vf1cbP39Zyb9BQv9/f/9/X39/f39/f0bbv03/SVYbv0b/f39Bf1XXyJ7/f39/Sj9Jf39Cv03/f39bWhY/f39/Uf9/Vv9bEVXV1dK/f1M/f1mXHf9/f39/X8c/f0bb2xBS0v9ZDEA/VL9/R05S/1+Ev03S/0v/f00Gk39G/1OdP18/XL9/VUoFFj9/Tz9/asp/TZtjP39blRUVAw+dv39/Wc/e/39dv14C/1f/U39Y/39Mi39MRJNFgw0AAxKAf39Gv39D2F/fwD9aAwG/f08/SpKcP39Q/1F/mb9QP39/f0Z/T00AP1o/W5E/f1m/Vsj/f0sIgJt/f1y/f1GNQxs/TklCP39/f0K/f1LX/39/f39HDp0aP1rPP39fA/9O/39f/39/f39/Uf9UTz9/f39/X9N/TlSbv39Gyn9BgBu/f39eP39Ux79/Rf9/VL9Cf39Rx/92/39/RP9OBP9/Xb9/WIx/X8zFf39/Vx2/f1LJANNIBD9/f39T/0/PTD9WFlZ/Wz9X/39/f39/f1V/Q/9/f1N/f1R/TD9OED9dv1S/f39C/39Rjk4QyMTaP1p/UZMClJS/f2i/f0ZaHL9EgRcLP39bP3P/Woz/f0pch9+/U/9bBX9/X39/V/9fP1U/f0B/f39/WhPTw9eff39/dxsxidy/f39Tf39YTZvfmn9/TUDuxgADf39/f0vfP1r/Ur9/U9//fD9/f1sBS79Xf39/WT9/V0L/VH9A/0//f0v/f3Pev39/f39/Sf9/Txm/VhkZ3X9/RIG/f1a/Rb9/Qb9XRL9Bv39/Sn9/UD9/Sn9LFX9/RAG/VX9Xg39Jv0C/T8cbv3r/USW/S39DTb9/f39/Voz/UFCE0dZWSlcLv39f/03/Qz9L/0R/WEYMV39E0/9Pf1KaP39/T/9Rnt7e/39STf9LF9+uHR5J2kn/Qsa/f1TTw/9d/39Q/0rGU4BYLT9/Uz9/f0S/f39/f3//f0f/f1rP/39tv1jbv0b/f39C3z9/Tf9Pv39/hE2/f0I/UQjYf1J/f0Wf/39HQj9J/39BmD9TP0jdGSX/SpnE2v9Rv39Dhr9/Rn9/f39QW79WSAqYv07/Qdi/UUD/f0GKyoKM2YQfUP9/Un9fP39cDr9/f39/f0W/XHd/f1UKlx4/f39/Rpp/Vn9RFH9/Sz9Nf18Wnb9Tf0bbv1G/f39/Vn9/Rz9/Ts7O3H9S/39H8ovffj9f/08TxAE/Xe5Yzn9Cf1bbpw5c2T9P/39U/39PxX9/f39S/393/0M/S39EFVVM/3f/Rz9aFT9ef0W/f0nP/39/TH9/f17aP00/f39/S/9/XFn/Rcr/f3OC/1X/f1j/Xxn/XxQCv0UBRj9PTQi/f39Nf0sN3v9RF9hBzX9GP0K/f1Zbjb9dwb9cv39QBAEXHv9/f39/UH9/WP9Pf39/Yg5c2b9/f1HR/39/Tkj/f1jzv39N3dIHjv9/f39Kv39/UP9/VL9DP03fJtHff1I/Vot/f39f/39GwT9P/0sTSz9/SBm7v09bv39/XP9Bxldc3pr/U79QfJl/f39/f39dUdy/f1X/TscfXdvP379/V/9/f0LLjh//Wb9/Wr9/Wv9/f39Hf14/f0s/f1q/f39P/39/V4uWTlw/f39/f1//f39/Wb9Wv1h/eP9/URTBQNN/f0GFf1qBVz9GHY5fCn9BgD9VP0WIP39/S/9/Wz9/QL9NGphUP1O/W39dRb9YP1kdkH9DUb9/f39QHUz/QAs/f0f/f39Jz/9Ef39/f1DX/39BwH9UGj9ZWZAfBP9XXf9/f15/SdlN2X9dv1//f39Lxt1/X19ff09bP39z/1n/V79/SwY/Roj/f03/f39/f13/Uv9/f39/Sll/f39/cdl/Vn9/f0m/XP9fib9/f39KF39Fzf97/39/TESQRBw/R39/XU8Y2n9/Wv9/f0a/f39/To8/f39/f39/Rr9/f39/Xo8/f39JRv9Ek1VXHJ2/f0l/X5oDAc8/Rtt/UwGGv39XP39QP39/f39FP1Q/Rn9/f1//ThR/f1MUmsq/f39/SIx/Xv9y/1WLVj9bHIoKyv9M/08/XX9Lv1G/V9+QXY/AyD9TP1sNmNqT/11H/0m/SNdPxNz/f1qVRdLHlMq/f39//39PSj9Hnz9XixcOP39/f1+/f1f/Vtz/f1iRXj9/R39ev1kapw5MWML/TtvWR5HRlT9GGhO/WBL/Xb9Wv0SAP1V/f39OxcDMzQTZg9N/Sf9/f39MP2w/Tf9T/39Ov1S/f1L/Td2Njn9/Wz9Ov1lMWMLPv0zM3r9OQ0PP3wb/f1+/f05/f39/f39Sy9f/f39aS9V/f39Vf39a8b9/dErDv1mZf05c2Ze/UH9Zf3xdf1Y/f20/f1q/Xj9/Xv9/R98b/1HNv39/Sz9/f39A3f9/f02/f10Onz9/f39Dz79yD/9RFMVA/1JbBoF/Rv9K/39XH79JP39/VVlYzp7/RD9L/39/f0vOUv9XhdYdP39/V/9/RD9cf39/f0lUP18Tw1UN/0pBf0z/Xf9/f14cSP9ef1NPP398W79FSgt/f39Kykp/f1XXv0XX3wWb/39iP39/f39AVx9/VVp/U/9/f39Vksea2vN/T+Z/f39/QUX/Wr9/SorK/39L2cexRdeAP0m/f3955tu/f09Tf39N/1L/U81Rv0RP/1PcP39bjz9/T39/f39JD80UCr9WP39XP39/f39/Vv9/f39Gnb9fRxGTDT9Cf39uP0TfXj9DFxXMf1+OD/9C/39Y/0A/TX9/VhsT/39/WH9Hv39/Ux5PB8+Y/39Xv1E/UX9T/1KfXP9/WAPDkos/RsbAv39/RUzS1BnTV1y/f1//f09Z3/9/TM5/f39Onz9Zk55/RH9/f39Nf1n/f39/XNo/Tly/Qj9/U/9/f39aDT9/f0U/WZCMP39/RL9/f39/f39/f39/Vb9RVVVJWf9/ST9IhwOB/39T/39/f39/Rz9/f1Q/f1Z/f1xRxN8Mv02/Rp/UiT99P39Zv39Jxlo/f0uH/1A/Rz9bHMh/f39/UH9/Qz9GmZ6/RH9/Rz9/VVYIhFm/f39Hv39/f39aP0xYwZmGDH9/SCIXv1n/f0sCf39/f0S/f0U/f03/WT9JWcSNAph/XFh/Tf9/XBqDf39S239/TRA/f39/UX9/VkB7/0oB1BnNUhuRn/9U/0LNP39/VL9ff0+/X+sVmD9/f0/EBEREf39/UZG/X1o/f0uR2r9bv0g/f39/SRF/ShA/WZo/W4v/Uz9/f00cyVXbP0f/TMUD/0sBkBEREQk/f1G/Xz9Bv39Bv39/f39/X0R/Rf9mgULNP39IP1S/VxzakX9dn8QO/39fzb9/Rl6LU79SFf9ah5WTP1n/f39/f0wDGBRYv39Ff39P/1yfP1M/f39/VQr/V4S/SVn/f39/f39/f39/WY5/f39THb9WXNiZiZR/UL9/WZEREREUhhoRjCyMwH9/Xn9Sf1MensrVxr9/SX9/f1s/f39/R39BP2n/U5lMQAiIiIiWQw0I/0pUP1VAhj9/f1k/f0daP39/f1yVv0ZGjFR/WxWYv0h/f1A/cf9/f39/WMy/TUZMP0g/Tcmef1Zcv0mIiIi/f0YaEb9OP1mMhgT/d39Bn79Tv39ZEr9ZmP9/SYgH2gKYf39Wf39/f39O04Ucjj9/f0K/T1YLS4/AGD9QQX9/T/9RERERHL9TmkU/WX9e/0k/f39PG/9Sy79/f15df1+/f39/Rf9Uv07/QD9/f1y/VxdWiFdJW/9O/1wYhb9/Uj9/f1G/UAzCv1a/f0mNQBg/Tv9QDQ1TP39KP1B/f0/SkX9Hhr9mnn9/Qj9/S3qUP1T/Rx9/U/9cGT9BzH9/WUzY/1e/f1E/XL9eisDDREREf1IGGj9GP0p/Vn9/ahU/f1SW179XP1Z/ShAZP39TP09F/1l/QFwdiZna2T9/f1iIv39/f39/f0wSHUzJSIiIv1BDDRp/f1qB/39Lv1AA/0n/SIpUCgl/Tb9ef39/TdK/Qn9Il45/Tf9Y/39VP39/WX9/f0HZxb9EREREf1wDDRpUAlAff39/XFfaP17e/39S239/XP9FTJa/f39WP0R/f0/YP1Z/Uw5/f39/f1mOVpq/f1U/Xsl/f39QmtqdTkiIiIiGv39Jk39Sf39/SgO/RYE/f39LP39PTT9/f4gQP39/f1n/f0sZ3L9/QJREQc8QQD9WUH9TGNVIiIiIhr9QP39WSY1TP39DB/9/VQ7/b39aHto/XT9WXJ1/f1A/bD9/Tn9/f39DEoFVv0sNxtWDP39SP39/f39QP39/f0A/UgM/f1Q/f06/QH9Jk10JS85/f1DM2YzNP1g/f1r/UInMT39Unf9YP16/f0F/TYYZSr9DQQa/UL9Qgv9/RERERH9/f0mAw39/Xus/Sr9/R5l/Qs6QyMMNez9W279/f1m/f0rHv0f/f0vHv39d/39/f0obQw0GSj9KlH9/W/9bnH9JUsoX15VJhlElRxo/f0MWVEAcWj9Zf01/f1Wbzj9/R15/RRR/Vb9fP39/U1J/f1YTP39/Sh9DDQZGlh2Fv39E/0X/f1E/f1S/SX9/Q8v3P1lMiRg/RhA/VUv/Rn9/Z4CFCT9/T5VXgL9TP1tSlQ3Myj9/Ub9RERERDQ6Bv0MLf0NdXf9Jf39TP39VTr9CyVLLzn9/f0jGP0YAP39Zv0g/f39RCD9/WD9FDb9ARARERFl/f0mQzr9/QX9Df0H/f39/f1XVf39/f39qP1mDGdJ/QoBNf39N/39/SB2/f39G/39RP39Ev1Z/Vhydf1Fdv39OUREREQk/f0mC/3KA/1S/Rv9ClxcLl39dzT9/f0U/f0ZUC/9dwYAXv39G/17ThX9Vf1Cbmf9/f0Z/Vr9aXouNyMiIiL9BANNFhZa/f0m/f1Hef1JI/0jFwUY/T40cv39NnH9Wf39H/39Qv0PRwEA/f1cbkZERET9KQb9LP0n/f39BiP9Dv1T/S/9/TFd/f39IXD9af39P0MT/f1B/f0sU/14Wz0+/XlSZ/0ofXMMOv39/SdKXm42UHD9/f39/aca/QEU/Ub9Hv39CwAAdjl8WFltHXZcAHBlVRn9OXQs/f1K/TIbJv39Gf39/S39/RQD/f39TP1GKhJSCDT9OhX9Gn79QDRe/X/9A3R2dv10/f39eh49W/39Sy/9/XA4/f14Xf1CGzcv/XFVVP1jUv0yHmNb/W79/f0HGT9v/Wn9/f39/UVZP/39aCww/WT9FP0KVv0C/XAMTRL9Bv1X/f00/SgTIUP9dDL9/RkaUf1BSP0I/S03W2L9YP3PN3r9ef39VP39Uno/Qf0gAv39SP1I/f0ddwn9G/39/Rp//f39cP03SB79/Wf9AP3V/f39d4Ef/f0HGf1rav39eXP9/Xz9ZXz9/f39/XkDbv39NgYaIv1w/f1wDhb9Fwj9/TEc/QRT/f01/VAr/f1I/VIY/f1M/f39DE39Fjb9Ev0y/Vf9WP39/Rr9e5n9ff0cLP1bZDf9U/1a/QH9DP1LUv39/f1YTP39/SgbDDQ5ODVpE/1cT/11VWUZXVMpKBL9/T4e/Vv9ESAk/Un9/f1MMv1K/Wv9/f39av39/f392v04/Wr9/WAmLf39PyIC/RP9WWcYVTD9/f1IRERE/Q39/YFZ/f0MY3z9/W79HyH9U+v9JP39/VEk/VX9LTn9/Qz9/XUa/Yz9Wf1R/VMq/f0Z/f1y/Wn9/f0Z/f2n/f0y/Wb9z3BsYP0Z/QEQERERZf17aHL9aDf9/c39CP39/Vh8/f39Ev0K/Vr9Wk96e1AGGmtmEv39IgIQ/Ur9Gnb9cv39/VRrNf1+ZjX9/Vn9/f0A/f39/f1d/Tj9D/1v/UX9LP0Z/Wr9H/39/WZ1Vi43I/39Zpz9/Wvkdf39TWM8/f39VCpx/T8e/f391xVgNERE/WH9/VH9Vf39/QFRMV79/f1AA/17/f0faP1BRm4PTTQfRQH9Li1X/Swbcww6/TT9FP00/RQ0/Xv9QlcvNnX9/TMY/f09/f1cdf1QTP0edzz9/Tdr/f1bX0hErv0W/f39/f0emFP9VP39/Rj9YRARZf39Jkca/f0a/Rb9/SC9Qf0w/f39eP1fav1d/f1D/WT9/Qb9Av1h/TMxJg5WN2tMY/1MNhr9RjT9/f1l/Ux8/f39/f1e/f1H/VBq3v1IJQj9/UL9/Vn9/T/9Nf39EREREf17aP0x/Tj9TkdqE0r9IGBt/Xwv/WT9/Usi/f0sL3toEt5p/aBK/Rb9/Q79fSf9Xv0H/Ugs/VsBOP1irQtmYf39/ef9/f39clhU/S9zKwb9Wtsl/Uf9AlD9/WZEREREOWH9Q3lmDQz9/f39/f39/f1JM/0oBv02Sx/9ff1GGFxxJv0Zff3L/f0QXv1w/Vs7/QEefP39HVItBf39/Rb9V/0c/f39DP39WP39FSX9Kyb3/f39/f1w/Rsv/Sr9/f1I/f39cv0lZ3n9YP39/R4/XP0o/f1C/Wb9DDt+/UT9Oi39BlL9/SRT/VL9/f1KK/0oMSEi/f39IiIxUsFoSCgm/f39/Q5fCP1EMP39/S43C/1E/XcP/f1//Rv9YW8QLx13Yv1J/UU2AxZYdFDMMR1qQf39MhtW/f39/f39ev0D/Xf9/f0+F/15bB46HgxKBS4o/Usea0oqBv39ZkRERET9Y/1T/UT9Af1dTl9K/REAXFlV/XsOHRv9Ov1R/QL9/VQo/WX9/f1iIn79chwA/f39/Qz9/f1Dbv1ZTAT9/Qf9/T8A/SBg/SUebv11/TNK/TAoFf39/RT9Vf39Ff0O/f1/OFz9cVJoXFxQav1RKT39Egg0Ov39/Wb9/TlENHH9/btY/f1C/f1n/XUmfv39/RRwRGMjFAr9/Xb9Km39/f0v7v1GRFRIDDR5Uv1T/VT9RG8w/Wb9D/39/VL9WVc9ev0ZCAZjUf15/f0/GBAW/RQD/WsQev39KP39/Uf9/Q/9Uv1C/R79NgNm/f05/WP9/f1YV1X9dVVlcP0j/f1HF/16/f3T/VULS279/SMURf0/XhT9/f39/f39/Q4db/0e/f0m/Uz9KP09e8j9XP0C/f39KDMMNHl0/V39/Ts9CCb9/f1Y/f1DN139/Vk2M/1z/f1eQyX9/f1YVP0d/X39FP0F/f39M/1IDP39/UssB/0iPnb9/f0H/VL9Ov0edTYDZhpz/f39/VX9/Qpcd0oFOv0h/f39cf39SS39MFH9/Q79/VlgeP16Nv0kIiIii3cbexw1/QwFGP39/f39/fr9XP39bAX9Ig79/f39/VoN/f39/SoFPjf9DP39DVn9Rv1HY/39y/07cAL9/XX9/Q4XOv39/WoeaP39/VkN/f39eHH9Kf39/Xj9/X79/QRq/XX9/Qn9Uv1MIz9LICIiIv0H/f39I/1S/Rz9Ggc9Yf1xBxD9/Sn9YFVFCW79ewj9aP1O/f1Z/f39DTQt/Tb9S/0OCABm/f39bf1i/WjB/QD9/T79cwf9qP0f/f0eD/39/UT9Qv1N/UU2A0r9/X39JTf9/f39bh79/f03av39Qv1bbv39D/0Z/QIYHnz9/f39KDcMNHn9aP39Jz4j/f39/VL9/Ub9Ahf9/f39nv39Jmf9fAf9/f39/SP9/f0vS/1h/UX9cEz9/f0AWv1+/f39Z/1R/S8U/f39/Xj9/R/9OjX9bQb9Wv39aXL9R/0o/bkz/TP9/Tg3/SxR/f39Zv08/f39ZkRF/f0LL/0j/Twke1z9/Rz9/Vot/f39Ef39aFgE/SYmBv08W2j9QHNMQCgmYv0jNf0A/U/9A/39DP0S/Xd7PP39Iv39AP1C/Ur9/f1U/UP9/f39/YL9GP39/Xtj/WX9Af1E/RBQa2OqRygmYv3PZv0P/TxBZFP9/SsQRlf9C290/TBN/UH9LV5Q/Sj9/TMT/VlMOP1ivy/9/Xccbjz9S/1P/f0d/f10/XRdVlkK/RiUaP1p/ShQ/WX9OiIqPP1G/f39/f0eRkFM/QIHRDT9/VX9/QQB/VYNdjr9OP0P/S8UQf1m/R/9/XYL/WoVHP0w0/39/W1hef3NYCz9Wv39BP1kGv39Rv0B/XYDfP0YnP1wMxD9MnX9Hxps/TnoRf1N/Vpr/Xt4/f0G/Wf9Lf1t/Wxs/XX9/f0e/f39PyZX/Tp3V1VL/Wr9Bgf9GC79/RgAERERUT4xDP1G/R47Hf39HP0cPv1faRl2XC0IWFtZ/f0d/Rr9eHL9Gf0lZ/0s/f39/f0x/f39Yf3SAf1S/TNK/Tj9/Qh3OP0W/R8tTh/9Av0t/SpEA/1tfU79/Ust/U79cgj9J/1jIf0kHRb9/f39/f0M/f39KP0YaP39TP0aJv0AT0T9/T5vSv0B/f0E/f1l/f1n/X9FECAkQv1c/Xz9/f1YWm79/XIT/f0R/f39/ScYGf39J/1r/Tns/f2WLv1S/Uv9S3BJeQn9/ShePv39Bv1rKv39AQBD/Wf9/VX9a1hY/f39/Sj9GGj9/f0SPf39/f39/f1yck/9Ov0B/SYD/Tw+CAD9/S1YVVr9Q/39/S39Gf1IFm/9RVEc/f0hV/0s/Ur9Kv1bYbkVZv0IRP39/f39/Sv9/V79/Qb9Gv39Gv0e/TY9/XU5/Rw3Kv39/VP9/f1edwD9/UwQZ2f9/f39/Wb9/Wr9Bxog/X9E/f39/TP9/RcOY3VFKf01av17Qzj9PAFg/f0B/Sz9SAkD/f0APP2HRTYDFv0MOVcXS1f9Tv0L/Sz9/YL9/RBa/X79/Xz9RjL9/RL9/Why/f39/f1M/f39air9Mv1cG3iaDP1r/Q4r22ky/RBRfmx6Df1n/f0e/f3wfv19aV8vGAz9eP0B/f39d3D9N/19XSL9QmD9GSM2/QL9/Soc/ddf/Tpe/Vxq/Un9/Uf9/f39X279ICL9/f1ERP39c/1f/f39/UlL/f1E/f39DUb9/c1tXW5U/VP9bQb9cv0u/f39Bg39GzT9aP0V/T1B/Th9/f39I/39ev0ZsSn9Ov39/f39/Tj9C2D9Pv39S/1e/f1z/VX9ST4e/f39/T9v/UkNYy79CP0EAgEcPnxY/Xh3/f0l/f39dP0BTv0r/f0SEf01Bv0x/Wj9Px8IPS4//UdZ/TwD/f39Q/1TCv39PP1KWv0G/f0oIhj9Yf0n/f39AP14/RpPdv39/f39Wv0LMxP9/f1y/S79/f0beB79/Xv9/XH9/ag/n2U+/TH9/Vn9/Vnw/f39/TINPP39BP39Xj39Wv1HRERENP0wDP16/RYvHf0HEF92Npv9/Rn9XBprKhP9ZzQQYFAq/Un9Cf0sNSEYE1Ysf/0z/f39/RtE/Tf9/dz9Z/1h/U39Gv0+/f1i/f11/Vn9eWYdIv0d/f39URt4Gv0K/Rz9GRo5NUY9/Sf9/XP9Qf1S/f1RcnX9Wisb/RERERH9BQb9Mf1TCv39aP39Hf0BT/0X/UEp/f0rMmz9Wf3EViH9VP0B/f0N/Udj/f1ZvUM9ZP39B/39PwD9/f18/R79bAb9WAr9/UMlIP0G/f39/f39QAP9Wxf9Qk9I/UR1ICpif38AAP0i/f0ACP39aCoS/f39Nf39/f0LZ/0K/Xh+IP39Q3j9cHz9/WorPllm/T39Y/0P/f06AABf/V/9af39fP39/f39XH4c/Wj9/VUIWGhj/Wb9HFNhZ0YA/TT9/YIKVP39BR9HJj79/f39TgD9/f0W/VoL/f1GREREVCj9HU39/WED/XD9Zv39WDT9KgQEYyI+/f0YaEL9/Sw51EH9/VllJv1VZkJ/OP0o/f0fbP0Z/f39/f1h/f0H/VL9Wlt8/WZ6Hv10/Tj9/Qb9/Uj9YEUMcjFQ/Uz9EBhm/f39/f0QA00BLP1r/WFvAP39CP0DYVRI/S5s/XT9oR4oY/39LB1m/RJL/f1YWm79KxxF/f03/UH9LxrH/V58/f1F/UT9LT5zU/0Z/WIIM/39KP0mZv39d/39/f1obDH9FED9Tf0Pe/39KXY5fFhZbU05RyEAMf1c/Sxq/WD9PlAETQ4fWv1+/f39/R39/f0THv19g1L9Cv02Axb9/f1r/T39Zv0AAA39SURBVP39VVNS/RlWNyMiIiIaW1P9/Wf9TDP9YFUr/Qr9/SQTaBr9Rv39/QES/Wb9Zmj9aFRYXmn9/UoL/QNh/SQKCjhDUQD9Hjf7/f39/UZV/f1N/f0AYxEo/f1AdTP9Uv0c/f39/UNERERU/RhoCv0SPf12ef2w/T/9ef39/WwaJUwqAf39QP0Z/VH9/UL9RkX9GhdUWf39D/39/UP9z/1wPP10/f39/f39ev0L/Q0a/f0M/f39R/39Nln9BCM4/f17VG/9/RkiIiL9/f1AUyD9dh39dnkBF/39HGgA/VT9/ScS/XsxEf39/f1a/Ub9iv39Vhz9/f39/f0vGv1ycf0X/VFfCC8fd2L9Sf16/QH9Vj39Rf39/VT9/f1I/f39Cv39/UD9agVmGlVo/Ub9/f1jdUxM/U1iav39Zv39NB39ShD9Uhf9/QQBSv39/Ron/Vr9Uv14TBD9Sjov/f1KIR79Bv1TKv39STz9OC/9/Skz/Rr9MGr9av0N/TxB/Th9/f39I/39/Xb9E/0hTxD9/Tow7EP9Tf39BWr9WSj9Ev1n/WoF/Rv9/UVEREQ0/f39/f0a/Qb9e/0A/Rb9D/39GP0dV/39byYi/f1EAWD9WgUNUgr9/Sk1IP39/f1m/ScSQ18g/f1QBAP9/QcaeG4SHP1vo/0Wb/1ZDv1C/f39Gmz9aUZKRERENP0x/RRQ/VX9TUf9Xzc5UgP9PP0OOv39SAz9/WI8/f0k/RP9Jz0WFf1ILP11ODZ2/Scq/f0N/UA0DxcURUAQEBX9/W4/dv39UCsE/Vh0/f0ZMF9iSf1E/Tz9/Vn1yP39/Rgx/RT9RiH9qkX9K/0j/RD9/ShsGv39/Rr9DjX9/f0IRxIhZzD9Bv39MV8YB/0DOP0NDAUgQf0gAiJE/f0o/ShhaBAT/f39YQEq/f39/f0BQv0E/f1sVCL9AAD9MRH9Tj/9/X79AhZa/T1uZv39Y3P9QP0p/SlR/VP9cjYRERER/QMDTf01/XVodQUB/f39LP0w/f0eKgFQKQUA/f0T/ST9/W9wSVT9av0S/XY9/W0a/f1Y/Wwo/WBY/f1/LSQC/Qh/VP1RXxhHPCH9Bv39C0RFfP39/WP9Dwb9Av02Pf0G/TBO/Ub9Bzz9/f1C/f0hIiIiKhwG/QL9b/1A/RAQ/f39/f0d/UADAP1I/f1N/f03WEY4/U39/SL9Dv39ev00Y1NOeShYAQP9Sk5j/TE/GkP9M/0W/R9H/f0G/f1oDB/9ev1h/Rdm/RJ1/f39Tf1+/f14Sf1u/f0zRERERP39QDMOGv06/f39Kxz9UV8I/Q39/XUI/UT9/f1ocv39/Q39HP0p/Uv9Gv39CVv9S/1U/f1SHf0o/f0bEf39DP39GUD9Px5u/f1R/f39/f09Hv00Sv1bDf39/VH9G/1wE0n9AwL9/QYV/f39/W/9/f39aP39/f1qJ/39QAP9e/39Gmj9/QNocv0G/VT9bP1F/Qb9DjX9/f1cS/1RJWBJ/R5L/f1w/WP9cBNEdyAebv39KP06T/1O/f1M/UL9QEb9AVZ1Yf39/XP9B/0j/f0MERERUWExDP0q/QpW/QL9cAz9Th8uPVb9Nb0hNDt9aHP9Bv1uJP1hUP39/Uf9TTsp/Vha/Qr9XW79/f0GOEIxNDn9aHEFV/1z/RP9YHv9G/soKVFv4/1u/Uk1/f0l/f39/W39Uf39/f39aP1g/Rkn/f1ly3BMRP3fVg/9/WAETQ4f/f0+/SU2/f1q/Vhk4W79ZRIve/1rFDj9iP0q/f0ORP39DP39Gf0rHAMAdAX9/f0M/U43TjFoUP0oKGAY/XAT/f39/Q4AAP39/Sn9PzwSERERFRMG/XH9YP1hS/0XQHxZXP39Jm39/f39b1AK/f39/WDhWj/9Xv0K/QoVVSpcUGX9cV8ELf0AWv0BeCL9Wf1j/RD9/UJ4/Qsz/Vr9/f39/Rr9FjxaXUP9/f0M/f39/f39O/0JrFZg/VH9dm8Y/f0D/UVjMCRKJg9s/W92/XBYYnP9ShBQY2D9/f08c3H9GUv9DCpMM/1wUf0J/f0IWv1+/f39/SX9/Xv9aP0G/f39E3P9Wv1bDVho/UP90v39/WZKAUX9R/39/f1oMmD9GUf9dj29/Vn9XX0+NSo0O339/f1DYlsMZv39aP39UWv9QD0J/Uz9/UYVZhr9WHX9GQc9Yf04/f39CiH9PH/9P/0D/UE8fwEa/Q79NgMWWP1QZf39/f0GA2f9Rf1TMCIiIiL9/TAM/Vr9Bv39AVEReP39JXlO/U79/RIyYyb9af0c/RpzTGr9/Q79df39/Qpg/Ts0WP1s/Tv9Pf0AAv39/XBTYxn9/UxTUjEANv0kIiIiGh8MNP1I/RD9/f39/Xc3/XH9ZwD9/f39PXH9Y/0S/UX9/f39TU0yEv1K/f39YRn9af0oJxD9CP1uKv0iOQEKLf0B/TYL/f1KCCj9Cv39Kv0I/Thx/T/9LkwMNHZiB/39/U79S/1m/Vl+ZClSbn/9Tz0W/X79/Wz9Wv39/f14YXQo/f39ewRx/f1t/WL9Wf39Xv1Xd/1j/f0eX/1d/W4vYv39/f39/Wj9S/39/Rd4/Qz9fXL9/f39Biv9/f39DAAgCUH9/f39YCwu/f39/UgtXmgN/f1w/Usi/Rb9Uv39SD39RnlLf/1I/f1a/f39RkRE/W/9/f39K/39/Rj9/WP9+P08/RMu/Tf9/f1d/XMj/WoGAEhF/ST9/Xht/Rn9N/2//f0ZKP1i/VX9/VY9t3v9/f1GfP1Z/Rv9O/39/U79bkv9bkv9ajl+/Wr9Rnd7/f39bgYA/f39Kf0z/f1fGP1yKY39/f1oPVb9/f39/R79/f39/f1WREQsb23HN/13/W9USjF5/T8jAP1U/U8M/Wj9/XH9eHFsMP1t/f39Wix2/f0//Vv9/Q86DAAAICVBAwdw/Vr9/cf9/Ucz/R1//f0W/UtrTjcDAEhM/f0hNQf9cf39Rv1//f16FAD9/V45/QAAAAD9S/0AAAD9EjQAAED9BA0AAP0tQQMAAGRL/QAAAP0SNAAAQP39QwMAAP0sb3X9/UY3/RgPGCz9Y/1e/Wr9/Xr9RxI0AABw/Tr9/f39B1/9/f39HmVfIwP9eHthJl79aP0e/Sw5AwD9Y/3/KHT9REQsbXb9dx98GX8p/f39BgAA/f1fb0v9/VZS/XFgf1r9d/0RHkr9AAD9Mf39/U/9RERc/f1ubP0e/SEEDQAAHP39bv39YG/9Xv0R/SVoAAD9bAkaAAAgW/0GAAAW/QEAAP0laAAA/WwJGgAAIFv9BgAAFv0BAAD9JWgAAP1sCRoAACBb/QYAABb9AQAA/SVoAAD9bAkaAAAgW/0GAAAW/QEAAP0laAAA/WwJGgAA/WP9T/395/1S/f39VFMPAAAAPBlnRxpx/T0Z/f1ufP1Z/U/9VlL9dCEBAP0+LFb9/Vf9IiL9NVD9/Rd+Fv1qJf1UR0/9AABA/T1O/f13YTZaA/19X/1IK/0c/RAEDQAAFBX9VP39/QH9f/39ZP39Jycf/f39/Vj9/RE0AABQYP1P/WVv5089/f39E/39/f39/V1pT/1R/VH9/f39AQD9/To7iGsL/f39nv39E/0DP/39fv1PI2gAAP39/f1K/Xth/f3vLf39/f39Wf0J/f39/U8//RE0AABQQP1d/f39Rv39WwM7/f39b1j9/f39/Tr9Uv1+/U8jaAAA/WD9cGZi/U39/U03av1HMkf9XP15af39cf0P/WkEDQAAFP1JVv39/U8f/Vz9SP1e/X08/XH9/X4aQQMAAAUxaD1yU/39Xf0e/f39/f0f/TNz/U8jaAAA/QD9/Ur9e379QP39/Vr9/WkEDQAAFP1hN/0//f39/X4aQQMAAP1/PDP9XP39VFMPAAAAT/13bnwT/f39Jv0YWf0GAAAW/QEAAP0laAAA/Rg9U/1v/Uf9VEo9vgQNAAAc/VP9/Uc4/V/9Dxc6Gv08GwAA/f1fPXMiLk79Uv1xIP1q/f1uChoAADhm/RZm/f39U/39eP39Ri39f2Uu/f04B/39Aj4AAP1ca/0SV9P9/f39/f16N/16/f0j/f1w/RL9PP0RNAAA/f1g/Rz9DVk0/WP9/QEAAP0SNAAAQP0EDQAA/S1BAwAAZEv9AAAA/RI0AABA/Upx/f1k/V4P/UoxUP1UAAD9/f1uN1JFRf17aP16/Vj9dlP9AAAAZP39EQAAIFv9BgAAFv0BAAD9JWgAAP1sCRoAACBb/QYAABb9AQAA/SVoAAD9bAkaAAAgW/0GAAAW/QEAAP0laAAA/WwJGgAAIFv9BgAAFv0BAAD9JWgAAP1sCRoAACBb/QYAABb9AQAA/SVoAAD9bAkaAAAgW/0GAAAW/QEAAP0laAAA/WwJGgAAIFv9BgAAFv0BAAD9JWgAAP1sCRoAACBb/QNfU1D9Cf39DAAAAhZpVFh0WE1MOmNvbS5hZG9iZS54bXAAAAAAADw/eHBhY2tldCBiZWdpbj0n/ycgaWQ9J1c1TTBNcENlaGlIenJlU3pOVGN6a2M5ZCc/Pgo8eDp4bXBtZXRhIHhtbG5zOng9J2Fkb2JlOm5zOm1ldGEvJyB4OnhtcHRrPSdJbWFnZTo6RXhpZlRvb2wgMTAuODAnPgo8cmRmOlJERiB4bWxuczpyZGY9J2h0dHA6Ly93d3cudzMub3JnLzE5OTkvMDIvMjItcmRmLXN5bnRheC1ucyMnPgoKIDxyZGY6RGVzY3JpcHRpb24gcmRmOmFib3V0PScnCiAgeG1sbnM6cGRmPSdodHRwOi8vbnMuYWRvYmUuY29tL3BkZi8xLjMvJz4KICA8cGRmOkF1dGhvcj5TcmlkaXggVGVjaG5vbG9neTwvcGRmOkF1dGhvcj4KIDwvcmRmOkRlc2NyaXB0aW9uPgoKIDxyZGY6RGVzY3JpcHRpb24gcmRmOmFib3V0PScnCiAgeG1sbnM6eG1wPSdodHRwOi8vbnMuYWRvYmUuY29tL3hhcC8xLjAvJz4KICA8eG1wOkNyZWF0b3JUb29sPkNhbnZhPC94bXA6Q3JlYXRvclRvb2w+CiA8L3JkZjpEZXNjcmlwdGlvbj4KPC9yZGY6UkRGPgo8L3g6eG1wbWV0YT4KPD94cGFja2V0IGVuZD0ncic/Pv0eM1EAAAAASUVORP1CYP0=
]]></system-out>
  </testcase>
</testsuite>