<?xml version="1.0" encoding="UTF-8"?>
<!-- Generated by org.testng.reporters.JUnitReportReporter -->
<testsuite hostname="BAKRGOUTH" failures="0" tests="3" name="com.tecnotree.automatiom.File.Upload.Service.Test_001_BDC_PElab_3" time="21.597" errors="0" timestamp="2025-01-30T11:11:51 IST" skipped="0">
  <testcase classname="com.tecnotree.automatiom.File.Upload.Service.Test_001_BDC_PElab_3" name="TAR" time="11.297">
    <system-out>
      <![CDATA[ALL]]>
    </system-out>
  </testcase> <!-- TAR -->
  <testcase classname="com.tecnotree.automatiom.File.Upload.Service.Test_001_BDC_PElab_3" name="JSON" time="5.158">
    <system-out>
      <![CDATA[ALL]]>
    </system-out>
  </testcase> <!-- JSON -->
  <testcase classname="com.tecnotree.automatiom.File.Upload.Service.Test_001_BDC_PElab_3" name="SQl" time="5.142">
    <system-out>
      <![CDATA[ALL]]>
    </system-out>
  </testcase> <!-- SQl -->
  <system-out>
    <![CDATA[ALL
io.restassured.internal.RestAssuredResponseImpl@76a14c8d
io.restassured.path.json.JsonPath@10a18e3e
ALL
ALL
ALL]]>
  </system-out>
</testsuite> <!-- com.tecnotree.automatiom.File.Upload.Service.Test_001_BDC_PElab_3 -->
