<?xml version="1.0" encoding="UTF-8"?>
<!-- Generated by org.testng.reporters.JUnitReportReporter -->
<testsuite hostname="BAKRGOUTH" failures="0" tests="3" name="com.tecnotree.automatiom.File.Upload.Service.Test_012_FolderDoesntExists" time="13.754" errors="0" timestamp="2024-09-11T15:38:11 IST" skipped="0">
  <testcase classname="com.tecnotree.automatiom.File.Upload.Service.Test_012_FolderDoesntExists" name="testMasterDataUpdateLocalIPS" time="1.962"/>
  <system-out>
    <![CDATA[ALL
ALL]]>
  </system-out>
  <testcase classname="com.tecnotree.automatiom.File.Upload.Service.Test_012_FolderDoesntExists" name="testMasterDataUpdateBulkIP" time="2.881"/>
  <system-out>
    <![CDATA[ALL
ALL]]>
  </system-out>
  <testcase classname="com.tecnotree.automatiom.File.Upload.Service.Test_012_FolderDoesntExists" name="testMasterDataUpdateLocalIPAndPort" time="8.911"/>
  <system-out>
    <![CDATA[ALL
ALL]]>
  </system-out>
</testsuite> <!-- com.tecnotree.automatiom.File.Upload.Service.Test_012_FolderDoesntExists -->
