<?xml version="1.0" encoding="UTF-8"?>
<!-- Generated by org.testng.reporters.JUnitReportReporter -->
<testsuite hostname="BAKRGOUTH" failures="0" tests="15" name="com.tecnotree.automatiom.File.Upload.Service.Test_008_port_22_172_SubFolder" time="71.970" errors="0" timestamp="2024-09-11T15:38:11 IST" skipped="0">
  <testcase classname="com.tecnotree.automatiom.File.Upload.Service.Test_008_port_22_172_SubFolder" name="ZIP" time="3.775"/>
  <system-out>
    <![CDATA[ALL]]>
  </system-out>
  <testcase classname="com.tecnotree.automatiom.File.Upload.Service.Test_008_port_22_172_SubFolder" name="BPMN" time="3.730"/>
  <system-out>
    <![CDATA[ALL]]>
  </system-out>
  <testcase classname="com.tecnotree.automatiom.File.Upload.Service.Test_008_port_22_172_SubFolder" name="TXT" time="3.482"/>
  <system-out>
    <![CDATA[ALL]]>
  </system-out>
  <testcase classname="com.tecnotree.automatiom.File.Upload.Service.Test_008_port_22_172_SubFolder" name="DMN" time="3.678"/>
  <system-out>
    <![CDATA[ALL]]>
  </system-out>
  <testcase classname="com.tecnotree.automatiom.File.Upload.Service.Test_008_port_22_172_SubFolder" name="XLX" time="3.493"/>
  <system-out>
    <![CDATA[ALL]]>
  </system-out>
  <testcase classname="com.tecnotree.automatiom.File.Upload.Service.Test_008_port_22_172_SubFolder" name="JPG" time="4.318"/>
  <system-out>
    <![CDATA[ALL]]>
  </system-out>
  <testcase classname="com.tecnotree.automatiom.File.Upload.Service.Test_008_port_22_172_SubFolder" name="SQl" time="4.642"/>
  <system-out>
    <![CDATA[ALL]]>
  </system-out>
  <testcase classname="com.tecnotree.automatiom.File.Upload.Service.Test_008_port_22_172_SubFolder" name="JSON" time="5.025"/>
  <system-out>
    <![CDATA[ALL]]>
  </system-out>
  <testcase classname="com.tecnotree.automatiom.File.Upload.Service.Test_008_port_22_172_SubFolder" name="SevenZFile" time="4.352"/>
  <system-out>
    <![CDATA[ALL]]>
  </system-out>
  <testcase classname="com.tecnotree.automatiom.File.Upload.Service.Test_008_port_22_172_SubFolder" name="CSV" time="4.326"/>
  <system-out>
    <![CDATA[ALL]]>
  </system-out>
  <testcase classname="com.tecnotree.automatiom.File.Upload.Service.Test_008_port_22_172_SubFolder" name="HTML" time="4.805"/>
  <system-out>
    <![CDATA[ALL]]>
  </system-out>
  <testcase classname="com.tecnotree.automatiom.File.Upload.Service.Test_008_port_22_172_SubFolder" name="JPEG" time="4.554"/>
  <system-out>
    <![CDATA[ALL]]>
  </system-out>
  <testcase classname="com.tecnotree.automatiom.File.Upload.Service.Test_008_port_22_172_SubFolder" name="PNG" time="4.209"/>
  <system-out>
    <![CDATA[ALL]]>
  </system-out>
  <testcase classname="com.tecnotree.automatiom.File.Upload.Service.Test_008_port_22_172_SubFolder" name="YMAL" time="3.421"/>
  <system-out>
    <![CDATA[ALL]]>
  </system-out>
  <testcase classname="com.tecnotree.automatiom.File.Upload.Service.Test_008_port_22_172_SubFolder" name="tar" time="14.160"/>
  <system-out>
    <![CDATA[ALL]]>
  </system-out>
</testsuite> <!-- com.tecnotree.automatiom.File.Upload.Service.Test_008_port_22_172_SubFolder -->
