<?xml version="1.0" encoding="UTF-8"?>
<!-- Generated by org.testng.reporters.JUnitReportReporter -->
<testsuite hostname="BAKRGOUTH" failures="0" tests="15" name="com.tecnotree.automatiom.File.Upload.Service.Test_006_port_22_1_wrongPath" time="201.752" errors="0" timestamp="2024-09-11T15:38:11 IST" skipped="0">
  <testcase classname="com.tecnotree.automatiom.File.Upload.Service.Test_006_port_22_1_wrongPath" name="XLX" time="13.411"/>
  <system-out>
    <![CDATA[ALL]]>
  </system-out>
  <testcase classname="com.tecnotree.automatiom.File.Upload.Service.Test_006_port_22_1_wrongPath" name="BPMN" time="12.307"/>
  <system-out>
    <![CDATA[ALL]]>
  </system-out>
  <testcase classname="com.tecnotree.automatiom.File.Upload.Service.Test_006_port_22_1_wrongPath" name="ZIP" time="13.460"/>
  <system-out>
    <![CDATA[ALL]]>
  </system-out>
  <testcase classname="com.tecnotree.automatiom.File.Upload.Service.Test_006_port_22_1_wrongPath" name="TXT" time="12.904"/>
  <system-out>
    <![CDATA[ALL]]>
  </system-out>
  <testcase classname="com.tecnotree.automatiom.File.Upload.Service.Test_006_port_22_1_wrongPath" name="HTML" time="13.202"/>
  <system-out>
    <![CDATA[ALL]]>
  </system-out>
  <testcase classname="com.tecnotree.automatiom.File.Upload.Service.Test_006_port_22_1_wrongPath" name="SQl" time="14.778"/>
  <system-out>
    <![CDATA[ALL]]>
  </system-out>
  <testcase classname="com.tecnotree.automatiom.File.Upload.Service.Test_006_port_22_1_wrongPath" name="PNG" time="12.835"/>
  <system-out>
    <![CDATA[ALL]]>
  </system-out>
  <testcase classname="com.tecnotree.automatiom.File.Upload.Service.Test_006_port_22_1_wrongPath" name="YMAL" time="12.786"/>
  <system-out>
    <![CDATA[ALL]]>
  </system-out>
  <testcase classname="com.tecnotree.automatiom.File.Upload.Service.Test_006_port_22_1_wrongPath" name="JSON" time="13.489"/>
  <system-out>
    <![CDATA[ALL]]>
  </system-out>
  <testcase classname="com.tecnotree.automatiom.File.Upload.Service.Test_006_port_22_1_wrongPath" name="CSV" time="13.003"/>
  <system-out>
    <![CDATA[ALL]]>
  </system-out>
  <testcase classname="com.tecnotree.automatiom.File.Upload.Service.Test_006_port_22_1_wrongPath" name="DMN" time="13.366"/>
  <system-out>
    <![CDATA[ALL]]>
  </system-out>
  <testcase classname="com.tecnotree.automatiom.File.Upload.Service.Test_006_port_22_1_wrongPath" name="tar" time="18.026"/>
  <system-out>
    <![CDATA[ALL]]>
  </system-out>
  <testcase classname="com.tecnotree.automatiom.File.Upload.Service.Test_006_port_22_1_wrongPath" name="JPG" time="13.508"/>
  <system-out>
    <![CDATA[ALL]]>
  </system-out>
  <testcase classname="com.tecnotree.automatiom.File.Upload.Service.Test_006_port_22_1_wrongPath" name="SevenZFile" time="12.346"/>
  <system-out>
    <![CDATA[ALL]]>
  </system-out>
  <testcase classname="com.tecnotree.automatiom.File.Upload.Service.Test_006_port_22_1_wrongPath" name="JPEG" time="12.331"/>
  <system-out>
    <![CDATA[ALL]]>
  </system-out>
</testsuite> <!-- com.tecnotree.automatiom.File.Upload.Service.Test_006_port_22_1_wrongPath -->
