<?xml version="1.0" encoding="UTF-8"?>
<!-- Generated by org.testng.reporters.JUnitReportReporter -->
<testsuite hostname="BAKRGOUTH" failures="0" tests="1" name="com.tecnotree.automatiom.File.Upload.Service.Test_002_port_22_172" time="5.229" errors="0" timestamp="2025-01-29T14:44:29 IST" skipped="0">
  <testcase classname="com.tecnotree.automatiom.File.Upload.Service.Test_002_port_22_172" name="JSON" time="5.229"/>
  <system-out>
    <![CDATA[ALL]]>
  </system-out>
</testsuite> <!-- com.tecnotree.automatiom.File.Upload.Service.Test_002_port_22_172 -->
