<?xml version="1.0" encoding="UTF-8"?>
<!-- Generated by org.testng.reporters.JUnitReportReporter -->
<testsuite hostname="BAKRGOUTH" failures="0" tests="1" name="test.TEST001" time="0.017" errors="0" timestamp="2024-08-13T23:51:33 IST" skipped="0">
  <testcase classname="test.TEST001" name="test11" time="0.017"/>
  <system-out/>
</testsuite> <!-- test.TEST001 -->
