<?xml version="1.0" encoding="UTF-8"?>
<!-- Generated by org.testng.reporters.JUnitReportReporter -->
<testsuite hostname="BAKRGOUTH" failures="0" tests="3" name="com.tecnotree.automatiom.File.Upload.Service.Test_001_BDC_PElab_3" time="20.140" errors="0" timestamp="2025-01-30T10:54:51 IST" skipped="0">
  <testcase classname="com.tecnotree.automatiom.File.Upload.Service.Test_001_BDC_PElab_3" name="SQl" time="5.007"/>
  <system-out>
    <![CDATA[ALL]]>
  </system-out>
  <testcase classname="com.tecnotree.automatiom.File.Upload.Service.Test_001_BDC_PElab_3" name="JSON" time="4.933"/>
  <system-out>
    <![CDATA[ALL]]>
  </system-out>
  <testcase classname="com.tecnotree.automatiom.File.Upload.Service.Test_001_BDC_PElab_3" name="TAR" time="10.200"/>
  <system-out>
    <![CDATA[ALL]]>
  </system-out>
</testsuite> <!-- com.tecnotree.automatiom.File.Upload.Service.Test_001_BDC_PElab_3 -->
