<?xml version="1.0" encoding="UTF-8"?>
<!-- Generated by org.testng.reporters.JUnitReportReporter -->
<testsuite hostname="BAKRGOUTH" failures="0" tests="3" name="com.tecnotree.automatiom.File.Upload.Service.Test_011_SubFolderDoesntExists" time="14.562" errors="0" timestamp="2024-09-11T15:38:11 IST" skipped="0">
  <testcase classname="com.tecnotree.automatiom.File.Upload.Service.Test_011_SubFolderDoesntExists" name="testMasterDataUpdateBulkIP" time="3.128"/>
  <system-out>
    <![CDATA[ALL
ALL]]>
  </system-out>
  <testcase classname="com.tecnotree.automatiom.File.Upload.Service.Test_011_SubFolderDoesntExists" name="testMasterDataUpdateLocalIPS" time="2.029"/>
  <system-out>
    <![CDATA[ALL
ALL]]>
  </system-out>
  <testcase classname="com.tecnotree.automatiom.File.Upload.Service.Test_011_SubFolderDoesntExists" name="testMasterDataUpdateLocalIPAndPort" time="9.405"/>
  <system-out>
    <![CDATA[ALL
ALL]]>
  </system-out>
</testsuite> <!-- com.tecnotree.automatiom.File.Upload.Service.Test_011_SubFolderDoesntExists -->
