<?xml version="1.0" encoding="UTF-8"?>
<!-- Generated by org.testng.reporters.JUnitReportReporter -->
<testsuite hostname="BAKRGOUTH" failures="0" tests="15" name="com.tecnotree.automatiom.File.Upload.Service.Test_009_port_22_1_SubFolder" time="211.748" errors="0" timestamp="2024-09-11T15:38:10 IST" skipped="0">
  <testcase classname="com.tecnotree.automatiom.File.Upload.Service.Test_009_port_22_1_SubFolder" name="XLX" time="11.426"/>
  <system-out>
    <![CDATA[ALL]]>
  </system-out>
  <testcase classname="com.tecnotree.automatiom.File.Upload.Service.Test_009_port_22_1_SubFolder" name="YMAL" time="11.335"/>
  <system-out>
    <![CDATA[ALL]]>
  </system-out>
  <testcase classname="com.tecnotree.automatiom.File.Upload.Service.Test_009_port_22_1_SubFolder" name="HTML" time="12.128"/>
  <system-out>
    <![CDATA[ALL]]>
  </system-out>
  <testcase classname="com.tecnotree.automatiom.File.Upload.Service.Test_009_port_22_1_SubFolder" name="DMN" time="12.628"/>
  <system-out>
    <![CDATA[ALL]]>
  </system-out>
  <testcase classname="com.tecnotree.automatiom.File.Upload.Service.Test_009_port_22_1_SubFolder" name="JPG" time="11.968"/>
  <system-out>
    <![CDATA[ALL]]>
  </system-out>
  <testcase classname="com.tecnotree.automatiom.File.Upload.Service.Test_009_port_22_1_SubFolder" name="JPEG" time="11.687"/>
  <system-out>
    <![CDATA[ALL]]>
  </system-out>
  <testcase classname="com.tecnotree.automatiom.File.Upload.Service.Test_009_port_22_1_SubFolder" name="JSON" time="26.091"/>
  <system-out>
    <![CDATA[ALL]]>
  </system-out>
  <testcase classname="com.tecnotree.automatiom.File.Upload.Service.Test_009_port_22_1_SubFolder" name="ZIP" time="11.563"/>
  <system-out>
    <![CDATA[ALL]]>
  </system-out>
  <testcase classname="com.tecnotree.automatiom.File.Upload.Service.Test_009_port_22_1_SubFolder" name="TXT" time="11.286"/>
  <system-out>
    <![CDATA[ALL]]>
  </system-out>
  <testcase classname="com.tecnotree.automatiom.File.Upload.Service.Test_009_port_22_1_SubFolder" name="PNG" time="11.984"/>
  <system-out>
    <![CDATA[ALL]]>
  </system-out>
  <testcase classname="com.tecnotree.automatiom.File.Upload.Service.Test_009_port_22_1_SubFolder" name="BPMN" time="12.943"/>
  <system-out>
    <![CDATA[ALL]]>
  </system-out>
  <testcase classname="com.tecnotree.automatiom.File.Upload.Service.Test_009_port_22_1_SubFolder" name="SevenZFile" time="11.504"/>
  <system-out>
    <![CDATA[ALL]]>
  </system-out>
  <testcase classname="com.tecnotree.automatiom.File.Upload.Service.Test_009_port_22_1_SubFolder" name="SQl" time="25.763"/>
  <system-out>
    <![CDATA[ALL]]>
  </system-out>
  <testcase classname="com.tecnotree.automatiom.File.Upload.Service.Test_009_port_22_1_SubFolder" name="CSV" time="12.381"/>
  <system-out>
    <![CDATA[ALL]]>
  </system-out>
  <testcase classname="com.tecnotree.automatiom.File.Upload.Service.Test_009_port_22_1_SubFolder" name="tar" time="17.061"/>
  <system-out>
    <![CDATA[ALL]]>
  </system-out>
</testsuite> <!-- com.tecnotree.automatiom.File.Upload.Service.Test_009_port_22_1_SubFolder -->
